TpTrace Verbose: 0 : 7324, 1, 2024/06/05, 20:41:39.705, 845221228020, vstest.console.dll, Version: 17.9.0-release-24072-02 Current process architecture: X64
TpTrace Verbose: 0 : 7324, 1, 2024/06/05, 20:41:39.708, 845221259892, vstest.console.dll, Runtime location: C:\Program Files\dotnet\shared\Microsoft.NETCore.App\8.0.4
TpTrace Verbose: 0 : 7324, 1, 2024/06/05, 20:41:39.711, 845221280966, vstest.console.dll, ArtifactProcessingPostProcessModeProcessorExecutor.Initialize: ArtifactProcessingMode.Collect
TpTrace Verbose: 0 : 7324, 1, 2024/06/05, 20:41:39.711, 845221282058, vstest.console.dll, TestSessionCorrelationIdProcessorModeProcessorExecutor.Initialize: TestSessionCorrelationId '12552_d738533f-5cb4-41fb-829d-a65ac63792a2'
TpTrace Information: 0 : 7324, 1, 2024/06/05, 20:41:39.719, 845221368203, vstest.console.dll, FilePatternParser: The given file C:\Users\VC\Downloads\Daily_progress\Mini_Project\VideoStoreManagmentSoln\Testing\bin\Debug\net6.0\fine-code-coverage\build-output\Testing.dll is a full path.
TpTrace Verbose: 0 : 7324, 1, 2024/06/05, 20:41:39.724, 845221412576, vstest.console.dll, TestPluginCache.DiscoverTestExtensions: finding test extensions in assemblies ends with: RuntimeProvider.dll TPluginInfo: Microsoft.VisualStudio.TestPlatform.Common.ExtensionFramework.Utilities.TestRuntimePluginInformation TExtension: Microsoft.VisualStudio.TestPlatform.ObjectModel.Host.ITestRuntimeProvider
TpTrace Verbose: 0 : 7324, 1, 2024/06/05, 20:41:39.724, 845221415846, vstest.console.dll, TestPluginCache.GetExtensionPaths: Filtered extension paths: 
TpTrace Verbose: 0 : 7324, 1, 2024/06/05, 20:41:39.724, 845221416703, vstest.console.dll, TestPluginCache.GetExtensionPaths: Added default extension paths: C:\Program Files\dotnet\sdk\8.0.204\Extensions\Microsoft.Diagnostics.NETCore.Client.dll
C:\Program Files\dotnet\sdk\8.0.204\Extensions\Microsoft.TestPlatform.Extensions.BlameDataCollector.dll
C:\Program Files\dotnet\sdk\8.0.204\Extensions\Microsoft.TestPlatform.Extensions.EventLogCollector.dll
C:\Program Files\dotnet\sdk\8.0.204\Extensions\Microsoft.TestPlatform.TestHostRuntimeProvider.dll
C:\Program Files\dotnet\sdk\8.0.204\Extensions\Microsoft.VisualStudio.TestPlatform.Extensions.Html.TestLogger.dll
C:\Program Files\dotnet\sdk\8.0.204\Extensions\Microsoft.VisualStudio.TestPlatform.Extensions.Trx.TestLogger.dll
TpTrace Verbose: 0 : 7324, 1, 2024/06/05, 20:41:39.724, 845221417128, vstest.console.dll, TestPluginCache.GetExtensionPaths: Added unfilterableExtensionPaths: 
TpTrace Information: 0 : 7324, 1, 2024/06/05, 20:41:39.725, 845221421868, vstest.console.dll, AssemblyResolver.ctor: Creating AssemblyResolver with searchDirectories C:\Program Files\dotnet\sdk\8.0.204\Extensions,C:\Program Files\dotnet\sdk\8.0.204
TpTrace Verbose: 0 : 7324, 1, 2024/06/05, 20:41:39.726, 845221434658, vstest.console.dll, TestPluginCache.DiscoverTestExtensions: Discovering the extensions using extension path.
TpTrace Verbose: 0 : 7324, 1, 2024/06/05, 20:41:39.726, 845221435896, vstest.console.dll, TestPluginCache.GetExtensionPaths: Filtered extension paths: 
TpTrace Verbose: 0 : 7324, 1, 2024/06/05, 20:41:39.726, 845221436341, vstest.console.dll, TestPluginCache.GetExtensionPaths: Added default extension paths: C:\Program Files\dotnet\sdk\8.0.204\Extensions\Microsoft.Diagnostics.NETCore.Client.dll
C:\Program Files\dotnet\sdk\8.0.204\Extensions\Microsoft.TestPlatform.Extensions.BlameDataCollector.dll
C:\Program Files\dotnet\sdk\8.0.204\Extensions\Microsoft.TestPlatform.Extensions.EventLogCollector.dll
C:\Program Files\dotnet\sdk\8.0.204\Extensions\Microsoft.TestPlatform.TestHostRuntimeProvider.dll
C:\Program Files\dotnet\sdk\8.0.204\Extensions\Microsoft.VisualStudio.TestPlatform.Extensions.Html.TestLogger.dll
C:\Program Files\dotnet\sdk\8.0.204\Extensions\Microsoft.VisualStudio.TestPlatform.Extensions.Trx.TestLogger.dll
TpTrace Verbose: 0 : 7324, 1, 2024/06/05, 20:41:39.726, 845221436678, vstest.console.dll, TestPluginCache.GetExtensionPaths: Added unfilterableExtensionPaths: 
TpTrace Verbose: 0 : 7324, 1, 2024/06/05, 20:41:39.726, 845221437207, vstest.console.dll, TestPluginCache.DiscoverTestExtensions: Discovering the extensions using allExtensionPaths: C:\Program Files\dotnet\sdk\8.0.204\Extensions\Microsoft.Diagnostics.NETCore.Client.dll
C:\Program Files\dotnet\sdk\8.0.204\Extensions\Microsoft.TestPlatform.Extensions.BlameDataCollector.dll
C:\Program Files\dotnet\sdk\8.0.204\Extensions\Microsoft.TestPlatform.Extensions.EventLogCollector.dll
C:\Program Files\dotnet\sdk\8.0.204\Extensions\Microsoft.TestPlatform.TestHostRuntimeProvider.dll
C:\Program Files\dotnet\sdk\8.0.204\Extensions\Microsoft.VisualStudio.TestPlatform.Extensions.Html.TestLogger.dll
C:\Program Files\dotnet\sdk\8.0.204\Extensions\Microsoft.VisualStudio.TestPlatform.Extensions.Trx.TestLogger.dll
TpTrace Information: 0 : 7324, 1, 2024/06/05, 20:41:39.726, 845221438548, vstest.console.dll, AssemblyResolver.AddSearchDirectories: Adding more searchDirectories C:\Program Files\dotnet\sdk\8.0.204\Extensions,C:\Program Files\dotnet\sdk\8.0.204
TpTrace Information: 0 : 7324, 1, 2024/06/05, 20:41:39.726, 845221439098, vstest.console.dll, AssemblyResolver.AddSearchDirectories: Adding more searchDirectories C:\Program Files\dotnet\sdk\8.0.204\Extensions,C:\Program Files\dotnet\sdk\8.0.204
TpTrace Information: 0 : 7324, 1, 2024/06/05, 20:41:39.726, 845221439413, vstest.console.dll, AssemblyResolver.AddSearchDirectories: Adding more searchDirectories C:\Program Files\dotnet\sdk\8.0.204\Extensions,C:\Program Files\dotnet\sdk\8.0.204
TpTrace Information: 0 : 7324, 1, 2024/06/05, 20:41:39.726, 845221439699, vstest.console.dll, AssemblyResolver.AddSearchDirectories: Adding more searchDirectories C:\Program Files\dotnet\sdk\8.0.204\Extensions,C:\Program Files\dotnet\sdk\8.0.204
TpTrace Information: 0 : 7324, 1, 2024/06/05, 20:41:39.726, 845221439983, vstest.console.dll, AssemblyResolver.AddSearchDirectories: Adding more searchDirectories C:\Program Files\dotnet\sdk\8.0.204\Extensions,C:\Program Files\dotnet\sdk\8.0.204
TpTrace Information: 0 : 7324, 1, 2024/06/05, 20:41:39.726, 845221440265, vstest.console.dll, AssemblyResolver.AddSearchDirectories: Adding more searchDirectories C:\Program Files\dotnet\sdk\8.0.204\Extensions,C:\Program Files\dotnet\sdk\8.0.204
TpTrace Information: 0 : 7324, 1, 2024/06/05, 20:41:39.727, 845221444531, vstest.console.dll, AssemblyResolver.OnResolve: Microsoft.Diagnostics.NETCore.Client: Resolving assembly.
TpTrace Information: 0 : 7324, 1, 2024/06/05, 20:41:39.727, 845221445372, vstest.console.dll, AssemblyResolver.OnResolve: Microsoft.Diagnostics.NETCore.Client: Searching in: 'C:\Program Files\dotnet\sdk\8.0.204\Extensions'.
TpTrace Information: 0 : 7324, 1, 2024/06/05, 20:41:39.733, 845221503404, vstest.console.dll, AssemblyResolver.OnResolve: Microsoft.Diagnostics.NETCore.Client: Loading assembly 'C:\Program Files\dotnet\sdk\8.0.204\Extensions\Microsoft.Diagnostics.NETCore.Client.dll'.
TpTrace Information: 0 : 7324, 1, 2024/06/05, 20:41:39.733, 845221509096, vstest.console.dll, AssemblyResolver.OnResolve: Resolved assembly: Microsoft.Diagnostics.NETCore.Client, from path: C:\Program Files\dotnet\sdk\8.0.204\Extensions\Microsoft.Diagnostics.NETCore.Client.dll
TpTrace Verbose: 0 : 7324, 1, 2024/06/05, 20:41:39.737, 845221542329, vstest.console.dll, MetadataReaderExtensionsHelper: Discovering extensions inside assembly 'Microsoft.Diagnostics.NETCore.Client, Version=0.2.9.2401, Culture=neutral, PublicKeyToken=31bf3856ad364e35' file path 'C:\Program Files\dotnet\sdk\8.0.204\Extensions\Microsoft.Diagnostics.NETCore.Client.dll'
TpTrace Information: 0 : 7324, 1, 2024/06/05, 20:41:39.740, 845221571657, vstest.console.dll, AssemblyResolver.OnResolve: Microsoft.Bcl.AsyncInterfaces: Resolving assembly.
TpTrace Information: 0 : 7324, 1, 2024/06/05, 20:41:39.740, 845221572302, vstest.console.dll, AssemblyResolver.OnResolve: Microsoft.Bcl.AsyncInterfaces: Searching in: 'C:\Program Files\dotnet\sdk\8.0.204\Extensions'.
TpTrace Information: 0 : 7324, 1, 2024/06/05, 20:41:39.740, 845221572841, vstest.console.dll, AssemblyResolver.OnResolve: Microsoft.Bcl.AsyncInterfaces: Assembly path does not exist: 'C:\Program Files\dotnet\sdk\8.0.204\Extensions\Microsoft.Bcl.AsyncInterfaces.dll', returning.
TpTrace Information: 0 : 7324, 1, 2024/06/05, 20:41:39.740, 845221573617, vstest.console.dll, AssemblyResolver.OnResolve: Microsoft.Bcl.AsyncInterfaces: Assembly path does not exist: 'C:\Program Files\dotnet\sdk\8.0.204\Extensions\Microsoft.Bcl.AsyncInterfaces.exe', returning.
TpTrace Information: 0 : 7324, 1, 2024/06/05, 20:41:39.740, 845221573892, vstest.console.dll, AssemblyResolver.OnResolve: Microsoft.Bcl.AsyncInterfaces: Searching in: 'C:\Program Files\dotnet\sdk\8.0.204'.
TpTrace Information: 0 : 7324, 1, 2024/06/05, 20:41:39.740, 845221574275, vstest.console.dll, AssemblyResolver.OnResolve: Microsoft.Bcl.AsyncInterfaces: Assembly path does not exist: 'C:\Program Files\dotnet\sdk\8.0.204\Microsoft.Bcl.AsyncInterfaces.dll', returning.
TpTrace Information: 0 : 7324, 1, 2024/06/05, 20:41:39.740, 845221574588, vstest.console.dll, AssemblyResolver.OnResolve: Microsoft.Bcl.AsyncInterfaces: Assembly path does not exist: 'C:\Program Files\dotnet\sdk\8.0.204\Microsoft.Bcl.AsyncInterfaces.exe', returning.
TpTrace Information: 0 : 7324, 1, 2024/06/05, 20:41:39.740, 845221574867, vstest.console.dll, AssemblyResolver.OnResolve: Microsoft.Bcl.AsyncInterfaces: Failed to load assembly.
TpTrace Verbose: 0 : 7324, 1, 2024/06/05, 20:41:39.740, 845221575142, vstest.console.dll, CurrentDomainAssemblyResolve: Resolving assembly 'Microsoft.Bcl.AsyncInterfaces'.
TpTrace Information: 0 : 7324, 1, 2024/06/05, 20:41:39.740, 845221575554, vstest.console.dll, AssemblyResolver.OnResolve: Microsoft.Bcl.AsyncInterfaces: Resolving assembly.
TpTrace Information: 0 : 7324, 1, 2024/06/05, 20:41:39.740, 845221575825, vstest.console.dll, AssemblyResolver.OnResolve: Microsoft.Bcl.AsyncInterfaces: Resolved from cache.
TpTrace Verbose: 0 : 7324, 1, 2024/06/05, 20:41:39.740, 845221576034, vstest.console.dll, CurrentDomainAssemblyResolve: Resolving assembly 'Microsoft.Bcl.AsyncInterfaces'.
TpTrace Verbose: 0 : 7324, 1, 2024/06/05, 20:41:39.740, 845221576353, vstest.console.dll, CurrentDomainAssemblyResolve: Failed to resolve assembly 'Microsoft.Bcl.AsyncInterfaces'.
TpTrace Verbose: 0 : 7324, 1, 2024/06/05, 20:41:39.741, 845221580602, vstest.console.dll, CurrentDomainAssemblyResolve: Failed to resolve assembly 'Microsoft.Bcl.AsyncInterfaces'.
TpTrace Warning: 0 : 7324, 1, 2024/06/05, 20:41:39.748, 845221656133, vstest.console.dll, TestPluginDiscoverer: Failed to get types from assembly 'Microsoft.Diagnostics.NETCore.Client, Version=0.2.9.2401, Culture=neutral, PublicKeyToken=31bf3856ad364e35'. Error: System.Reflection.ReflectionTypeLoadException: Unable to load one or more of the requested types.
Could not load file or assembly 'Microsoft.Bcl.AsyncInterfaces, Version=6.0.0.0, Culture=neutral, PublicKeyToken=cc7b13ffcd2ddd51'. The system cannot find the file specified.
   at System.Reflection.RuntimeModule.GetTypes(RuntimeModule module)
   at System.Reflection.RuntimeModule.GetTypes()
   at Microsoft.VisualStudio.TestPlatform.Common.ExtensionFramework.TestPluginDiscoverer.GetTestExtensionsFromAssembly[TPluginInfo,TExtension](Assembly assembly, Dictionary`2 pluginInfos, String filePath) in /_/src/Microsoft.TestPlatform.Common/ExtensionFramework/TestPluginDiscoverer.cs:line 158
System.IO.FileNotFoundException: Could not load file or assembly 'Microsoft.Bcl.AsyncInterfaces, Version=6.0.0.0, Culture=neutral, PublicKeyToken=cc7b13ffcd2ddd51'. The system cannot find the file specified.
File name: 'Microsoft.Bcl.AsyncInterfaces, Version=6.0.0.0, Culture=neutral, PublicKeyToken=cc7b13ffcd2ddd51'
 ---> System.IO.FileNotFoundException: Could not load file or assembly 'Microsoft.Bcl.AsyncInterfaces, Culture=neutral, PublicKeyToken=null'. The system cannot find the file specified.
File name: 'Microsoft.Bcl.AsyncInterfaces, Culture=neutral, PublicKeyToken=null'
   at System.Reflection.RuntimeAssembly.InternalLoad(AssemblyName assemblyName, StackCrawlMark& stackMark, AssemblyLoadContext assemblyLoadContext, RuntimeAssembly requestingAssembly, Boolean throwOnFileNotFound)
   at System.Reflection.Assembly.Load(AssemblyName assemblyRef)
   at Microsoft.VisualStudio.TestPlatform.Common.ExtensionFramework.TestPluginCache.CurrentDomainAssemblyResolve(Object sender, AssemblyResolveEventArgs args) in /_/src/Microsoft.TestPlatform.Common/ExtensionFramework/TestPluginCache.cs:line 513
   at System.Runtime.Loader.AssemblyLoadContext.GetFirstResolvedAssemblyFromResolvingEvent(AssemblyName assemblyName)
   at System.Runtime.Loader.AssemblyLoadContext.ResolveUsingEvent(AssemblyName assemblyName)
   at System.Runtime.Loader.AssemblyLoadContext.ResolveUsingResolvingEvent(IntPtr gchManagedAssemblyLoadContext, AssemblyName assemblyName)
TpTrace Warning: 0 : 7324, 1, 2024/06/05, 20:41:39.748, 845221659391, vstest.console.dll, LoaderExceptions: System.IO.FileNotFoundException: Could not load file or assembly 'Microsoft.Bcl.AsyncInterfaces, Version=6.0.0.0, Culture=neutral, PublicKeyToken=cc7b13ffcd2ddd51'. The system cannot find the file specified.
File name: 'Microsoft.Bcl.AsyncInterfaces, Version=6.0.0.0, Culture=neutral, PublicKeyToken=cc7b13ffcd2ddd51'
 ---> System.IO.FileNotFoundException: Could not load file or assembly 'Microsoft.Bcl.AsyncInterfaces, Culture=neutral, PublicKeyToken=null'. The system cannot find the file specified.
File name: 'Microsoft.Bcl.AsyncInterfaces, Culture=neutral, PublicKeyToken=null'
   at System.Reflection.RuntimeAssembly.InternalLoad(AssemblyName assemblyName, StackCrawlMark& stackMark, AssemblyLoadContext assemblyLoadContext, RuntimeAssembly requestingAssembly, Boolean throwOnFileNotFound)
   at System.Reflection.Assembly.Load(AssemblyName assemblyRef)
   at Microsoft.VisualStudio.TestPlatform.Common.ExtensionFramework.TestPluginCache.CurrentDomainAssemblyResolve(Object sender, AssemblyResolveEventArgs args) in /_/src/Microsoft.TestPlatform.Common/ExtensionFramework/TestPluginCache.cs:line 513
   at System.Runtime.Loader.AssemblyLoadContext.GetFirstResolvedAssemblyFromResolvingEvent(AssemblyName assemblyName)
   at System.Runtime.Loader.AssemblyLoadContext.ResolveUsingEvent(AssemblyName assemblyName)
   at System.Runtime.Loader.AssemblyLoadContext.ResolveUsingResolvingEvent(IntPtr gchManagedAssemblyLoadContext, AssemblyName assemblyName)
TpTrace Information: 0 : 7324, 1, 2024/06/05, 20:41:39.749, 845221660774, vstest.console.dll, AssemblyResolver.OnResolve: Microsoft.TestPlatform.Extensions.BlameDataCollector: Resolving assembly.
TpTrace Information: 0 : 7324, 1, 2024/06/05, 20:41:39.749, 845221661101, vstest.console.dll, AssemblyResolver.OnResolve: Microsoft.TestPlatform.Extensions.BlameDataCollector: Searching in: 'C:\Program Files\dotnet\sdk\8.0.204\Extensions'.
TpTrace Information: 0 : 7324, 1, 2024/06/05, 20:41:39.749, 845221663687, vstest.console.dll, AssemblyResolver.OnResolve: Microsoft.TestPlatform.Extensions.BlameDataCollector: Loading assembly 'C:\Program Files\dotnet\sdk\8.0.204\Extensions\Microsoft.TestPlatform.Extensions.BlameDataCollector.dll'.
TpTrace Information: 0 : 7324, 1, 2024/06/05, 20:41:39.749, 845221668720, vstest.console.dll, AssemblyResolver.OnResolve: Resolved assembly: Microsoft.TestPlatform.Extensions.BlameDataCollector, from path: C:\Program Files\dotnet\sdk\8.0.204\Extensions\Microsoft.TestPlatform.Extensions.BlameDataCollector.dll
TpTrace Verbose: 0 : 7324, 1, 2024/06/05, 20:41:39.749, 845221669397, vstest.console.dll, MetadataReaderExtensionsHelper: Discovering extensions inside assembly 'Microsoft.TestPlatform.Extensions.BlameDataCollector, Version=15.0.0.0, Culture=neutral, PublicKeyToken=b03f5f7f11d50a3a' file path 'C:\Program Files\dotnet\sdk\8.0.204\Extensions\Microsoft.TestPlatform.Extensions.BlameDataCollector.dll'
TpTrace Information: 0 : 7324, 1, 2024/06/05, 20:41:39.750, 845221679628, vstest.console.dll, AssemblyResolver.OnResolve: Microsoft.TestPlatform.Extensions.EventLogCollector: Resolving assembly.
TpTrace Information: 0 : 7324, 1, 2024/06/05, 20:41:39.750, 845221680087, vstest.console.dll, AssemblyResolver.OnResolve: Microsoft.TestPlatform.Extensions.EventLogCollector: Searching in: 'C:\Program Files\dotnet\sdk\8.0.204\Extensions'.
TpTrace Information: 0 : 7324, 1, 2024/06/05, 20:41:39.751, 845221682327, vstest.console.dll, AssemblyResolver.OnResolve: Microsoft.TestPlatform.Extensions.EventLogCollector: Loading assembly 'C:\Program Files\dotnet\sdk\8.0.204\Extensions\Microsoft.TestPlatform.Extensions.EventLogCollector.dll'.
TpTrace Information: 0 : 7324, 1, 2024/06/05, 20:41:39.751, 845221685881, vstest.console.dll, AssemblyResolver.OnResolve: Resolved assembly: Microsoft.TestPlatform.Extensions.EventLogCollector, from path: C:\Program Files\dotnet\sdk\8.0.204\Extensions\Microsoft.TestPlatform.Extensions.EventLogCollector.dll
TpTrace Verbose: 0 : 7324, 1, 2024/06/05, 20:41:39.751, 845221686437, vstest.console.dll, MetadataReaderExtensionsHelper: Discovering extensions inside assembly 'Microsoft.TestPlatform.Extensions.EventLogCollector, Version=15.0.0.0, Culture=neutral, PublicKeyToken=b03f5f7f11d50a3a' file path 'C:\Program Files\dotnet\sdk\8.0.204\Extensions\Microsoft.TestPlatform.Extensions.EventLogCollector.dll'
TpTrace Information: 0 : 7324, 1, 2024/06/05, 20:41:39.753, 845221700549, vstest.console.dll, AssemblyResolver.OnResolve: Microsoft.TestPlatform.TestHostRuntimeProvider: Resolving assembly.
TpTrace Information: 0 : 7324, 1, 2024/06/05, 20:41:39.753, 845221701050, vstest.console.dll, AssemblyResolver.OnResolve: Microsoft.TestPlatform.TestHostRuntimeProvider: Searching in: 'C:\Program Files\dotnet\sdk\8.0.204\Extensions'.
TpTrace Information: 0 : 7324, 1, 2024/06/05, 20:41:39.753, 845221702830, vstest.console.dll, AssemblyResolver.OnResolve: Microsoft.TestPlatform.TestHostRuntimeProvider: Loading assembly 'C:\Program Files\dotnet\sdk\8.0.204\Extensions\Microsoft.TestPlatform.TestHostRuntimeProvider.dll'.
TpTrace Information: 0 : 7324, 1, 2024/06/05, 20:41:39.753, 845221706598, vstest.console.dll, AssemblyResolver.OnResolve: Resolved assembly: Microsoft.TestPlatform.TestHostRuntimeProvider, from path: C:\Program Files\dotnet\sdk\8.0.204\Extensions\Microsoft.TestPlatform.TestHostRuntimeProvider.dll
TpTrace Verbose: 0 : 7324, 1, 2024/06/05, 20:41:39.753, 845221707111, vstest.console.dll, MetadataReaderExtensionsHelper: Discovering extensions inside assembly 'Microsoft.TestPlatform.TestHostRuntimeProvider, Version=15.0.0.0, Culture=neutral, PublicKeyToken=b03f5f7f11d50a3a' file path 'C:\Program Files\dotnet\sdk\8.0.204\Extensions\Microsoft.TestPlatform.TestHostRuntimeProvider.dll'
TpTrace Information: 0 : 7324, 1, 2024/06/05, 20:41:39.754, 845221716494, vstest.console.dll, GetTestExtensionFromType: Register extension with identifier data 'HostProvider://DefaultTestHost' and type 'Microsoft.VisualStudio.TestPlatform.CrossPlatEngine.Hosting.DefaultTestHostManager, Microsoft.TestPlatform.TestHostRuntimeProvider, Version=15.0.0.0, Culture=neutral, PublicKeyToken=b03f5f7f11d50a3a' inside file 'C:\Program Files\dotnet\sdk\8.0.204\Extensions\Microsoft.TestPlatform.TestHostRuntimeProvider.dll'
TpTrace Information: 0 : 7324, 1, 2024/06/05, 20:41:39.754, 845221718467, vstest.console.dll, GetTestExtensionFromType: Register extension with identifier data 'HostProvider://DotnetTestHost' and type 'Microsoft.VisualStudio.TestPlatform.CrossPlatEngine.Hosting.DotnetTestHostManager, Microsoft.TestPlatform.TestHostRuntimeProvider, Version=15.0.0.0, Culture=neutral, PublicKeyToken=b03f5f7f11d50a3a' inside file 'C:\Program Files\dotnet\sdk\8.0.204\Extensions\Microsoft.TestPlatform.TestHostRuntimeProvider.dll'
TpTrace Information: 0 : 7324, 1, 2024/06/05, 20:41:39.754, 845221719050, vstest.console.dll, AssemblyResolver.OnResolve: Microsoft.VisualStudio.TestPlatform.Extensions.Html.TestLogger: Resolving assembly.
TpTrace Information: 0 : 7324, 1, 2024/06/05, 20:41:39.754, 845221719308, vstest.console.dll, AssemblyResolver.OnResolve: Microsoft.VisualStudio.TestPlatform.Extensions.Html.TestLogger: Searching in: 'C:\Program Files\dotnet\sdk\8.0.204\Extensions'.
TpTrace Information: 0 : 7324, 1, 2024/06/05, 20:41:39.755, 845221721264, vstest.console.dll, AssemblyResolver.OnResolve: Microsoft.VisualStudio.TestPlatform.Extensions.Html.TestLogger: Loading assembly 'C:\Program Files\dotnet\sdk\8.0.204\Extensions\Microsoft.VisualStudio.TestPlatform.Extensions.Html.TestLogger.dll'.
TpTrace Information: 0 : 7324, 1, 2024/06/05, 20:41:39.755, 845221725369, vstest.console.dll, AssemblyResolver.OnResolve: Resolved assembly: Microsoft.VisualStudio.TestPlatform.Extensions.Html.TestLogger, from path: C:\Program Files\dotnet\sdk\8.0.204\Extensions\Microsoft.VisualStudio.TestPlatform.Extensions.Html.TestLogger.dll
TpTrace Verbose: 0 : 7324, 1, 2024/06/05, 20:41:39.755, 845221725893, vstest.console.dll, MetadataReaderExtensionsHelper: Discovering extensions inside assembly 'Microsoft.VisualStudio.TestPlatform.Extensions.Html.TestLogger, Version=15.0.0.0, Culture=neutral, PublicKeyToken=b03f5f7f11d50a3a' file path 'C:\Program Files\dotnet\sdk\8.0.204\Extensions\Microsoft.VisualStudio.TestPlatform.Extensions.Html.TestLogger.dll'
TpTrace Information: 0 : 7324, 1, 2024/06/05, 20:41:39.756, 845221730531, vstest.console.dll, AssemblyResolver.OnResolve: Microsoft.VisualStudio.TestPlatform.Extensions.Trx.TestLogger: Resolving assembly.
TpTrace Information: 0 : 7324, 1, 2024/06/05, 20:41:39.756, 845221731060, vstest.console.dll, AssemblyResolver.OnResolve: Microsoft.VisualStudio.TestPlatform.Extensions.Trx.TestLogger: Searching in: 'C:\Program Files\dotnet\sdk\8.0.204\Extensions'.
TpTrace Information: 0 : 7324, 1, 2024/06/05, 20:41:39.756, 845221732766, vstest.console.dll, AssemblyResolver.OnResolve: Microsoft.VisualStudio.TestPlatform.Extensions.Trx.TestLogger: Loading assembly 'C:\Program Files\dotnet\sdk\8.0.204\Extensions\Microsoft.VisualStudio.TestPlatform.Extensions.Trx.TestLogger.dll'.
TpTrace Information: 0 : 7324, 1, 2024/06/05, 20:41:39.756, 845221736848, vstest.console.dll, AssemblyResolver.OnResolve: Resolved assembly: Microsoft.VisualStudio.TestPlatform.Extensions.Trx.TestLogger, from path: C:\Program Files\dotnet\sdk\8.0.204\Extensions\Microsoft.VisualStudio.TestPlatform.Extensions.Trx.TestLogger.dll
TpTrace Verbose: 0 : 7324, 1, 2024/06/05, 20:41:39.756, 845221737347, vstest.console.dll, MetadataReaderExtensionsHelper: Discovering extensions inside assembly 'Microsoft.VisualStudio.TestPlatform.Extensions.Trx.TestLogger, Version=15.0.0.0, Culture=neutral, PublicKeyToken=b03f5f7f11d50a3a' file path 'C:\Program Files\dotnet\sdk\8.0.204\Extensions\Microsoft.VisualStudio.TestPlatform.Extensions.Trx.TestLogger.dll'
TpTrace Verbose: 0 : 7324, 1, 2024/06/05, 20:41:39.757, 845221743431, vstest.console.dll, TestPluginCache: Discovered the extensions using extension path ''.
TpTrace Verbose: 0 : 7324, 1, 2024/06/05, 20:41:39.757, 845221744041, vstest.console.dll, TestPluginCache: Discoverers are ''.
TpTrace Verbose: 0 : 7324, 1, 2024/06/05, 20:41:39.757, 845221744250, vstest.console.dll, TestPluginCache: Executors are ''.
TpTrace Verbose: 0 : 7324, 1, 2024/06/05, 20:41:39.757, 845221744440, vstest.console.dll, TestPluginCache: Executors2 are ''.
TpTrace Verbose: 0 : 7324, 1, 2024/06/05, 20:41:39.757, 845221744628, vstest.console.dll, TestPluginCache: Setting providers are ''.
TpTrace Verbose: 0 : 7324, 1, 2024/06/05, 20:41:39.757, 845221744874, vstest.console.dll, TestPluginCache: Loggers are ''.
TpTrace Verbose: 0 : 7324, 1, 2024/06/05, 20:41:39.757, 845221745984, vstest.console.dll, TestPluginCache: TestHosts are 'HostProvider://DefaultTestHost,HostProvider://DotnetTestHost'.
TpTrace Verbose: 0 : 7324, 1, 2024/06/05, 20:41:39.757, 845221746327, vstest.console.dll, TestPluginCache: DataCollectors are ''.
TpTrace Information: 0 : 7324, 1, 2024/06/05, 20:41:39.769, 845221865322, vstest.console.dll, RunTestsArgumentProcessor:Execute: Test run is starting.
TpTrace Verbose: 0 : 7324, 1, 2024/06/05, 20:41:39.769, 845221866444, vstest.console.dll, RunTestsArgumentProcessor:Execute: Queuing Test run.
TpTrace Information: 0 : 7324, 1, 2024/06/05, 20:41:39.769, 845221869688, vstest.console.dll, TestRequestManager.RunTests: run tests started.
TpTrace Information: 0 : 7324, 1, 2024/06/05, 20:41:39.771, 845221888002, vstest.console.dll, AssemblyMetadataProvider.GetFrameworkName: Determined framework:'.NETCoreApp,Version=v6.0' for source: 'C:\Users\VC\Downloads\Daily_progress\Mini_Project\VideoStoreManagmentSoln\Testing\bin\Debug\net6.0\fine-code-coverage\build-output\Testing.dll'
TpTrace Information: 0 : 7324, 1, 2024/06/05, 20:41:39.771, 845221889780, vstest.console.dll, Determined framework for all sources: .NETCoreApp,Version=v6.0
TpTrace Verbose: 0 : 7324, 1, 2024/06/05, 20:41:39.772, 845221893577, vstest.console.dll, TestRequestManager.UpdateRunSettingsIfRequired: Default architecture: X64 IsDefaultTargetArchitecture: True, Current process architecture: X64 OperatingSystem: Windows.
TpTrace Information: 0 : 7324, 1, 2024/06/05, 20:41:39.774, 845221912399, vstest.console.dll, AssemblyMetadataProvider.GetArchitecture: Determined architecture:AnyCPU info for assembly: C:\Users\VC\Downloads\Daily_progress\Mini_Project\VideoStoreManagmentSoln\Testing\bin\Debug\net6.0\fine-code-coverage\build-output\Testing.dll
TpTrace Information: 0 : 7324, 1, 2024/06/05, 20:41:39.774, 845221913183, vstest.console.dll, Determined platform for source 'C:\Users\VC\Downloads\Daily_progress\Mini_Project\VideoStoreManagmentSoln\Testing\bin\Debug\net6.0\fine-code-coverage\build-output\Testing.dll' was AnyCPU and it will use the default plaform X64.
TpTrace Information: 0 : 7324, 1, 2024/06/05, 20:41:39.774, 845221913514, vstest.console.dll, None of the sources provided any runnable platform, using the default platform: X64
TpTrace Information: 0 : 7324, 1, 2024/06/05, 20:41:39.774, 845221914812, vstest.console.dll, Platform was updated to 'X64'.
TpTrace Information: 0 : 7324, 1, 2024/06/05, 20:41:39.778, 845221953681, vstest.console.dll, InferRunSettingsHelper.IsTestSettingsEnabled: Unable to navigate to RunSettings/MSTest. Current node: RunSettings
TpTrace Information: 0 : 7324, 1, 2024/06/05, 20:41:39.779, 845221960569, vstest.console.dll, AssemblyResolver.OnResolve: Microsoft.VisualStudio.TestPlatform.Fakes: Resolving assembly.
TpTrace Information: 0 : 7324, 1, 2024/06/05, 20:41:39.779, 845221961328, vstest.console.dll, AssemblyResolver.OnResolve: Microsoft.VisualStudio.TestPlatform.Fakes: Searching in: 'C:\Program Files\dotnet\sdk\8.0.204\Extensions'.
TpTrace Information: 0 : 7324, 1, 2024/06/05, 20:41:39.779, 845221962185, vstest.console.dll, AssemblyResolver.OnResolve: Microsoft.VisualStudio.TestPlatform.Fakes: Assembly path does not exist: 'C:\Program Files\dotnet\sdk\8.0.204\Extensions\Microsoft.VisualStudio.TestPlatform.Fakes.dll', returning.
TpTrace Information: 0 : 7324, 1, 2024/06/05, 20:41:39.779, 845221962686, vstest.console.dll, AssemblyResolver.OnResolve: Microsoft.VisualStudio.TestPlatform.Fakes: Assembly path does not exist: 'C:\Program Files\dotnet\sdk\8.0.204\Extensions\Microsoft.VisualStudio.TestPlatform.Fakes.exe', returning.
TpTrace Information: 0 : 7324, 1, 2024/06/05, 20:41:39.779, 845221963059, vstest.console.dll, AssemblyResolver.OnResolve: Microsoft.VisualStudio.TestPlatform.Fakes: Searching in: 'C:\Program Files\dotnet\sdk\8.0.204'.
TpTrace Information: 0 : 7324, 1, 2024/06/05, 20:41:39.779, 845221963574, vstest.console.dll, AssemblyResolver.OnResolve: Microsoft.VisualStudio.TestPlatform.Fakes: Assembly path does not exist: 'C:\Program Files\dotnet\sdk\8.0.204\Microsoft.VisualStudio.TestPlatform.Fakes.dll', returning.
TpTrace Information: 0 : 7324, 1, 2024/06/05, 20:41:39.779, 845221964050, vstest.console.dll, AssemblyResolver.OnResolve: Microsoft.VisualStudio.TestPlatform.Fakes: Assembly path does not exist: 'C:\Program Files\dotnet\sdk\8.0.204\Microsoft.VisualStudio.TestPlatform.Fakes.exe', returning.
TpTrace Information: 0 : 7324, 1, 2024/06/05, 20:41:39.779, 845221964355, vstest.console.dll, AssemblyResolver.OnResolve: Microsoft.VisualStudio.TestPlatform.Fakes: Failed to load assembly.
TpTrace Information: 0 : 7324, 1, 2024/06/05, 20:41:39.779, 845221967239, vstest.console.dll, Failed to load assembly Microsoft.VisualStudio.TestPlatform.Fakes, Version=17.0.0.0, Culture=neutral. Reason:System.IO.FileNotFoundException: Could not load file or assembly 'Microsoft.VisualStudio.TestPlatform.Fakes, Version=17.0.0.0, Culture=neutral, PublicKeyToken=null'. The system cannot find the file specified.
File name: 'Microsoft.VisualStudio.TestPlatform.Fakes, Version=17.0.0.0, Culture=neutral, PublicKeyToken=null'
   at System.Reflection.RuntimeAssembly.InternalLoad(AssemblyName assemblyName, StackCrawlMark& stackMark, AssemblyLoadContext assemblyLoadContext, RuntimeAssembly requestingAssembly, Boolean throwOnFileNotFound)
   at System.Reflection.Assembly.Load(AssemblyName assemblyRef)
   at Microsoft.VisualStudio.TestPlatform.Common.Utilities.FakesUtilities.LoadTestPlatformAssembly() in /_/src/Microsoft.TestPlatform.Common/Utilities/FakesUtilities.cs:line 272
TpTrace Verbose: 0 : 7324, 1, 2024/06/05, 20:41:39.783, 845222003757, vstest.console.dll, TestPluginCache.DiscoverTestExtensions: finding test extensions in assemblies ends with: TestLogger.dll TPluginInfo: Microsoft.VisualStudio.TestPlatform.Common.ExtensionFramework.Utilities.TestLoggerPluginInformation TExtension: Microsoft.VisualStudio.TestPlatform.ObjectModel.Client.ITestLogger
TpTrace Verbose: 0 : 7324, 1, 2024/06/05, 20:41:39.783, 845222004961, vstest.console.dll, TestPluginCache.GetExtensionPaths: Filtered extension paths: 
TpTrace Verbose: 0 : 7324, 1, 2024/06/05, 20:41:39.783, 845222005377, vstest.console.dll, TestPluginCache.GetExtensionPaths: Added default extension paths: C:\Program Files\dotnet\sdk\8.0.204\Extensions\Microsoft.Diagnostics.NETCore.Client.dll
C:\Program Files\dotnet\sdk\8.0.204\Extensions\Microsoft.TestPlatform.Extensions.BlameDataCollector.dll
C:\Program Files\dotnet\sdk\8.0.204\Extensions\Microsoft.TestPlatform.Extensions.EventLogCollector.dll
C:\Program Files\dotnet\sdk\8.0.204\Extensions\Microsoft.TestPlatform.TestHostRuntimeProvider.dll
C:\Program Files\dotnet\sdk\8.0.204\Extensions\Microsoft.VisualStudio.TestPlatform.Extensions.Html.TestLogger.dll
C:\Program Files\dotnet\sdk\8.0.204\Extensions\Microsoft.VisualStudio.TestPlatform.Extensions.Trx.TestLogger.dll
TpTrace Verbose: 0 : 7324, 1, 2024/06/05, 20:41:39.783, 845222005713, vstest.console.dll, TestPluginCache.GetExtensionPaths: Added unfilterableExtensionPaths: 
TpTrace Information: 0 : 7324, 1, 2024/06/05, 20:41:39.783, 845222007055, vstest.console.dll, AssemblyResolver.AddSearchDirectories: Adding more searchDirectories C:\Program Files\dotnet\sdk\8.0.204\Extensions,C:\Program Files\dotnet\sdk\8.0.204
TpTrace Verbose: 0 : 7324, 1, 2024/06/05, 20:41:39.783, 845222007519, vstest.console.dll, TestPluginCache.DiscoverTestExtensions: Discovering the extensions using extension path.
TpTrace Verbose: 0 : 7324, 1, 2024/06/05, 20:41:39.783, 845222007910, vstest.console.dll, TestPluginCache.GetExtensionPaths: Filtered extension paths: 
TpTrace Verbose: 0 : 7324, 1, 2024/06/05, 20:41:39.783, 845222008289, vstest.console.dll, TestPluginCache.GetExtensionPaths: Added default extension paths: C:\Program Files\dotnet\sdk\8.0.204\Extensions\Microsoft.Diagnostics.NETCore.Client.dll
C:\Program Files\dotnet\sdk\8.0.204\Extensions\Microsoft.TestPlatform.Extensions.BlameDataCollector.dll
C:\Program Files\dotnet\sdk\8.0.204\Extensions\Microsoft.TestPlatform.Extensions.EventLogCollector.dll
C:\Program Files\dotnet\sdk\8.0.204\Extensions\Microsoft.TestPlatform.TestHostRuntimeProvider.dll
C:\Program Files\dotnet\sdk\8.0.204\Extensions\Microsoft.VisualStudio.TestPlatform.Extensions.Html.TestLogger.dll
C:\Program Files\dotnet\sdk\8.0.204\Extensions\Microsoft.VisualStudio.TestPlatform.Extensions.Trx.TestLogger.dll
TpTrace Verbose: 0 : 7324, 1, 2024/06/05, 20:41:39.783, 845222008620, vstest.console.dll, TestPluginCache.GetExtensionPaths: Added unfilterableExtensionPaths: 
TpTrace Verbose: 0 : 7324, 1, 2024/06/05, 20:41:39.783, 845222008995, vstest.console.dll, TestPluginCache.DiscoverTestExtensions: Discovering the extensions using allExtensionPaths: C:\Program Files\dotnet\sdk\8.0.204\Extensions\Microsoft.Diagnostics.NETCore.Client.dll
C:\Program Files\dotnet\sdk\8.0.204\Extensions\Microsoft.TestPlatform.Extensions.BlameDataCollector.dll
C:\Program Files\dotnet\sdk\8.0.204\Extensions\Microsoft.TestPlatform.Extensions.EventLogCollector.dll
C:\Program Files\dotnet\sdk\8.0.204\Extensions\Microsoft.TestPlatform.TestHostRuntimeProvider.dll
C:\Program Files\dotnet\sdk\8.0.204\Extensions\Microsoft.VisualStudio.TestPlatform.Extensions.Html.TestLogger.dll
C:\Program Files\dotnet\sdk\8.0.204\Extensions\Microsoft.VisualStudio.TestPlatform.Extensions.Trx.TestLogger.dll
TpTrace Information: 0 : 7324, 1, 2024/06/05, 20:41:39.783, 845222010000, vstest.console.dll, AssemblyResolver.AddSearchDirectories: Adding more searchDirectories C:\Program Files\dotnet\sdk\8.0.204\Extensions,C:\Program Files\dotnet\sdk\8.0.204
TpTrace Information: 0 : 7324, 1, 2024/06/05, 20:41:39.784, 845222010448, vstest.console.dll, AssemblyResolver.AddSearchDirectories: Adding more searchDirectories C:\Program Files\dotnet\sdk\8.0.204\Extensions,C:\Program Files\dotnet\sdk\8.0.204
TpTrace Information: 0 : 7324, 1, 2024/06/05, 20:41:39.784, 845222010772, vstest.console.dll, AssemblyResolver.AddSearchDirectories: Adding more searchDirectories C:\Program Files\dotnet\sdk\8.0.204\Extensions,C:\Program Files\dotnet\sdk\8.0.204
TpTrace Information: 0 : 7324, 1, 2024/06/05, 20:41:39.784, 845222011093, vstest.console.dll, AssemblyResolver.AddSearchDirectories: Adding more searchDirectories C:\Program Files\dotnet\sdk\8.0.204\Extensions,C:\Program Files\dotnet\sdk\8.0.204
TpTrace Information: 0 : 7324, 1, 2024/06/05, 20:41:39.784, 845222011411, vstest.console.dll, AssemblyResolver.AddSearchDirectories: Adding more searchDirectories C:\Program Files\dotnet\sdk\8.0.204\Extensions,C:\Program Files\dotnet\sdk\8.0.204
TpTrace Information: 0 : 7324, 1, 2024/06/05, 20:41:39.784, 845222011781, vstest.console.dll, AssemblyResolver.AddSearchDirectories: Adding more searchDirectories C:\Program Files\dotnet\sdk\8.0.204\Extensions,C:\Program Files\dotnet\sdk\8.0.204
TpTrace Verbose: 0 : 7324, 1, 2024/06/05, 20:41:39.784, 845222012958, vstest.console.dll, MetadataReaderExtensionsHelper: Discovering extensions inside assembly 'Microsoft.Diagnostics.NETCore.Client, Version=0.2.9.2401, Culture=neutral, PublicKeyToken=31bf3856ad364e35' file path 'C:\Program Files\dotnet\sdk\8.0.204\Extensions\Microsoft.Diagnostics.NETCore.Client.dll'
TpTrace Information: 0 : 7324, 1, 2024/06/05, 20:41:39.785, 845222020892, vstest.console.dll, AssemblyResolver.OnResolve: Microsoft.Bcl.AsyncInterfaces: Resolving assembly.
TpTrace Information: 0 : 7324, 1, 2024/06/05, 20:41:39.785, 845222021628, vstest.console.dll, AssemblyResolver.OnResolve: Microsoft.Bcl.AsyncInterfaces: Resolved from cache.
TpTrace Verbose: 0 : 7324, 1, 2024/06/05, 20:41:39.785, 845222022031, vstest.console.dll, CurrentDomainAssemblyResolve: Resolving assembly 'Microsoft.Bcl.AsyncInterfaces'.
TpTrace Information: 0 : 7324, 1, 2024/06/05, 20:41:39.785, 845222022518, vstest.console.dll, AssemblyResolver.OnResolve: Microsoft.Bcl.AsyncInterfaces: Resolving assembly.
TpTrace Information: 0 : 7324, 1, 2024/06/05, 20:41:39.785, 845222022841, vstest.console.dll, AssemblyResolver.OnResolve: Microsoft.Bcl.AsyncInterfaces: Resolved from cache.
TpTrace Verbose: 0 : 7324, 1, 2024/06/05, 20:41:39.785, 845222023137, vstest.console.dll, CurrentDomainAssemblyResolve: Resolving assembly 'Microsoft.Bcl.AsyncInterfaces'.
TpTrace Verbose: 0 : 7324, 1, 2024/06/05, 20:41:39.785, 845222023435, vstest.console.dll, CurrentDomainAssemblyResolve: Failed to resolve assembly 'Microsoft.Bcl.AsyncInterfaces'.
TpTrace Verbose: 0 : 7324, 1, 2024/06/05, 20:41:39.785, 845222024941, vstest.console.dll, CurrentDomainAssemblyResolve: Failed to resolve assembly 'Microsoft.Bcl.AsyncInterfaces'.
TpTrace Warning: 0 : 7324, 1, 2024/06/05, 20:41:39.785, 845222028522, vstest.console.dll, TestPluginDiscoverer: Failed to get types from assembly 'Microsoft.Diagnostics.NETCore.Client, Version=0.2.9.2401, Culture=neutral, PublicKeyToken=31bf3856ad364e35'. Error: System.Reflection.ReflectionTypeLoadException: Unable to load one or more of the requested types.
Could not load file or assembly 'Microsoft.Bcl.AsyncInterfaces, Version=6.0.0.0, Culture=neutral, PublicKeyToken=cc7b13ffcd2ddd51'. The system cannot find the file specified.
   at System.Reflection.RuntimeModule.GetTypes(RuntimeModule module)
   at System.Reflection.RuntimeModule.GetTypes()
   at Microsoft.VisualStudio.TestPlatform.Common.ExtensionFramework.TestPluginDiscoverer.GetTestExtensionsFromAssembly[TPluginInfo,TExtension](Assembly assembly, Dictionary`2 pluginInfos, String filePath) in /_/src/Microsoft.TestPlatform.Common/ExtensionFramework/TestPluginDiscoverer.cs:line 158
System.IO.FileNotFoundException: Could not load file or assembly 'Microsoft.Bcl.AsyncInterfaces, Version=6.0.0.0, Culture=neutral, PublicKeyToken=cc7b13ffcd2ddd51'. The system cannot find the file specified.
File name: 'Microsoft.Bcl.AsyncInterfaces, Version=6.0.0.0, Culture=neutral, PublicKeyToken=cc7b13ffcd2ddd51'
 ---> System.IO.FileNotFoundException: Could not load file or assembly 'Microsoft.Bcl.AsyncInterfaces, Culture=neutral, PublicKeyToken=null'. The system cannot find the file specified.
File name: 'Microsoft.Bcl.AsyncInterfaces, Culture=neutral, PublicKeyToken=null'
   at System.Reflection.RuntimeAssembly.InternalLoad(AssemblyName assemblyName, StackCrawlMark& stackMark, AssemblyLoadContext assemblyLoadContext, RuntimeAssembly requestingAssembly, Boolean throwOnFileNotFound)
   at System.Reflection.Assembly.Load(AssemblyName assemblyRef)
   at Microsoft.VisualStudio.TestPlatform.Common.ExtensionFramework.TestPluginCache.CurrentDomainAssemblyResolve(Object sender, AssemblyResolveEventArgs args) in /_/src/Microsoft.TestPlatform.Common/ExtensionFramework/TestPluginCache.cs:line 513
   at System.Runtime.Loader.AssemblyLoadContext.GetFirstResolvedAssemblyFromResolvingEvent(AssemblyName assemblyName)
   at System.Runtime.Loader.AssemblyLoadContext.ResolveUsingEvent(AssemblyName assemblyName)
   at System.Runtime.Loader.AssemblyLoadContext.ResolveUsingResolvingEvent(IntPtr gchManagedAssemblyLoadContext, AssemblyName assemblyName)
TpTrace Warning: 0 : 7324, 1, 2024/06/05, 20:41:39.785, 845222030379, vstest.console.dll, LoaderExceptions: System.IO.FileNotFoundException: Could not load file or assembly 'Microsoft.Bcl.AsyncInterfaces, Version=6.0.0.0, Culture=neutral, PublicKeyToken=cc7b13ffcd2ddd51'. The system cannot find the file specified.
File name: 'Microsoft.Bcl.AsyncInterfaces, Version=6.0.0.0, Culture=neutral, PublicKeyToken=cc7b13ffcd2ddd51'
 ---> System.IO.FileNotFoundException: Could not load file or assembly 'Microsoft.Bcl.AsyncInterfaces, Culture=neutral, PublicKeyToken=null'. The system cannot find the file specified.
File name: 'Microsoft.Bcl.AsyncInterfaces, Culture=neutral, PublicKeyToken=null'
   at System.Reflection.RuntimeAssembly.InternalLoad(AssemblyName assemblyName, StackCrawlMark& stackMark, AssemblyLoadContext assemblyLoadContext, RuntimeAssembly requestingAssembly, Boolean throwOnFileNotFound)
   at System.Reflection.Assembly.Load(AssemblyName assemblyRef)
   at Microsoft.VisualStudio.TestPlatform.Common.ExtensionFramework.TestPluginCache.CurrentDomainAssemblyResolve(Object sender, AssemblyResolveEventArgs args) in /_/src/Microsoft.TestPlatform.Common/ExtensionFramework/TestPluginCache.cs:line 513
   at System.Runtime.Loader.AssemblyLoadContext.GetFirstResolvedAssemblyFromResolvingEvent(AssemblyName assemblyName)
   at System.Runtime.Loader.AssemblyLoadContext.ResolveUsingEvent(AssemblyName assemblyName)
   at System.Runtime.Loader.AssemblyLoadContext.ResolveUsingResolvingEvent(IntPtr gchManagedAssemblyLoadContext, AssemblyName assemblyName)
TpTrace Verbose: 0 : 7324, 1, 2024/06/05, 20:41:39.786, 845222031218, vstest.console.dll, MetadataReaderExtensionsHelper: Discovering extensions inside assembly 'Microsoft.TestPlatform.Extensions.BlameDataCollector, Version=15.0.0.0, Culture=neutral, PublicKeyToken=b03f5f7f11d50a3a' file path 'C:\Program Files\dotnet\sdk\8.0.204\Extensions\Microsoft.TestPlatform.Extensions.BlameDataCollector.dll'
TpTrace Information: 0 : 7324, 1, 2024/06/05, 20:41:39.786, 845222035390, vstest.console.dll, GetTestExtensionFromType: Register extension with identifier data 'logger://Microsoft/TestPlatform/Extensions/Blame/v1' and type 'Microsoft.TestPlatform.Extensions.BlameDataCollector.BlameLogger, Microsoft.TestPlatform.Extensions.BlameDataCollector, Version=15.0.0.0, Culture=neutral, PublicKeyToken=b03f5f7f11d50a3a' inside file 'C:\Program Files\dotnet\sdk\8.0.204\Extensions\Microsoft.TestPlatform.Extensions.BlameDataCollector.dll'
TpTrace Verbose: 0 : 7324, 1, 2024/06/05, 20:41:39.786, 845222036213, vstest.console.dll, MetadataReaderExtensionsHelper: Discovering extensions inside assembly 'Microsoft.TestPlatform.Extensions.EventLogCollector, Version=15.0.0.0, Culture=neutral, PublicKeyToken=b03f5f7f11d50a3a' file path 'C:\Program Files\dotnet\sdk\8.0.204\Extensions\Microsoft.TestPlatform.Extensions.EventLogCollector.dll'
TpTrace Verbose: 0 : 7324, 1, 2024/06/05, 20:41:39.786, 845222038916, vstest.console.dll, MetadataReaderExtensionsHelper: Discovering extensions inside assembly 'Microsoft.TestPlatform.TestHostRuntimeProvider, Version=15.0.0.0, Culture=neutral, PublicKeyToken=b03f5f7f11d50a3a' file path 'C:\Program Files\dotnet\sdk\8.0.204\Extensions\Microsoft.TestPlatform.TestHostRuntimeProvider.dll'
TpTrace Verbose: 0 : 7324, 1, 2024/06/05, 20:41:39.787, 845222041662, vstest.console.dll, MetadataReaderExtensionsHelper: Discovering extensions inside assembly 'Microsoft.VisualStudio.TestPlatform.Extensions.Html.TestLogger, Version=15.0.0.0, Culture=neutral, PublicKeyToken=b03f5f7f11d50a3a' file path 'C:\Program Files\dotnet\sdk\8.0.204\Extensions\Microsoft.VisualStudio.TestPlatform.Extensions.Html.TestLogger.dll'
TpTrace Information: 0 : 7324, 1, 2024/06/05, 20:41:39.787, 845222046200, vstest.console.dll, GetTestExtensionFromType: Register extension with identifier data 'logger://Microsoft/TestPlatform/HtmlLogger/v1' and type 'Microsoft.VisualStudio.TestPlatform.Extensions.HtmlLogger.HtmlLogger, Microsoft.VisualStudio.TestPlatform.Extensions.Html.TestLogger, Version=15.0.0.0, Culture=neutral, PublicKeyToken=b03f5f7f11d50a3a' inside file 'C:\Program Files\dotnet\sdk\8.0.204\Extensions\Microsoft.VisualStudio.TestPlatform.Extensions.Html.TestLogger.dll'
TpTrace Verbose: 0 : 7324, 1, 2024/06/05, 20:41:39.787, 845222046851, vstest.console.dll, MetadataReaderExtensionsHelper: Discovering extensions inside assembly 'Microsoft.VisualStudio.TestPlatform.Extensions.Trx.TestLogger, Version=15.0.0.0, Culture=neutral, PublicKeyToken=b03f5f7f11d50a3a' file path 'C:\Program Files\dotnet\sdk\8.0.204\Extensions\Microsoft.VisualStudio.TestPlatform.Extensions.Trx.TestLogger.dll'
TpTrace Information: 0 : 7324, 1, 2024/06/05, 20:41:39.787, 845222049970, vstest.console.dll, GetTestExtensionFromType: Register extension with identifier data 'logger://Microsoft/TestPlatform/TrxLogger/v1' and type 'Microsoft.VisualStudio.TestPlatform.Extensions.TrxLogger.TrxLogger, Microsoft.VisualStudio.TestPlatform.Extensions.Trx.TestLogger, Version=15.0.0.0, Culture=neutral, PublicKeyToken=b03f5f7f11d50a3a' inside file 'C:\Program Files\dotnet\sdk\8.0.204\Extensions\Microsoft.VisualStudio.TestPlatform.Extensions.Trx.TestLogger.dll'
TpTrace Verbose: 0 : 7324, 1, 2024/06/05, 20:41:39.788, 845222050753, vstest.console.dll, TestPluginCache: Discovered the extensions using extension path ''.
TpTrace Verbose: 0 : 7324, 1, 2024/06/05, 20:41:39.788, 845222051092, vstest.console.dll, TestPluginCache: Discoverers are ''.
TpTrace Verbose: 0 : 7324, 1, 2024/06/05, 20:41:39.788, 845222051390, vstest.console.dll, TestPluginCache: Executors are ''.
TpTrace Verbose: 0 : 7324, 1, 2024/06/05, 20:41:39.788, 845222051675, vstest.console.dll, TestPluginCache: Executors2 are ''.
TpTrace Verbose: 0 : 7324, 1, 2024/06/05, 20:41:39.788, 845222051958, vstest.console.dll, TestPluginCache: Setting providers are ''.
TpTrace Verbose: 0 : 7324, 1, 2024/06/05, 20:41:39.788, 845222052751, vstest.console.dll, TestPluginCache: Loggers are 'logger://Microsoft/TestPlatform/Extensions/Blame/v1,logger://Microsoft/TestPlatform/HtmlLogger/v1,logger://Microsoft/TestPlatform/TrxLogger/v1'.
TpTrace Verbose: 0 : 7324, 1, 2024/06/05, 20:41:39.788, 845222053236, vstest.console.dll, TestPluginCache: TestHosts are 'HostProvider://DefaultTestHost,HostProvider://DotnetTestHost'.
TpTrace Verbose: 0 : 7324, 1, 2024/06/05, 20:41:39.788, 845222053569, vstest.console.dll, TestPluginCache: DataCollectors are ''.
TpTrace Information: 0 : 7324, 1, 2024/06/05, 20:41:39.789, 845222061577, vstest.console.dll, TestPluginManager.CreateTestExtension: Attempting to load test extension: Microsoft.TestPlatform.Extensions.BlameDataCollector.BlameLogger
TpTrace Verbose: 0 : 7324, 1, 2024/06/05, 20:41:39.796, 845222135483, vstest.console.dll, TestEngine: Initializing Parallel Execution as MaxCpuCount is set to: 1
TpTrace Information: 0 : 7324, 1, 2024/06/05, 20:41:39.798, 845222150476, vstest.console.dll, TestPluginManager.CreateTestExtension: Attempting to load test extension: Microsoft.VisualStudio.TestPlatform.CrossPlatEngine.Hosting.DefaultTestHostManager
TpTrace Information: 0 : 7324, 1, 2024/06/05, 20:41:39.799, 845222160953, vstest.console.dll, TestPluginManager.CreateTestExtension: Attempting to load test extension: Microsoft.VisualStudio.TestPlatform.CrossPlatEngine.Hosting.DotnetTestHostManager
TpTrace Information: 0 : 7324, 1, 2024/06/05, 20:41:39.799, 845222167190, vstest.console.dll, InferRunSettingsHelper.IsTestSettingsEnabled: Unable to navigate to RunSettings/MSTest. Current node: RunSettings
TpTrace Verbose: 0 : 7324, 1, 2024/06/05, 20:41:39.800, 845222177354, vstest.console.dll, ParallelOperationManager.ClearSlots: Clearing all slots. Slots should accept more work: True
TpTrace Verbose: 0 : 7324, 1, 2024/06/05, 20:41:39.801, 845222184038, vstest.console.dll, ParallelOperationManager.SetOccupiedSlotCount: Setting slot counts AvailableSlotCount = 1, OccupiedSlotCount = 0.
TpTrace Verbose: 0 : 7324, 1, 2024/06/05, 20:41:39.801, 845222187098, vstest.console.dll, Occupied slots:

TpTrace Verbose: 0 : 7324, 1, 2024/06/05, 20:41:39.805, 845222221434, vstest.console.dll, TestEngine.GetExecutionManager: Chosen execution manager 'Microsoft.VisualStudio.TestPlatform.CrossPlatEngine.Client.Parallel.ParallelProxyExecutionManager, Microsoft.TestPlatform.CrossPlatEngine, Version=15.0.0.0, Culture=neutral, PublicKeyToken=b03f5f7f11d50a3a' ParallelLevel '1'.
TpTrace Verbose: 0 : 7324, 1, 2024/06/05, 20:41:39.805, 845222222807, vstest.console.dll, TestRunRequest.ExecuteAsync: Creating test run request.
TpTrace Verbose: 0 : 7324, 1, 2024/06/05, 20:41:39.805, 845222225007, vstest.console.dll, TestRunRequest.ExecuteAsync: Starting.
TpTrace Information: 0 : 7324, 1, 2024/06/05, 20:41:39.807, 845222241020, vstest.console.dll, TestRunRequest.ExecuteAsync: Starting run with settings:TestRunCriteria:
   KeepAlive=False,FrequencyOfRunStatsChangeEvent=10,RunStatsChangeEventTimeout=00:00:01.5000000,TestCaseFilter=,TestExecutorLauncher=
   Settingsxml=<RunSettings>
  <RunConfiguration>
    <ResultsDirectory>C:\Users\VC\Downloads\Daily_progress\Mini_Project\VideoStoreManagmentSoln\Testing\bin\Debug\net6.0\fine-code-coverage\coverage-tool-output</ResultsDirectory>
    <TargetPlatform>X64</TargetPlatform>
    <TargetFrameworkVersion>.NETCoreApp,Version=v6.0</TargetFrameworkVersion>
    <DesignMode>False</DesignMode>
    <CollectSourceInformation>False</CollectSourceInformation>
  </RunConfiguration>
  <LoggerRunSettings>
    <Loggers>
      <Logger friendlyName="blame" enabled="True" />
      <Logger friendlyName="Console" uri="logger://microsoft/TestPlatform/ConsoleLogger/v1" assemblyQualifiedName="Microsoft.VisualStudio.TestPlatform.CommandLine.Internal.ConsoleLogger, vstest.console, Version=15.0.0.0, Culture=neutral, PublicKeyToken=b03f5f7f11d50a3a" codeBase="C:\Program Files\dotnet\sdk\8.0.204\vstest.console.dll" enabled="True" />
    </Loggers>
  </LoggerRunSettings>
  <DataCollectionRunSettings>
    <DataCollectors>
      <DataCollector friendlyName="blame" enabled="True">
        <Configuration>
          <ResultsDirectory>C:\Users\VC\Downloads\Daily_progress\Mini_Project\VideoStoreManagmentSoln\Testing\bin\Debug\net6.0\fine-code-coverage\coverage-tool-output</ResultsDirectory>
        </Configuration>
      </DataCollector>
    </DataCollectors>
  </DataCollectionRunSettings>
</RunSettings>

TpTrace Verbose: 0 : 7324, 1, 2024/06/05, 20:41:39.807, 845222241942, vstest.console.dll, TestRunRequest.ExecuteAsync: Wait for the first run request is over.
TpTrace Verbose: 0 : 7324, 4, 2024/06/05, 20:41:39.807, 845222249158, vstest.console.dll, MulticastDelegateUtilities.SafeInvoke: InternalTestLoggerEvents.SendTestRunStart: Invoking callback 1/1 for Microsoft.VisualStudio.TestPlatform.CommandLine.Internal.ConsoleLogger., took 0 ms.
TpTrace Verbose: 0 : 7324, 1, 2024/06/05, 20:41:39.807, 845222249895, vstest.console.dll, MulticastDelegateUtilities.SafeInvoke: TestRun.TestRunStart: Invoking callbacks was skipped because there are no subscribers.
TpTrace Verbose: 0 : 7324, 1, 2024/06/05, 20:41:39.809, 845222265733, vstest.console.dll, ParallelProxyExecutionManager: Start execution. Total sources: 1
TpTrace Verbose: 0 : 7324, 1, 2024/06/05, 20:41:39.809, 845222269590, vstest.console.dll, ParallelOperationManager.StartWork: Starting adding 1 workloads.
TpTrace Verbose: 0 : 7324, 1, 2024/06/05, 20:41:39.809, 845222270345, vstest.console.dll, ParallelOperationManager.ClearSlots: Clearing all slots. Slots should accept more work: True
TpTrace Verbose: 0 : 7324, 1, 2024/06/05, 20:41:39.810, 845222271014, vstest.console.dll, ParallelOperationManager.SetOccupiedSlotCount: Setting slot counts AvailableSlotCount = 1, OccupiedSlotCount = 0.
TpTrace Verbose: 0 : 7324, 1, 2024/06/05, 20:41:39.810, 845222271535, vstest.console.dll, Occupied slots:

TpTrace Verbose: 0 : 7324, 1, 2024/06/05, 20:41:39.811, 845222289418, vstest.console.dll, TestRequestSender is acting as server.
TpTrace Verbose: 0 : 7324, 1, 2024/06/05, 20:41:39.813, 845222306995, vstest.console.dll, ParallelOperationManager.RunWorkInParallel: Adding 1 workload to slot, remaining workloads 0.
TpTrace Verbose: 0 : 7324, 1, 2024/06/05, 20:41:39.813, 845222307865, vstest.console.dll, ParallelOperationManager.SetOccupiedSlotCount: Setting slot counts AvailableSlotCount = 0, OccupiedSlotCount = 1.
TpTrace Verbose: 0 : 7324, 1, 2024/06/05, 20:41:39.813, 845222309046, vstest.console.dll, Occupied slots:
0: C:\Users\VC\Downloads\Daily_progress\Mini_Project\VideoStoreManagmentSoln\Testing\bin\Debug\net6.0\fine-code-coverage\build-output\Testing.dll
TpTrace Verbose: 0 : 7324, 1, 2024/06/05, 20:41:39.814, 845222318214, vstest.console.dll, ParallelOperationManager.RunWorkInParallel: Started host in slot number 0 for work (source): C:\Users\VC\Downloads\Daily_progress\Mini_Project\VideoStoreManagmentSoln\Testing\bin\Debug\net6.0\fine-code-coverage\build-output\Testing.dll.
TpTrace Verbose: 0 : 7324, 1, 2024/06/05, 20:41:39.815, 845222327728, vstest.console.dll, ParallelOperationManager.RunWorkInParallel: We started 1 work items, which is the max parallel level. Won't start more work.
TpTrace Verbose: 0 : 7324, 1, 2024/06/05, 20:41:39.815, 845222328609, vstest.console.dll, ParallelOperationManager.RunWorkInParallel: We started 1 work items in here, returning True.
TpTrace Information: 0 : 7324, 1, 2024/06/05, 20:41:39.815, 845222328965, vstest.console.dll, TestRunRequest.ExecuteAsync: Started.
TpTrace Verbose: 0 : 7324, 5, 2024/06/05, 20:41:39.816, 845222330588, vstest.console.dll, ParallelProxyExecutionManager.StartTestRunOnConcurrentManager: Initializing uninitialized client. Started clients: 0
TpTrace Verbose: 0 : 7324, 5, 2024/06/05, 20:41:39.816, 845222332152, vstest.console.dll, DataCollectionRequestSender.InitializeCommunication : Initialize communication. 
TpTrace Verbose: 0 : 7324, 1, 2024/06/05, 20:41:39.816, 845222334739, vstest.console.dll, TestRunRequest.WaitForCompletion: Waiting with timeout -1.
TpTrace Information: 0 : 7324, 5, 2024/06/05, 20:41:39.825, 845222426337, vstest.console.dll, Listening on Endpoint : 127.0.0.1:60601
TpTrace Verbose: 0 : 7324, 5, 2024/06/05, 20:41:39.831, 845222487047, vstest.console.dll, DotnetDataCollectionLauncher: Adding  --runtimeconfig "C:\Program Files\dotnet\sdk\8.0.204\datacollector.runtimeconfig.json" in args
TpTrace Verbose: 0 : 7324, 5, 2024/06/05, 20:41:39.831, 845222488565, vstest.console.dll, DotnetDataCollectionLauncher: Adding  --depsfile "C:\Program Files\dotnet\sdk\8.0.204\datacollector.deps.json" in args
TpTrace Verbose: 0 : 7324, 5, 2024/06/05, 20:41:39.832, 845222495411, vstest.console.dll, DotnetDataCollectionLauncher: Full path of dotnet.exe is C:\Program Files\dotnet\dotnet.exe
TpTrace Information: 0 : 7324, 5, 2024/06/05, 20:41:39.840, 845222570895, vstest.console.dll, ProxyDataCollectionManager.Initialize: Launched datacollector processId: 9304 port: 60601
TpTrace Information: 0 : 7324, 5, 2024/06/05, 20:41:39.840, 845222572313, vstest.console.dll, ProxyDataCollectionManager.Initialize: waiting for connection with timeout: 90 seconds
TpTrace Verbose: 0 : 7324, 5, 2024/06/05, 20:41:39.840, 845222572811, vstest.console.dll, DataCollectionRequestSender.WaitForRequestHandlerConnection : Waiting for connection with timeout: 90000
TpTrace Information: 0 : 7324, 7, 2024/06/05, 20:41:40.028, 845224453506, vstest.console.dll, Using the buffer size of 16384 bytes
TpTrace Information: 0 : 7324, 7, 2024/06/05, 20:41:40.028, 845224455367, vstest.console.dll, Accepted Client request and set the flag
TpTrace Verbose: 0 : 7324, 5, 2024/06/05, 20:41:40.028, 845224453670, vstest.console.dll, SocketCommunicationManager.WaitForClientConnection took: 188 ms, with 90000 ms timeout, and finished with True.
TpTrace Verbose: 0 : 7324, 5, 2024/06/05, 20:41:40.029, 845224460714, vstest.console.dll, ProxyDataCollectionManager.InvokeDataCollectionServiceAction: Starting.
TpTrace Information: 0 : 7324, 5, 2024/06/05, 20:41:40.029, 845224461928, vstest.console.dll, ProxyDataCollectionManager.BeforeTestRunStart: Get environment variable and port for datacollector processId: 9304 port: 60601
TpTrace Verbose: 0 : 7324, 5, 2024/06/05, 20:41:40.029, 845224463561, vstest.console.dll, DataCollectionRequestSender.SendBeforeTestRunStartAndGetResult: Send BeforeTestRunStart message with settingsXml <RunSettings><RunConfiguration><ResultsDirectory>C:\Users\VC\Downloads\Daily_progress\Mini_Project\VideoStoreManagmentSoln\Testing\bin\Debug\net6.0\fine-code-coverage\coverage-tool-output</ResultsDirectory><TargetPlatform>X64</TargetPlatform><TargetFrameworkVersion>.NETCoreApp,Version=v6.0</TargetFrameworkVersion><DesignMode>False</DesignMode><CollectSourceInformation>False</CollectSourceInformation><TestAdaptersPaths>C:\Program Files\dotnet\sdk\8.0.204\Extensions</TestAdaptersPaths></RunConfiguration><LoggerRunSettings><Loggers><Logger friendlyName="blame" enabled="True" /><Logger friendlyName="Console" uri="logger://microsoft/TestPlatform/ConsoleLogger/v1" assemblyQualifiedName="Microsoft.VisualStudio.TestPlatform.CommandLine.Internal.ConsoleLogger, vstest.console, Version=15.0.0.0, Culture=neutral, PublicKeyToken=b03f5f7f11d50a3a" codeBase="C:\Program Files\dotnet\sdk\8.0.204\vstest.console.dll" enabled="True" /></Loggers></LoggerRunSettings><DataCollectionRunSettings><DataCollectors><DataCollector friendlyName="blame" enabled="True"><Configuration><ResultsDirectory>C:\Users\VC\Downloads\Daily_progress\Mini_Project\VideoStoreManagmentSoln\Testing\bin\Debug\net6.0\fine-code-coverage\coverage-tool-output</ResultsDirectory></Configuration></DataCollector></DataCollectors></DataCollectionRunSettings></RunSettings> and sources System.Collections.Generic.List`1[System.String]: 
TpTrace Verbose: 0 : 7324, 5, 2024/06/05, 20:41:40.075, 845224920491, vstest.console.dll, DataCollectionRequestSender.SendBeforeTestRunStartAndGetResult: Received message: (DataCollection.SendMessage) -> {"MessageType":"DataCollection.SendMessage","Payload":{"FriendlyName":null,"Uri":null,"TestCaseId":"00000000-0000-0000-0000-000000000000","Message":"Logging DataCollector Diagnostics in file: C:\\Users\\VC\\Downloads\\Daily_progress\\Mini_Project\\VideoStoreManagmentSoln\\Testing\\bin\\Debug\\net6.0\\fine-code-coverage\\coverage-tool-output\\diagnostics.datacollector.24-06-05_20-41-39_83138_5.log","Level":0}}
TpTrace Verbose: 0 : 7324, 5, 2024/06/05, 20:41:40.137, 845225544776, vstest.console.dll, DataCollectionRequestSender.SendBeforeTestRunStartAndGetResult: Received message: (DataCollection.BeforeTestRunStartResult) -> {"MessageType":"DataCollection.BeforeTestRunStartResult","Payload":{"EnvironmentVariables":{},"DataCollectionEventsPort":60603}}
TpTrace Information: 0 : 7324, 5, 2024/06/05, 20:41:40.141, 845225587853, vstest.console.dll, ProxyDataCollectionManager.BeforeTestRunStart: SendBeforeTestRunStartAndGetResult successful, env variable from datacollector:   and testhost port: 60603
TpTrace Information: 0 : 7324, 5, 2024/06/05, 20:41:40.141, 845225588872, vstest.console.dll, ProxyDataCollectionManager.InvokeDataCollectionServiceAction: Completed.
TpTrace Verbose: 0 : 7324, 5, 2024/06/05, 20:41:40.141, 845225589213, vstest.console.dll, ParallelProxyExecutionManager.StartTestRunOnConcurrentManager: Initializing test run. Started clients: 0
TpTrace Verbose: 0 : 7324, 5, 2024/06/05, 20:41:40.141, 845225589897, vstest.console.dll, ProxyExecutionManager: Test host is always Lazy initialize.
TpTrace Verbose: 0 : 7324, 5, 2024/06/05, 20:41:40.142, 845225591445, vstest.console.dll, TestRequestSender.InitializeCommunication: initialize communication. 
TpTrace Information: 0 : 7324, 5, 2024/06/05, 20:41:40.142, 845225595190, vstest.console.dll, SocketServer.Start: Listening on endpoint : 127.0.0.1:60604
TpTrace Verbose: 0 : 7324, 5, 2024/06/05, 20:41:40.143, 845225600867, vstest.console.dll, DotnetTestHostmanager.GetTestHostProcessStartInfo: Platform environment 'X64' target architecture 'X64' framework '.NETCoreApp,Version=v6.0' OS 'Windows'
TpTrace Verbose: 0 : 7324, 5, 2024/06/05, 20:41:40.143, 845225602481, vstest.console.dll, DotnetTestHostmanager: Adding  --runtimeconfig "C:\Users\VC\Downloads\Daily_progress\Mini_Project\VideoStoreManagmentSoln\Testing\bin\Debug\net6.0\fine-code-coverage\build-output\Testing.runtimeconfig.json" in args
TpTrace Verbose: 0 : 7324, 5, 2024/06/05, 20:41:40.143, 845225603093, vstest.console.dll, DotnetTestHostmanager: Adding  --depsfile "C:\Users\VC\Downloads\Daily_progress\Mini_Project\VideoStoreManagmentSoln\Testing\bin\Debug\net6.0\fine-code-coverage\build-output\Testing.deps.json" in args
TpTrace Verbose: 0 : 7324, 5, 2024/06/05, 20:41:40.143, 845225605220, vstest.console.dll, DotnetTestHostmanager.IsWinOnArm: Current PROCESSOR_ARCHITECTURE from environment variable 'AMD64'
TpTrace Verbose: 0 : 7324, 5, 2024/06/05, 20:41:40.143, 845225605720, vstest.console.dll, DotnetTestHostmanager.IsWinOnArm: Is Windows on ARM 'False'
TpTrace Verbose: 0 : 7324, 5, 2024/06/05, 20:41:40.143, 845225606413, vstest.console.dll, DotnetTestHostManager: testhost.exe found at path: C:\Users\VC\Downloads\Daily_progress\Mini_Project\VideoStoreManagmentSoln\Testing\bin\Debug\net6.0\fine-code-coverage\build-output\testhost.exe
TpTrace Verbose: 0 : 7324, 5, 2024/06/05, 20:41:40.143, 845225606750, vstest.console.dll, DotnetTestHostmanager: Full path of host exe is C:\Users\VC\Downloads\Daily_progress\Mini_Project\VideoStoreManagmentSoln\Testing\bin\Debug\net6.0\fine-code-coverage\build-output\testhost.exe
TpTrace Verbose: 0 : 7324, 5, 2024/06/05, 20:41:40.143, 845225607711, vstest.console.dll, DotnetTestHostmanager.LaunchTestHostAsync: Found 'VSTEST_WINAPPHOST_DOTNET_ROOT' in env variables, value 'C:\Program Files\dotnet', forwarding to 'DOTNET_ROOT'
TpTrace Verbose: 0 : 7324, 5, 2024/06/05, 20:41:40.143, 845225608697, vstest.console.dll, DotnetTestHostManager: Starting process 'C:\Users\VC\Downloads\Daily_progress\Mini_Project\VideoStoreManagmentSoln\Testing\bin\Debug\net6.0\fine-code-coverage\build-output\testhost.exe' with command line ' --runtimeconfig "C:\Users\VC\Downloads\Daily_progress\Mini_Project\VideoStoreManagmentSoln\Testing\bin\Debug\net6.0\fine-code-coverage\build-output\Testing.runtimeconfig.json" --depsfile "C:\Users\VC\Downloads\Daily_progress\Mini_Project\VideoStoreManagmentSoln\Testing\bin\Debug\net6.0\fine-code-coverage\build-output\Testing.deps.json" --port 60604 --endpoint 127.0.0.1:060604 --role client --parentprocessid 7324 --diag "C:\Users\VC\Downloads\Daily_progress\Mini_Project\VideoStoreManagmentSoln\Testing\bin\Debug\net6.0\fine-code-coverage\coverage-tool-output\diagnostics.host.24-06-05_20-41-40_14276_5.log" --tracelevel 4 --datacollectionport 60603 --telemetryoptedin false'
TpTrace Verbose: 0 : 7324, 5, 2024/06/05, 20:41:40.150, 845225670894, vstest.console.dll, MulticastDelegateUtilities.SafeInvoke: HostProviderEvents.OnHostLaunched: Invoking callback 1/2 for Microsoft.VisualStudio.TestPlatform.CrossPlatEngine.Client.ProxyExecutionManagerWithDataCollection., took 1 ms.
TpTrace Verbose: 0 : 7324, 5, 2024/06/05, 20:41:40.150, 845225674579, vstest.console.dll, Test Runtime launched
TpTrace Verbose: 0 : 7324, 5, 2024/06/05, 20:41:40.150, 845225675454, vstest.console.dll, MulticastDelegateUtilities.SafeInvoke: HostProviderEvents.OnHostLaunched: Invoking callback 2/2 for Microsoft.VisualStudio.TestPlatform.CrossPlatEngine.Client.ProxyOperationManager., took 0 ms.
TpTrace Verbose: 0 : 7324, 5, 2024/06/05, 20:41:40.150, 845225676991, vstest.console.dll, TestRequestSender.WaitForRequestHandlerConnection: waiting for connection with timeout: 90000.
TpTrace Verbose: 0 : 7324, 5, 2024/06/05, 20:41:40.348, 845227660054, vstest.console.dll, TestRequestSender.WaitForRequestHandlerConnection: waiting took 198 ms, with timeout 90000 ms, and result 0, which is success.
TpTrace Verbose: 0 : 7324, 7, 2024/06/05, 20:41:40.348, 845227660308, vstest.console.dll, MulticastDelegateUtilities.SafeInvoke: SocketServer: ClientConnected: Invoking callback 1/1 for Microsoft.VisualStudio.TestPlatform.CommunicationUtilities.TestRequestSender., took 0 ms.
TpTrace Verbose: 0 : 7324, 7, 2024/06/05, 20:41:40.349, 845227662675, vstest.console.dll, SocketServer.OnClientConnected: Client connected for endPoint: 127.0.0.1:60604, starting MessageLoopAsync:
TpTrace Verbose: 0 : 7324, 13, 2024/06/05, 20:41:40.349, 845227668331, vstest.console.dll, TcpClientExtensions.MessageLoopAsync: Polling on remoteEndPoint: 127.0.0.1:60605 localEndPoint: 127.0.0.1:60604 after 0 ms
TpTrace Verbose: 0 : 7324, 5, 2024/06/05, 20:41:40.350, 845227671353, vstest.console.dll, TestRequestSender.CheckVersionWithTestHost: Sending check version message: {"MessageType":"ProtocolVersion","Payload":7}
TpTrace Verbose: 0 : 7324, 13, 2024/06/05, 20:41:40.458, 845228760062, vstest.console.dll, TcpClientExtensions.MessageLoopAsync: NotifyDataAvailable remoteEndPoint: 127.0.0.1:60605 localEndPoint: 127.0.0.1:60604
TpTrace Verbose: 0 : 7324, 13, 2024/06/05, 20:41:40.459, 845228763780, vstest.console.dll, TestRequestSender.CheckVersionWithTestHost: onMessageReceived received message: (ProtocolVersion) -> {"MessageType":"ProtocolVersion","Payload":7}
TpTrace Verbose: 0 : 7324, 13, 2024/06/05, 20:41:40.460, 845228772367, vstest.console.dll, MulticastDelegateUtilities.SafeInvoke: LengthPrefixCommunicationChannel: MessageReceived: Invoking callback 1/1 for Microsoft.VisualStudio.TestPlatform.CommunicationUtilities.TestRequestSender+<>c__DisplayClass29_0., took 0 ms.
TpTrace Verbose: 0 : 7324, 5, 2024/06/05, 20:41:40.460, 845228773593, vstest.console.dll, TestPluginCache.GetExtensionPaths: Filtered extension paths: 
TpTrace Verbose: 0 : 7324, 13, 2024/06/05, 20:41:40.460, 845228773678, vstest.console.dll, TcpClientExtensions.MessageLoopAsync: Polling on remoteEndPoint: 127.0.0.1:60605 localEndPoint: 127.0.0.1:60604 after 110 ms
TpTrace Verbose: 0 : 7324, 5, 2024/06/05, 20:41:40.460, 845228774508, vstest.console.dll, TestPluginCache.GetExtensionPaths: Added default extension paths: C:\Program Files\dotnet\sdk\8.0.204\Extensions\Microsoft.Diagnostics.NETCore.Client.dll
C:\Program Files\dotnet\sdk\8.0.204\Extensions\Microsoft.TestPlatform.Extensions.BlameDataCollector.dll
C:\Program Files\dotnet\sdk\8.0.204\Extensions\Microsoft.TestPlatform.Extensions.EventLogCollector.dll
C:\Program Files\dotnet\sdk\8.0.204\Extensions\Microsoft.TestPlatform.TestHostRuntimeProvider.dll
C:\Program Files\dotnet\sdk\8.0.204\Extensions\Microsoft.VisualStudio.TestPlatform.Extensions.Html.TestLogger.dll
C:\Program Files\dotnet\sdk\8.0.204\Extensions\Microsoft.VisualStudio.TestPlatform.Extensions.Trx.TestLogger.dll
TpTrace Verbose: 0 : 7324, 5, 2024/06/05, 20:41:40.460, 845228777030, vstest.console.dll, TestPluginCache.GetExtensionPaths: Added unfilterableExtensionPaths: 
TpTrace Verbose: 0 : 7324, 5, 2024/06/05, 20:41:40.463, 845228810467, vstest.console.dll, TestRequestSender.InitializeExecution: Sending initialize execution with message: {"Version":7,"MessageType":"TestExecution.Initialize","Payload":["C:\\Users\\VC\\Downloads\\Daily_progress\\Mini_Project\\VideoStoreManagmentSoln\\Testing\\bin\\Debug\\net6.0\\fine-code-coverage\\build-output\\NUnit3.TestAdapter.dll"]}
TpTrace Verbose: 0 : 7324, 5, 2024/06/05, 20:41:40.464, 845228814357, vstest.console.dll, ParallelProxyExecutionManager.StartTestRunOnConcurrentManager: Execution starting. Started clients: 1
TpTrace Verbose: 0 : 7324, 13, 2024/06/05, 20:41:40.464, 845228815320, vstest.console.dll, TcpClientExtensions.MessageLoopAsync: NotifyDataAvailable remoteEndPoint: 127.0.0.1:60605 localEndPoint: 127.0.0.1:60604
TpTrace Verbose: 0 : 7324, 5, 2024/06/05, 20:41:40.464, 845228818505, vstest.console.dll, TestRunRequest:SendTestRunMessage: Starting.
TpTrace Verbose: 0 : 7324, 5, 2024/06/05, 20:41:40.465, 845228820587, vstest.console.dll, MulticastDelegateUtilities.SafeInvoke: TestRun.LogMessages: Invoking callback 1/1 for Microsoft.VisualStudio.TestPlatform.CommandLine.TestRunResultAggregator., took 0 ms.
TpTrace Information: 0 : 7324, 5, 2024/06/05, 20:41:40.465, 845228821237, vstest.console.dll, TestRunRequest:SendTestRunMessage: Completed.
TpTrace Verbose: 0 : 7324, 4, 2024/06/05, 20:41:40.465, 845228823176, vstest.console.dll, MulticastDelegateUtilities.SafeInvoke: InternalTestLoggerEvents.SendTestRunMessage: Invoking callback 1/1 for Microsoft.VisualStudio.TestPlatform.CommandLine.Internal.ConsoleLogger., took 0 ms.
TpTrace Warning: 0 : 7324, 5, 2024/06/05, 20:41:40.465, 845228825937, vstest.console.dll, InferRunSettingsHelper.MakeRunsettingsCompatible: Removing the following settings: TargetPlatform from RunSettings file. To use those settings please move to latest version of Microsoft.NET.Test.Sdk
TpTrace Verbose: 0 : 7324, 13, 2024/06/05, 20:41:40.466, 845228835772, vstest.console.dll, TestRequestSender.OnExecutionMessageReceived: Received message: {"Version":7,"MessageType":"TestSession.Message","Payload":{"MessageLevel":0,"Message":"Logging TestHost Diagnostics in file: C:\\Users\\VC\\Downloads\\Daily_progress\\Mini_Project\\VideoStoreManagmentSoln\\Testing\\bin\\Debug\\net6.0\\fine-code-coverage\\coverage-tool-output\\diagnostics.host.24-06-05_20-41-40_14276_5.log"}}
TpTrace Verbose: 0 : 7324, 13, 2024/06/05, 20:41:40.469, 845228863365, vstest.console.dll, TestRunRequest:SendTestRunMessage: Starting.
TpTrace Verbose: 0 : 7324, 13, 2024/06/05, 20:41:40.469, 845228865257, vstest.console.dll, MulticastDelegateUtilities.SafeInvoke: TestRun.LogMessages: Invoking callback 1/1 for Microsoft.VisualStudio.TestPlatform.CommandLine.TestRunResultAggregator., took 0 ms.
TpTrace Verbose: 0 : 7324, 4, 2024/06/05, 20:41:40.469, 845228865506, vstest.console.dll, MulticastDelegateUtilities.SafeInvoke: InternalTestLoggerEvents.SendTestRunMessage: Invoking callback 1/1 for Microsoft.VisualStudio.TestPlatform.CommandLine.Internal.ConsoleLogger., took 0 ms.
TpTrace Information: 0 : 7324, 13, 2024/06/05, 20:41:40.469, 845228866357, vstest.console.dll, TestRunRequest:SendTestRunMessage: Completed.
TpTrace Verbose: 0 : 7324, 13, 2024/06/05, 20:41:40.469, 845228867031, vstest.console.dll, MulticastDelegateUtilities.SafeInvoke: LengthPrefixCommunicationChannel: MessageReceived: Invoking callback 1/1 for Microsoft.VisualStudio.TestPlatform.CommunicationUtilities.TestRequestSender+<>c__DisplayClass34_0., took 3 ms.
TpTrace Verbose: 0 : 7324, 13, 2024/06/05, 20:41:40.469, 845228867414, vstest.console.dll, TcpClientExtensions.MessageLoopAsync: Polling on remoteEndPoint: 127.0.0.1:60605 localEndPoint: 127.0.0.1:60604 after 9 ms
TpTrace Verbose: 0 : 7324, 5, 2024/06/05, 20:41:40.476, 845228938880, vstest.console.dll, TestRequestSender.StartTestRun: Sending test run with message: {"Version":7,"MessageType":"TestExecution.StartWithSources","Payload":{"AdapterSourceMap":{"_none_":["C:\\Users\\VC\\Downloads\\Daily_progress\\Mini_Project\\VideoStoreManagmentSoln\\Testing\\bin\\Debug\\net6.0\\fine-code-coverage\\build-output\\Testing.dll"]},"RunSettings":"<RunSettings>\r\n  <RunConfiguration>\r\n    <ResultsDirectory>C:\\Users\\VC\\Downloads\\Daily_progress\\Mini_Project\\VideoStoreManagmentSoln\\Testing\\bin\\Debug\\net6.0\\fine-code-coverage\\coverage-tool-output</ResultsDirectory>\r\n    <TargetFrameworkVersion>.NETCoreApp,Version=v6.0</TargetFrameworkVersion>\r\n    <DesignMode>False</DesignMode>\r\n    <CollectSourceInformation>False</CollectSourceInformation>\r\n  </RunConfiguration>\r\n  <LoggerRunSettings>\r\n    <Loggers>\r\n      <Logger friendlyName=\"blame\" enabled=\"True\" />\r\n      <Logger friendlyName=\"Console\" uri=\"logger://microsoft/TestPlatform/ConsoleLogger/v1\" assemblyQualifiedName=\"Microsoft.VisualStudio.TestPlatform.CommandLine.Internal.ConsoleLogger, vstest.console, Version=15.0.0.0, Culture=neutral, PublicKeyToken=b03f5f7f11d50a3a\" codeBase=\"C:\\Program Files\\dotnet\\sdk\\8.0.204\\vstest.console.dll\" enabled=\"True\" />\r\n    </Loggers>\r\n  </LoggerRunSettings>\r\n  <DataCollectionRunSettings>\r\n    <DataCollectors>\r\n      <DataCollector friendlyName=\"blame\" enabled=\"True\">\r\n        <Configuration>\r\n          <ResultsDirectory>C:\\Users\\VC\\Downloads\\Daily_progress\\Mini_Project\\VideoStoreManagmentSoln\\Testing\\bin\\Debug\\net6.0\\fine-code-coverage\\coverage-tool-output</ResultsDirectory>\r\n        </Configuration>\r\n      </DataCollector>\r\n    </DataCollectors>\r\n  </DataCollectionRunSettings>\r\n</RunSettings>","TestExecutionContext":{"FrequencyOfRunStatsChangeEvent":10,"RunStatsChangeEventTimeout":"00:00:01.5000000","InIsolation":false,"KeepAlive":false,"AreTestCaseLevelEventsRequired":false,"IsDebug":false,"TestCaseFilter":null,"FilterOptions":null},"Package":null}}
TpTrace Verbose: 0 : 7324, 5, 2024/06/05, 20:41:40.477, 845228941305, vstest.console.dll, ParallelProxyExecutionManager.StartTestRunOnConcurrentManager: Execution started. Started clients: 1
TpTrace Verbose: 0 : 7324, 13, 2024/06/05, 20:41:40.645, 845230629239, vstest.console.dll, TcpClientExtensions.MessageLoopAsync: NotifyDataAvailable remoteEndPoint: 127.0.0.1:60605 localEndPoint: 127.0.0.1:60604
TpTrace Verbose: 0 : 7324, 13, 2024/06/05, 20:41:40.646, 845230631726, vstest.console.dll, TestRequestSender.OnExecutionMessageReceived: Received message: {"Version":7,"MessageType":"TestSession.Message","Payload":{"MessageLevel":0,"Message":"NUnit Adapter 4.4.0.0: Test execution started"}}
TpTrace Verbose: 0 : 7324, 13, 2024/06/05, 20:41:40.646, 845230634374, vstest.console.dll, TestRunRequest:SendTestRunMessage: Starting.
TpTrace Verbose: 0 : 7324, 13, 2024/06/05, 20:41:40.646, 845230635556, vstest.console.dll, MulticastDelegateUtilities.SafeInvoke: TestRun.LogMessages: Invoking callback 1/1 for Microsoft.VisualStudio.TestPlatform.CommandLine.TestRunResultAggregator., took 0 ms.
TpTrace Information: 0 : 7324, 13, 2024/06/05, 20:41:40.646, 845230636043, vstest.console.dll, TestRunRequest:SendTestRunMessage: Completed.
TpTrace Verbose: 0 : 7324, 13, 2024/06/05, 20:41:40.646, 845230636484, vstest.console.dll, MulticastDelegateUtilities.SafeInvoke: LengthPrefixCommunicationChannel: MessageReceived: Invoking callback 1/1 for Microsoft.VisualStudio.TestPlatform.CommunicationUtilities.TestRequestSender+<>c__DisplayClass34_0., took 0 ms.
TpTrace Verbose: 0 : 7324, 13, 2024/06/05, 20:41:40.646, 845230636942, vstest.console.dll, TcpClientExtensions.MessageLoopAsync: Polling on remoteEndPoint: 127.0.0.1:60605 localEndPoint: 127.0.0.1:60604 after 176 ms
TpTrace Verbose: 0 : 7324, 4, 2024/06/05, 20:41:40.646, 845230636736, vstest.console.dll, MulticastDelegateUtilities.SafeInvoke: InternalTestLoggerEvents.SendTestRunMessage: Invoking callback 1/1 for Microsoft.VisualStudio.TestPlatform.CommandLine.Internal.ConsoleLogger., took 0 ms.
TpTrace Verbose: 0 : 7324, 13, 2024/06/05, 20:41:40.679, 845230960889, vstest.console.dll, TcpClientExtensions.MessageLoopAsync: NotifyDataAvailable remoteEndPoint: 127.0.0.1:60605 localEndPoint: 127.0.0.1:60604
TpTrace Verbose: 0 : 7324, 13, 2024/06/05, 20:41:40.679, 845230965802, vstest.console.dll, TestRequestSender.OnExecutionMessageReceived: Received message: {"Version":7,"MessageType":"TestSession.Message","Payload":{"MessageLevel":0,"Message":"Running all tests in C:\\Users\\VC\\Downloads\\Daily_progress\\Mini_Project\\VideoStoreManagmentSoln\\Testing\\bin\\Debug\\net6.0\\fine-code-coverage\\build-output\\Testing.dll"}}
TpTrace Verbose: 0 : 7324, 13, 2024/06/05, 20:41:40.679, 845230967148, vstest.console.dll, TestRunRequest:SendTestRunMessage: Starting.
TpTrace Verbose: 0 : 7324, 13, 2024/06/05, 20:41:40.679, 845230967884, vstest.console.dll, MulticastDelegateUtilities.SafeInvoke: TestRun.LogMessages: Invoking callback 1/1 for Microsoft.VisualStudio.TestPlatform.CommandLine.TestRunResultAggregator., took 0 ms.
TpTrace Verbose: 0 : 7324, 4, 2024/06/05, 20:41:40.679, 845230968160, vstest.console.dll, MulticastDelegateUtilities.SafeInvoke: InternalTestLoggerEvents.SendTestRunMessage: Invoking callback 1/1 for Microsoft.VisualStudio.TestPlatform.CommandLine.Internal.ConsoleLogger., took 0 ms.
TpTrace Information: 0 : 7324, 13, 2024/06/05, 20:41:40.679, 845230968285, vstest.console.dll, TestRunRequest:SendTestRunMessage: Completed.
TpTrace Verbose: 0 : 7324, 13, 2024/06/05, 20:41:40.679, 845230969889, vstest.console.dll, MulticastDelegateUtilities.SafeInvoke: LengthPrefixCommunicationChannel: MessageReceived: Invoking callback 1/1 for Microsoft.VisualStudio.TestPlatform.CommunicationUtilities.TestRequestSender+<>c__DisplayClass34_0., took 0 ms.
TpTrace Verbose: 0 : 7324, 13, 2024/06/05, 20:41:40.680, 845230970515, vstest.console.dll, TcpClientExtensions.MessageLoopAsync: Polling on remoteEndPoint: 127.0.0.1:60605 localEndPoint: 127.0.0.1:60604 after 33 ms
TpTrace Verbose: 0 : 7324, 13, 2024/06/05, 20:41:40.794, 845232113523, vstest.console.dll, TcpClientExtensions.MessageLoopAsync: NotifyDataAvailable remoteEndPoint: 127.0.0.1:60605 localEndPoint: 127.0.0.1:60604
TpTrace Verbose: 0 : 7324, 13, 2024/06/05, 20:41:40.794, 845232115923, vstest.console.dll, TestRequestSender.OnExecutionMessageReceived: Received message: {"Version":7,"MessageType":"TestSession.Message","Payload":{"MessageLevel":0,"Message":"   NUnit3TestExecutor discovered 32 of 32 NUnit test cases using Current Discovery mode, Non-Explicit run"}}
TpTrace Verbose: 0 : 7324, 13, 2024/06/05, 20:41:40.794, 845232117420, vstest.console.dll, TestRunRequest:SendTestRunMessage: Starting.
TpTrace Verbose: 0 : 7324, 13, 2024/06/05, 20:41:40.794, 845232118082, vstest.console.dll, MulticastDelegateUtilities.SafeInvoke: TestRun.LogMessages: Invoking callback 1/1 for Microsoft.VisualStudio.TestPlatform.CommandLine.TestRunResultAggregator., took 0 ms.
TpTrace Verbose: 0 : 7324, 4, 2024/06/05, 20:41:40.794, 845232118352, vstest.console.dll, MulticastDelegateUtilities.SafeInvoke: InternalTestLoggerEvents.SendTestRunMessage: Invoking callback 1/1 for Microsoft.VisualStudio.TestPlatform.CommandLine.Internal.ConsoleLogger., took 0 ms.
TpTrace Information: 0 : 7324, 13, 2024/06/05, 20:41:40.794, 845232118474, vstest.console.dll, TestRunRequest:SendTestRunMessage: Completed.
TpTrace Verbose: 0 : 7324, 13, 2024/06/05, 20:41:40.794, 845232119357, vstest.console.dll, MulticastDelegateUtilities.SafeInvoke: LengthPrefixCommunicationChannel: MessageReceived: Invoking callback 1/1 for Microsoft.VisualStudio.TestPlatform.CommunicationUtilities.TestRequestSender+<>c__DisplayClass34_0., took 0 ms.
TpTrace Verbose: 0 : 7324, 13, 2024/06/05, 20:41:40.794, 845232119699, vstest.console.dll, TcpClientExtensions.MessageLoopAsync: Polling on remoteEndPoint: 127.0.0.1:60605 localEndPoint: 127.0.0.1:60604 after 114 ms
TpTrace Verbose: 0 : 7324, 13, 2024/06/05, 20:41:41.790, 845242072012, vstest.console.dll, TcpClientExtensions.MessageLoopAsync: Polling on remoteEndPoint: 127.0.0.1:60605 localEndPoint: 127.0.0.1:60604 after 995 ms
TpTrace Verbose: 0 : 7324, 13, 2024/06/05, 20:41:41.809, 845242263457, vstest.console.dll, TcpClientExtensions.MessageLoopAsync: NotifyDataAvailable remoteEndPoint: 127.0.0.1:60605 localEndPoint: 127.0.0.1:60604
TpTrace Verbose: 0 : 7324, 13, 2024/06/05, 20:41:41.809, 845242268519, vstest.console.dll, TestRequestSender.OnExecutionMessageReceived: Received message: {"Version":7,"MessageType":"TestExecution.StatsChange","Payload":{"NewTestResults":[{"TestCase":{"Id":"1cae1de3-2472-810b-9cc7-a984489bcc5e","FullyQualifiedName":"VideoStoreManagmentAPI.Test.Repositories.CartItemRepositoryTests.AddAsync_ShouldAddCartItem","DisplayName":"AddAsync_ShouldAddCartItem","ExecutorUri":"executor://NUnit3TestExecutor","Source":"C:\\Users\\VC\\Downloads\\Daily_progress\\Mini_Project\\VideoStoreManagmentSoln\\Testing\\bin\\Debug\\net6.0\\fine-code-coverage\\build-output\\Testing.dll","CodeFilePath":null,"LineNumber":0,"Properties":[{"Key":{"Id":"NUnit.Seed","Label":"Seed","Category":"","Description":"","Attributes":0,"ValueType":"System.String"},"Value":"2113627906"}]},"Attachments":[],"Outcome":1,"ErrorMessage":null,"ErrorStackTrace":null,"DisplayName":"AddAsync_ShouldAddCartItem","Messages":[],"ComputerName":"353CBX3","Duration":"00:00:00.6569140","StartTime":"2024-06-05T15:11:40.818226+00:00","EndTime":"2024-06-05T15:11:41.4750573+00:00","Properties":[{"Key":{"Id":"NUnit.Seed","Label":"Seed","Category":"","Description":"","Attributes":0,"ValueType":"System.String"},"Value":"2113627906"}]},{"TestCase":{"Id":"17d5c08e-e54f-d0a0-5664-2a6bc1f55191","FullyQualifiedName":"VideoStoreManagmentAPI.Test.Repositories.CartItemRepositoryTests.Delete_ShouldDeleteCartItem","DisplayName":"Delete_ShouldDeleteCartItem","ExecutorUri":"executor://NUnit3TestExecutor","Source":"C:\\Users\\VC\\Downloads\\Daily_progress\\Mini_Project\\VideoStoreManagmentSoln\\Testing\\bin\\Debug\\net6.0\\fine-code-coverage\\build-output\\Testing.dll","CodeFilePath":null,"LineNumber":0,"Properties":[{"Key":{"Id":"NUnit.Seed","Label":"Seed","Category":"","Description":"","Attributes":0,"ValueType":"System.String"},"Value":"1449496582"}]},"Attachments":[],"Outcome":1,"ErrorMessage":null,"ErrorStackTrace":null,"DisplayName":"Delete_ShouldDeleteCartItem","Messages":[],"ComputerName":"353CBX3","Duration":"00:00:00.1735210","StartTime":"2024-06-05T15:11:41.4763512+00:00","EndTime":"2024-06-05T15:11:41.649872+00:00","Properties":[{"Key":{"Id":"NUnit.Seed","Label":"Seed","Category":"","Description":"","Attributes":0,"ValueType":"System.String"},"Value":"1449496582"}]},{"TestCase":{"Id":"1d069db0-5828-8960-33e7-54b6510b44d9","FullyQualifiedName":"VideoStoreManagmentAPI.Test.Repositories.CartItemRepositoryTests.GetAllAsync_ShouldReturnAllCartItems","DisplayName":"GetAllAsync_ShouldReturnAllCartItems","ExecutorUri":"executor://NUnit3TestExecutor","Source":"C:\\Users\\VC\\Downloads\\Daily_progress\\Mini_Project\\VideoStoreManagmentSoln\\Testing\\bin\\Debug\\net6.0\\fine-code-coverage\\build-output\\Testing.dll","CodeFilePath":null,"LineNumber":0,"Properties":[{"Key":{"Id":"NUnit.Seed","Label":"Seed","Category":"","Description":"","Attributes":0,"ValueType":"System.String"},"Value":"271290865"}]},"Attachments":[],"Outcome":1,"ErrorMessage":null,"ErrorStackTrace":null,"DisplayName":"GetAllAsync_ShouldReturnAllCartItems","Messages":[],"ComputerName":"353CBX3","Duration":"00:00:00.0308040","StartTime":"2024-06-05T15:11:41.6499282+00:00","EndTime":"2024-06-05T15:11:41.6807322+00:00","Properties":[{"Key":{"Id":"NUnit.Seed","Label":"Seed","Category":"","Description":"","Attributes":0,"ValueType":"System.String"},"Value":"271290865"}]},{"TestCase":{"Id":"684b7ac9-681d-be62-35db-12ba41f300b7","FullyQualifiedName":"VideoStoreManagmentAPI.Test.Repositories.CartItemRepositoryTests.GetByIdAsync_ShouldReturnCartItem","DisplayName":"GetByIdAsync_ShouldReturnCartItem","ExecutorUri":"executor://NUnit3TestExecutor","Source":"C:\\Users\\VC\\Downloads\\Daily_progress\\Mini_Project\\VideoStoreManagmentSoln\\Testing\\bin\\Debug\\net6.0\\fine-code-coverage\\build-output\\Testing.dll","CodeFilePath":null,"LineNumber":0,"Properties":[{"Key":{"Id":"NUnit.Seed","Label":"Seed","Category":"","Description":"","Attributes":0,"ValueType":"System.String"},"Value":"696477813"}]},"Attachments":[],"Outcome":1,"ErrorMessage":null,"ErrorStackTrace":null,"DisplayName":"GetByIdAsync_ShouldReturnCartItem","Messages":[],"ComputerName":"353CBX3","Duration":"00:00:00.0012280","StartTime":"2024-06-05T15:11:41.6807662+00:00","EndTime":"2024-06-05T15:11:41.6819946+00:00","Properties":[{"Key":{"Id":"NUnit.Seed","Label":"Seed","Category":"","Description":"","Attributes":0,"ValueType":"System.String"},"Value":"696477813"}]},{"TestCase":{"Id":"7023e98c-b7fa-ac71-ad74-02e98be0a0e6","FullyQualifiedName":"VideoStoreManagmentAPI.Test.Repositories.CartItemRepositoryTests.GetByIdAsync_ShouldThrowNoCartItemWithGivenIDException","DisplayName":"GetByIdAsync_ShouldThrowNoCartItemWithGivenIDException","ExecutorUri":"executor://NUnit3TestExecutor","Source":"C:\\Users\\VC\\Downloads\\Daily_progress\\Mini_Project\\VideoStoreManagmentSoln\\Testing\\bin\\Debug\\net6.0\\fine-code-coverage\\build-output\\Testing.dll","CodeFilePath":null,"LineNumber":0,"Properties":[{"Key":{"Id":"NUnit.Seed","Label":"Seed","Category":"","Description":"","Attributes":0,"ValueType":"System.String"},"Value":"1091020973"}]},"Attachments":[],"Outcome":1,"ErrorMessage":null,"ErrorStackTrace":null,"DisplayName":"GetByIdAsync_ShouldThrowNoCartItemWithGivenIDException","Messages":[],"ComputerName":"353CBX3","Duration":"00:00:00.0032299","StartTime":"2024-06-05T15:11:41.6820134+00:00","EndTime":"2024-06-05T15:11:41.6852432+00:00","Properties":[{"Key":{"Id":"NUnit.Seed","Label":"Seed","Category":"","Description":"","Attributes":0,"ValueType":"System.String"},"Value":"1091020973"}]},{"TestCase":{"Id":"fbaafd82-b393-c23f-2a72-008081a9cb14","FullyQualifiedName":"VideoStoreManagmentAPI.Test.Repositories.CartItemRepositoryTests.Update_ShouldUpdateCartItem","DisplayName":"Update_ShouldUpdateCartItem","ExecutorUri":"executor://NUnit3TestExecutor","Source":"C:\\Users\\VC\\Downloads\\Daily_progress\\Mini_Project\\VideoStoreManagmentSoln\\Testing\\bin\\Debug\\net6.0\\fine-code-coverage\\build-output\\Testing.dll","CodeFilePath":null,"LineNumber":0,"Properties":[{"Key":{"Id":"NUnit.Seed","Label":"Seed","Category":"","Description":"","Attributes":0,"ValueType":"System.String"},"Value":"239403760"}]},"Attachments":[],"Outcome":1,"ErrorMessage":null,"ErrorStackTrace":null,"DisplayName":"Update_ShouldUpdateCartItem","Messages":[],"ComputerName":"353CBX3","Duration":"00:00:00.0034660","StartTime":"2024-06-05T15:11:41.6852628+00:00","EndTime":"2024-06-05T15:11:41.6887292+00:00","Properties":[{"Key":{"Id":"NUnit.Seed","Label":"Seed","Category":"","Description":"","Attributes":0,"ValueType":"System.String"},"Value":"239403760"}]},{"TestCase":{"Id":"15213a56-9001-cca0-55b5-dec593a92b17","FullyQualifiedName":"VideoStoreManagmentAPI.Test.Repositories.CartRepositoryTests.CreateCartAsync_ShouldCreateAndReturnCart","DisplayName":"CreateCartAsync_ShouldCreateAndReturnCart","ExecutorUri":"executor://NUnit3TestExecutor","Source":"C:\\Users\\VC\\Downloads\\Daily_progress\\Mini_Project\\VideoStoreManagmentSoln\\Testing\\bin\\Debug\\net6.0\\fine-code-coverage\\build-output\\Testing.dll","CodeFilePath":null,"LineNumber":0,"Properties":[{"Key":{"Id":"NUnit.Seed","Label":"Seed","Category":"","Description":"","Attributes":0,"ValueType":"System.String"},"Value":"1983873432"}]},"Attachments":[],"Outcome":1,"ErrorMessage":null,"ErrorStackTrace":null,"DisplayName":"CreateCartAsync_ShouldCreateAndReturnCart","Messages":[],"ComputerName":"353CBX3","Duration":"00:00:00.0129730","StartTime":"2024-06-05T15:11:41.6913894+00:00","EndTime":"2024-06-05T15:11:41.7043624+00:00","Properties":[{"Key":{"Id":"NUnit.Seed","Label":"Seed","Category":"","Description":"","Attributes":0,"ValueType":"System.String"},"Value":"1983873432"}]},{"TestCase":{"Id":"3e974316-9c5a-c32f-9a8a-bf068056805d","FullyQualifiedName":"VideoStoreManagmentAPI.Test.Repositories.CartRepositoryTests.CreateCartAsync_ShouldThrowException_WhenExceptionOccurs","DisplayName":"CreateCartAsync_ShouldThrowException_WhenExceptionOccurs","ExecutorUri":"executor://NUnit3TestExecutor","Source":"C:\\Users\\VC\\Downloads\\Daily_progress\\Mini_Project\\VideoStoreManagmentSoln\\Testing\\bin\\Debug\\net6.0\\fine-code-coverage\\build-output\\Testing.dll","CodeFilePath":null,"LineNumber":0,"Properties":[{"Key":{"Id":"NUnit.Seed","Label":"Seed","Category":"","Description":"","Attributes":0,"ValueType":"System.String"},"Value":"1054247455"}]},"Attachments":[],"Outcome":2,"ErrorMessage":"  Expected: <System.Exception>\r\n  But was:  null\r\n","ErrorStackTrace":"   at VideoStoreManagmentAPI.Test.Repositories.CartRepositoryTests.CreateCartAsync_ShouldThrowException_WhenExceptionOccurs() in C:\\Users\\VC\\Downloads\\Daily_progress\\Mini_Project\\VideoStoreManagmentSoln\\Testing\\RepositoryTests\\CartRepositoryTests.cs:line 80\r\n\n1)    at VideoStoreManagmentAPI.Test.Repositories.CartRepositoryTests.CreateCartAsync_ShouldThrowException_WhenExceptionOccurs() in C:\\Users\\VC\\Downloads\\Daily_progress\\Mini_Project\\VideoStoreManagmentSoln\\Testing\\RepositoryTests\\CartRepositoryTests.cs:line 80\r\n\n","DisplayName":"CreateCartAsync_ShouldThrowException_WhenExceptionOccurs","Messages":[],"ComputerName":"353CBX3","Duration":"00:00:00.0229730","StartTime":"2024-06-05T15:11:41.7044001+00:00","EndTime":"2024-06-05T15:11:41.727373+00:00","Properties":[{"Key":{"Id":"NUnit.Seed","Label":"Seed","Category":"","Description":"","Attributes":0,"ValueType":"System.String"},"Value":"1054247455"}]},{"TestCase":{"Id":"36e07155-391e-15fb-4dec-22fd188de90b","FullyQualifiedName":"VideoStoreManagmentAPI.Test.Repositories.CartRepositoryTests.GetCartAsync_ShouldReturnCart_WhenCartExists","DisplayName":"GetCartAsync_ShouldReturnCart_WhenCartExists","ExecutorUri":"executor://NUnit3TestExecutor","Source":"C:\\Users\\VC\\Downloads\\Daily_progress\\Mini_Project\\VideoStoreManagmentSoln\\Testing\\bin\\Debug\\net6.0\\fine-code-coverage\\build-output\\Testing.dll","CodeFilePath":null,"LineNumber":0,"Properties":[{"Key":{"Id":"NUnit.Seed","Label":"Seed","Category":"","Description":"","Attributes":0,"ValueType":"System.String"},"Value":"260974520"}]},"Attachments":[],"Outcome":1,"ErrorMessage":null,"ErrorStackTrace":null,"DisplayName":"GetCartAsync_ShouldReturnCart_WhenCartExists","Messages":[],"ComputerName":"353CBX3","Duration":"00:00:00.0498850","StartTime":"2024-06-05T15:11:41.7275622+00:00","EndTime":"2024-06-05T15:11:41.7774464+00:00","Properties":[{"Key":{"Id":"NUnit.Seed","Label":"Seed","Category":"","Description":"","Attributes":0,"ValueType":"System.String"},"Value":"260974520"}]}],"TestRunStatistics":{"ExecutedTests":9,"Stats":{"Passed":8,"Failed":1}},"ActiveTests":[{"Id":"7fcb8152-8d63-d501-c2b2-fbe87e280c1b","FullyQualifiedName":"VideoStoreManagmentAPI.Test.Repositories.CartRepositoryTests.GetCartAsync_ShouldThrowCartException_WhenExceptionOccurs","DisplayName":"GetCartAsync_ShouldThrowCartException_WhenExceptionOccurs","ExecutorUri":"executor://NUnit3TestExecutor","Source":"C:\\Users\\VC\\Downloads\\Daily_progress\\Mini_Project\\VideoStoreManagmentSoln\\Testing\\bin\\Debug\\net6.0\\fine-code-coverage\\build-output\\Testing.dll","CodeFilePath":null,"LineNumber":0,"Properties":[{"Key":{"Id":"NUnit.Seed","Label":"Seed","Category":"","Description":"","Attributes":0,"ValueType":"System.String"},"Value":"842958017"}]}]}}
TpTrace Verbose: 0 : 7324, 13, 2024/06/05, 20:41:41.840, 845242577532, vstest.console.dll, TestRunRequest:SendTestRunStatsChange: Starting.
TpTrace Verbose: 0 : 7324, 13, 2024/06/05, 20:41:41.840, 845242578968, vstest.console.dll, InProgress is GetCartAsync_ShouldThrowCartException_WhenExceptionOccurs
TpTrace Verbose: 0 : 7324, 13, 2024/06/05, 20:41:41.841, 845242581001, vstest.console.dll, MulticastDelegateUtilities.SafeInvoke: TestRun.RunStatsChanged: Invoking callbacks was skipped because there are no subscribers.
TpTrace Information: 0 : 7324, 13, 2024/06/05, 20:41:41.841, 845242581574, vstest.console.dll, TestRunRequest:SendTestRunStatsChange: Completed.
TpTrace Verbose: 0 : 7324, 13, 2024/06/05, 20:41:41.841, 845242582076, vstest.console.dll, MulticastDelegateUtilities.SafeInvoke: LengthPrefixCommunicationChannel: MessageReceived: Invoking callback 1/1 for Microsoft.VisualStudio.TestPlatform.CommunicationUtilities.TestRequestSender+<>c__DisplayClass34_0., took 31 ms.
TpTrace Verbose: 0 : 7324, 13, 2024/06/05, 20:41:41.841, 845242582488, vstest.console.dll, TcpClientExtensions.MessageLoopAsync: Polling on remoteEndPoint: 127.0.0.1:60605 localEndPoint: 127.0.0.1:60604 after 50 ms
TpTrace Verbose: 0 : 7324, 4, 2024/06/05, 20:41:41.842, 845242596883, vstest.console.dll, MulticastDelegateUtilities.SafeInvoke: InternalTestLoggerEvents.SendTestResult: Invoking callback 1/1 for Microsoft.VisualStudio.TestPlatform.CommandLine.Internal.ConsoleLogger., took 1 ms.
TpTrace Verbose: 0 : 7324, 4, 2024/06/05, 20:41:41.843, 845242601002, vstest.console.dll, MulticastDelegateUtilities.SafeInvoke: InternalTestLoggerEvents.SendTestResult: Invoking callback 1/1 for Microsoft.VisualStudio.TestPlatform.CommandLine.Internal.ConsoleLogger., took 0 ms.
TpTrace Verbose: 0 : 7324, 4, 2024/06/05, 20:41:41.843, 845242602077, vstest.console.dll, MulticastDelegateUtilities.SafeInvoke: InternalTestLoggerEvents.SendTestResult: Invoking callback 1/1 for Microsoft.VisualStudio.TestPlatform.CommandLine.Internal.ConsoleLogger., took 0 ms.
TpTrace Verbose: 0 : 7324, 4, 2024/06/05, 20:41:41.843, 845242602733, vstest.console.dll, MulticastDelegateUtilities.SafeInvoke: InternalTestLoggerEvents.SendTestResult: Invoking callback 1/1 for Microsoft.VisualStudio.TestPlatform.CommandLine.Internal.ConsoleLogger., took 0 ms.
TpTrace Verbose: 0 : 7324, 4, 2024/06/05, 20:41:41.843, 845242603296, vstest.console.dll, MulticastDelegateUtilities.SafeInvoke: InternalTestLoggerEvents.SendTestResult: Invoking callback 1/1 for Microsoft.VisualStudio.TestPlatform.CommandLine.Internal.ConsoleLogger., took 0 ms.
TpTrace Verbose: 0 : 7324, 4, 2024/06/05, 20:41:41.843, 845242603872, vstest.console.dll, MulticastDelegateUtilities.SafeInvoke: InternalTestLoggerEvents.SendTestResult: Invoking callback 1/1 for Microsoft.VisualStudio.TestPlatform.CommandLine.Internal.ConsoleLogger., took 0 ms.
TpTrace Verbose: 0 : 7324, 4, 2024/06/05, 20:41:41.843, 845242604307, vstest.console.dll, MulticastDelegateUtilities.SafeInvoke: InternalTestLoggerEvents.SendTestResult: Invoking callback 1/1 for Microsoft.VisualStudio.TestPlatform.CommandLine.Internal.ConsoleLogger., took 0 ms.
TpTrace Verbose: 0 : 7324, 4, 2024/06/05, 20:41:41.844, 845242610756, vstest.console.dll, MulticastDelegateUtilities.SafeInvoke: InternalTestLoggerEvents.SendTestResult: Invoking callback 1/1 for Microsoft.VisualStudio.TestPlatform.CommandLine.Internal.ConsoleLogger., took 0 ms.
TpTrace Verbose: 0 : 7324, 4, 2024/06/05, 20:41:41.844, 845242612054, vstest.console.dll, MulticastDelegateUtilities.SafeInvoke: InternalTestLoggerEvents.SendTestResult: Invoking callback 1/1 for Microsoft.VisualStudio.TestPlatform.CommandLine.Internal.ConsoleLogger., took 0 ms.
TpTrace Verbose: 0 : 7324, 13, 2024/06/05, 20:41:41.906, 845243239853, vstest.console.dll, TcpClientExtensions.MessageLoopAsync: NotifyDataAvailable remoteEndPoint: 127.0.0.1:60605 localEndPoint: 127.0.0.1:60604
TpTrace Verbose: 0 : 7324, 13, 2024/06/05, 20:41:41.907, 845243247279, vstest.console.dll, TestRequestSender.OnExecutionMessageReceived: Received message: {"Version":7,"MessageType":"TestExecution.StatsChange","Payload":{"NewTestResults":[{"TestCase":{"Id":"7fcb8152-8d63-d501-c2b2-fbe87e280c1b","FullyQualifiedName":"VideoStoreManagmentAPI.Test.Repositories.CartRepositoryTests.GetCartAsync_ShouldThrowCartException_WhenExceptionOccurs","DisplayName":"GetCartAsync_ShouldThrowCartException_WhenExceptionOccurs","ExecutorUri":"executor://NUnit3TestExecutor","Source":"C:\\Users\\VC\\Downloads\\Daily_progress\\Mini_Project\\VideoStoreManagmentSoln\\Testing\\bin\\Debug\\net6.0\\fine-code-coverage\\build-output\\Testing.dll","CodeFilePath":null,"LineNumber":0,"Properties":[{"Key":{"Id":"NUnit.Seed","Label":"Seed","Category":"","Description":"","Attributes":0,"ValueType":"System.String"},"Value":"842958017"}]},"Attachments":[],"Outcome":2,"ErrorMessage":"  Expected: <CartException>\r\n  But was:  null\r\n","ErrorStackTrace":"   at VideoStoreManagmentAPI.Test.Repositories.CartRepositoryTests.GetCartAsync_ShouldThrowCartException_WhenExceptionOccurs() in C:\\Users\\VC\\Downloads\\Daily_progress\\Mini_Project\\VideoStoreManagmentSoln\\Testing\\RepositoryTests\\CartRepositoryTests.cs:line 53\r\n\n1)    at VideoStoreManagmentAPI.Test.Repositories.CartRepositoryTests.GetCartAsync_ShouldThrowCartException_WhenExceptionOccurs() in C:\\Users\\VC\\Downloads\\Daily_progress\\Mini_Project\\VideoStoreManagmentSoln\\Testing\\RepositoryTests\\CartRepositoryTests.cs:line 53\r\n\n","DisplayName":"GetCartAsync_ShouldThrowCartException_WhenExceptionOccurs","Messages":[],"ComputerName":"353CBX3","Duration":"00:00:00.0020680","StartTime":"2024-06-05T15:11:41.7774817+00:00","EndTime":"2024-06-05T15:11:41.7795499+00:00","Properties":[{"Key":{"Id":"NUnit.Seed","Label":"Seed","Category":"","Description":"","Attributes":0,"ValueType":"System.String"},"Value":"842958017"}]},{"TestCase":{"Id":"bc38c14f-a365-503a-850f-aa48ef283485","FullyQualifiedName":"VideoStoreManagmentAPI.Test.Repositories.CartRepositoryTests.GetCartItemAsync_ShouldReturnCartItem_WhenItemExists","DisplayName":"GetCartItemAsync_ShouldReturnCartItem_WhenItemExists","ExecutorUri":"executor://NUnit3TestExecutor","Source":"C:\\Users\\VC\\Downloads\\Daily_progress\\Mini_Project\\VideoStoreManagmentSoln\\Testing\\bin\\Debug\\net6.0\\fine-code-coverage\\build-output\\Testing.dll","CodeFilePath":null,"LineNumber":0,"Properties":[{"Key":{"Id":"NUnit.Seed","Label":"Seed","Category":"","Description":"","Attributes":0,"ValueType":"System.String"},"Value":"1873467952"}]},"Attachments":[],"Outcome":2,"ErrorMessage":"  Expected: not null\r\n  But was:  null\r\n","ErrorStackTrace":"   at VideoStoreManagmentAPI.Test.Repositories.CartRepositoryTests.GetCartItemAsync_ShouldReturnCartItem_WhenItemExists() in C:\\Users\\VC\\Downloads\\Daily_progress\\Mini_Project\\VideoStoreManagmentSoln\\Testing\\RepositoryTests\\CartRepositoryTests.cs:line 99\r\n   at NUnit.Framework.Internal.TaskAwaitAdapter.GenericAdapter`1.GetResult()\r\n   at NUnit.Framework.Internal.AsyncToSyncAdapter.Await(Func`1 invoke)\r\n   at NUnit.Framework.Internal.Commands.TestMethodCommand.RunTestMethod(TestExecutionContext context)\r\n   at NUnit.Framework.Internal.Commands.TestMethodCommand.Execute(TestExecutionContext context)\r\n   at NUnit.Framework.Internal.Execution.SimpleWorkItem.<>c__DisplayClass4_0.<PerformWork>b__0()\r\n   at NUnit.Framework.Internal.ContextUtils.<>c__DisplayClass1_0`1.<DoIsolated>b__0(Object _)\r\n\n1)    at VideoStoreManagmentAPI.Test.Repositories.CartRepositoryTests.GetCartItemAsync_ShouldReturnCartItem_WhenItemExists() in C:\\Users\\VC\\Downloads\\Daily_progress\\Mini_Project\\VideoStoreManagmentSoln\\Testing\\RepositoryTests\\CartRepositoryTests.cs:line 99\r\n   at System.Runtime.CompilerServices.AsyncMethodBuilderCore.Start[TStateMachine](TStateMachine& stateMachine)\r\n   at VideoStoreManagmentAPI.Test.Repositories.CartRepositoryTests.GetCartItemAsync_ShouldReturnCartItem_WhenItemExists()\r\n\n","DisplayName":"GetCartItemAsync_ShouldReturnCartItem_WhenItemExists","Messages":[],"ComputerName":"353CBX3","Duration":"00:00:00.0082270","StartTime":"2024-06-05T15:11:41.7795715+00:00","EndTime":"2024-06-05T15:11:41.7877984+00:00","Properties":[{"Key":{"Id":"NUnit.Seed","Label":"Seed","Category":"","Description":"","Attributes":0,"ValueType":"System.String"},"Value":"1873467952"}]},{"TestCase":{"Id":"df63ef88-02db-cebc-571c-70ffdf47c133","FullyQualifiedName":"VideoStoreManagmentAPI.Test.Repositories.CartRepositoryTests.GetVideoAsync_ShouldReturnVideo_WhenVideoExists","DisplayName":"GetVideoAsync_ShouldReturnVideo_WhenVideoExists","ExecutorUri":"executor://NUnit3TestExecutor","Source":"C:\\Users\\VC\\Downloads\\Daily_progress\\Mini_Project\\VideoStoreManagmentSoln\\Testing\\bin\\Debug\\net6.0\\fine-code-coverage\\build-output\\Testing.dll","CodeFilePath":null,"LineNumber":0,"Properties":[{"Key":{"Id":"NUnit.Seed","Label":"Seed","Category":"","Description":"","Attributes":0,"ValueType":"System.String"},"Value":"250700948"}]},"Attachments":[],"Outcome":2,"ErrorMessage":"Microsoft.EntityFrameworkCore.DbUpdateException : Required properties '{'Description'}' are missing for the instance of entity type 'Videos'. Consider using 'DbContextOptionsBuilder.EnableSensitiveDataLogging' to see the entity key value.","ErrorStackTrace":"   at Microsoft.EntityFrameworkCore.InMemory.Storage.Internal.InMemoryTable`1.ThrowNullabilityErrorException(IUpdateEntry entry, IList`1 nullabilityErrors)\r\n   at Microsoft.EntityFrameworkCore.InMemory.Storage.Internal.InMemoryTable`1.Create(IUpdateEntry entry)\r\n   at Microsoft.EntityFrameworkCore.InMemory.Storage.Internal.InMemoryStore.ExecuteTransaction(IList`1 entries, IDiagnosticsLogger`1 updateLogger)\r\n   at Microsoft.EntityFrameworkCore.InMemory.Storage.Internal.InMemoryDatabase.SaveChangesAsync(IList`1 entries, CancellationToken cancellationToken)\r\n   at Microsoft.EntityFrameworkCore.ChangeTracking.Internal.StateManager.SaveChangesAsync(IList`1 entriesToSave, CancellationToken cancellationToken)\r\n   at Microsoft.EntityFrameworkCore.ChangeTracking.Internal.StateManager.SaveChangesAsync(StateManager stateManager, Boolean acceptAllChangesOnSuccess, CancellationToken cancellationToken)\r\n   at Microsoft.EntityFrameworkCore.DbContext.SaveChangesAsync(Boolean acceptAllChangesOnSuccess, CancellationToken cancellationToken)\r\n   at Microsoft.EntityFrameworkCore.DbContext.SaveChangesAsync(Boolean acceptAllChangesOnSuccess, CancellationToken cancellationToken)\r\n   at VideoStoreManagmentAPI.Test.Repositories.CartRepositoryTests.GetVideoAsync_ShouldReturnVideo_WhenVideoExists() in C:\\Users\\VC\\Downloads\\Daily_progress\\Mini_Project\\VideoStoreManagmentSoln\\Testing\\RepositoryTests\\CartRepositoryTests.cs:line 112\r\n   at NUnit.Framework.Internal.TaskAwaitAdapter.GenericAdapter`1.GetResult()\r\n   at NUnit.Framework.Internal.AsyncToSyncAdapter.Await(Func`1 invoke)\r\n   at NUnit.Framework.Internal.Commands.TestMethodCommand.RunTestMethod(TestExecutionContext context)\r\n   at NUnit.Framework.Internal.Commands.TestMethodCommand.Execute(TestExecutionContext context)\r\n   at NUnit.Framework.Internal.Execution.SimpleWorkItem.<>c__DisplayClass4_0.<PerformWork>b__0()\r\n   at NUnit.Framework.Internal.ContextUtils.<>c__DisplayClass1_0`1.<DoIsolated>b__0(Object _)\r\n   at System.Threading.ExecutionContext.RunInternal(ExecutionContext executionContext, ContextCallback callback, Object state)\r\n--- End of stack trace from previous location ---\r\n   at System.Threading.ExecutionContext.RunInternal(ExecutionContext executionContext, ContextCallback callback, Object state)\r\n   at System.Threading.ExecutionContext.Run(ExecutionContext executionContext, ContextCallback callback, Object state)\r\n   at NUnit.Framework.Internal.ContextUtils.DoIsolated(ContextCallback callback, Object state)\r\n   at NUnit.Framework.Internal.ContextUtils.DoIsolated[T](Func`1 func)\r\n   at NUnit.Framework.Internal.Execution.SimpleWorkItem.PerformWork()\n","DisplayName":"GetVideoAsync_ShouldReturnVideo_WhenVideoExists","Messages":[],"ComputerName":"353CBX3","Duration":"00:00:00.0432400","StartTime":"2024-06-05T15:11:41.7878189+00:00","EndTime":"2024-06-05T15:11:41.8310585+00:00","Properties":[{"Key":{"Id":"NUnit.Seed","Label":"Seed","Category":"","Description":"","Attributes":0,"ValueType":"System.String"},"Value":"250700948"}]},{"TestCase":{"Id":"eb57817a-5084-7dcd-c7a7-5fa6169a8a0d","FullyQualifiedName":"VideoStoreManagmentAPI.Test.Repositories.CartRepositoryTests.GetVideoAsync_ShouldThrowException_WhenExceptionOccurs","DisplayName":"GetVideoAsync_ShouldThrowException_WhenExceptionOccurs","ExecutorUri":"executor://NUnit3TestExecutor","Source":"C:\\Users\\VC\\Downloads\\Daily_progress\\Mini_Project\\VideoStoreManagmentSoln\\Testing\\bin\\Debug\\net6.0\\fine-code-coverage\\build-output\\Testing.dll","CodeFilePath":null,"LineNumber":0,"Properties":[{"Key":{"Id":"NUnit.Seed","Label":"Seed","Category":"","Description":"","Attributes":0,"ValueType":"System.String"},"Value":"91632446"}]},"Attachments":[],"Outcome":2,"ErrorMessage":"  Expected: <System.Exception>\r\n  But was:  null\r\n","ErrorStackTrace":"   at VideoStoreManagmentAPI.Test.Repositories.CartRepositoryTests.GetVideoAsync_ShouldThrowException_WhenExceptionOccurs() in C:\\Users\\VC\\Downloads\\Daily_progress\\Mini_Project\\VideoStoreManagmentSoln\\Testing\\RepositoryTests\\CartRepositoryTests.cs:line 130\r\n\n1)    at VideoStoreManagmentAPI.Test.Repositories.CartRepositoryTests.GetVideoAsync_ShouldThrowException_WhenExceptionOccurs() in C:\\Users\\VC\\Downloads\\Daily_progress\\Mini_Project\\VideoStoreManagmentSoln\\Testing\\RepositoryTests\\CartRepositoryTests.cs:line 130\r\n\n","DisplayName":"GetVideoAsync_ShouldThrowException_WhenExceptionOccurs","Messages":[],"ComputerName":"353CBX3","Duration":"00:00:00.0113280","StartTime":"2024-06-05T15:11:41.8311096+00:00","EndTime":"2024-06-05T15:11:41.8424369+00:00","Properties":[{"Key":{"Id":"NUnit.Seed","Label":"Seed","Category":"","Description":"","Attributes":0,"ValueType":"System.String"},"Value":"91632446"}]},{"TestCase":{"Id":"a470b4c5-82e2-ded6-486f-5e202cde223c","FullyQualifiedName":"VideoStoreManagmentAPI.Test.Repositories.CartRepositoryTests.SaveChangesAsync_ShouldSaveChanges","DisplayName":"SaveChangesAsync_ShouldSaveChanges","ExecutorUri":"executor://NUnit3TestExecutor","Source":"C:\\Users\\VC\\Downloads\\Daily_progress\\Mini_Project\\VideoStoreManagmentSoln\\Testing\\bin\\Debug\\net6.0\\fine-code-coverage\\build-output\\Testing.dll","CodeFilePath":null,"LineNumber":0,"Properties":[{"Key":{"Id":"NUnit.Seed","Label":"Seed","Category":"","Description":"","Attributes":0,"ValueType":"System.String"},"Value":"1992030779"}]},"Attachments":[],"Outcome":1,"ErrorMessage":null,"ErrorStackTrace":null,"DisplayName":"SaveChangesAsync_ShouldSaveChanges","Messages":[],"ComputerName":"353CBX3","Duration":"00:00:00.0054180","StartTime":"2024-06-05T15:11:41.8424794+00:00","EndTime":"2024-06-05T15:11:41.8478971+00:00","Properties":[{"Key":{"Id":"NUnit.Seed","Label":"Seed","Category":"","Description":"","Attributes":0,"ValueType":"System.String"},"Value":"1992030779"}]},{"TestCase":{"Id":"43ee7447-3f0c-cb58-1383-7f032cc198bb","FullyQualifiedName":"VideoStoreManagmentAPI.Test.Repositories.UserRepositoryTests.GetUserById_ShouldReturnNull_WhenUserDoesNotExist","DisplayName":"GetUserById_ShouldReturnNull_WhenUserDoesNotExist","ExecutorUri":"executor://NUnit3TestExecutor","Source":"C:\\Users\\VC\\Downloads\\Daily_progress\\Mini_Project\\VideoStoreManagmentSoln\\Testing\\bin\\Debug\\net6.0\\fine-code-coverage\\build-output\\Testing.dll","CodeFilePath":null,"LineNumber":0,"Properties":[{"Key":{"Id":"NUnit.Seed","Label":"Seed","Category":"","Description":"","Attributes":0,"ValueType":"System.String"},"Value":"1429995652"}]},"Attachments":[],"Outcome":1,"ErrorMessage":null,"ErrorStackTrace":null,"DisplayName":"GetUserById_ShouldReturnNull_WhenUserDoesNotExist","Messages":[],"ComputerName":"353CBX3","Duration":"00:00:00.0068100","StartTime":"2024-06-05T15:11:41.8480664+00:00","EndTime":"2024-06-05T15:11:41.854876+00:00","Properties":[{"Key":{"Id":"NUnit.Seed","Label":"Seed","Category":"","Description":"","Attributes":0,"ValueType":"System.String"},"Value":"1429995652"}]},{"TestCase":{"Id":"99b812d7-18a7-bff4-8a6f-b0cb548c0934","FullyQualifiedName":"VideoStoreManagmentAPI.Test.Repositories.UserRepositoryTests.GetUserById_ShouldReturnUser_WhenUserExists","DisplayName":"GetUserById_ShouldReturnUser_WhenUserExists","ExecutorUri":"executor://NUnit3TestExecutor","Source":"C:\\Users\\VC\\Downloads\\Daily_progress\\Mini_Project\\VideoStoreManagmentSoln\\Testing\\bin\\Debug\\net6.0\\fine-code-coverage\\build-output\\Testing.dll","CodeFilePath":null,"LineNumber":0,"Properties":[{"Key":{"Id":"NUnit.Seed","Label":"Seed","Category":"","Description":"","Attributes":0,"ValueType":"System.String"},"Value":"1449240283"}]},"Attachments":[],"Outcome":2,"ErrorMessage":"Microsoft.EntityFrameworkCore.DbUpdateException : Required properties '{'Name', 'Status'}' are missing for the instance of entity type 'User'. Consider using 'DbContextOptionsBuilder.EnableSensitiveDataLogging' to see the entity key value.","ErrorStackTrace":"   at Microsoft.EntityFrameworkCore.InMemory.Storage.Internal.InMemoryTable`1.ThrowNullabilityErrorException(IUpdateEntry entry, IList`1 nullabilityErrors)\r\n   at Microsoft.EntityFrameworkCore.InMemory.Storage.Internal.InMemoryTable`1.Create(IUpdateEntry entry)\r\n   at Microsoft.EntityFrameworkCore.InMemory.Storage.Internal.InMemoryStore.ExecuteTransaction(IList`1 entries, IDiagnosticsLogger`1 updateLogger)\r\n   at Microsoft.EntityFrameworkCore.InMemory.Storage.Internal.InMemoryDatabase.SaveChangesAsync(IList`1 entries, CancellationToken cancellationToken)\r\n   at Microsoft.EntityFrameworkCore.ChangeTracking.Internal.StateManager.SaveChangesAsync(IList`1 entriesToSave, CancellationToken cancellationToken)\r\n   at Microsoft.EntityFrameworkCore.ChangeTracking.Internal.StateManager.SaveChangesAsync(StateManager stateManager, Boolean acceptAllChangesOnSuccess, CancellationToken cancellationToken)\r\n   at Microsoft.EntityFrameworkCore.DbContext.SaveChangesAsync(Boolean acceptAllChangesOnSuccess, CancellationToken cancellationToken)\r\n   at Microsoft.EntityFrameworkCore.DbContext.SaveChangesAsync(Boolean acceptAllChangesOnSuccess, CancellationToken cancellationToken)\r\n   at VideoStoreManagmentAPI.Repositories.UserRepository.Register(User user, String password) in C:\\Users\\VC\\Downloads\\Daily_progress\\Mini_Project\\VideoStoreManagmentSoln\\VideoStoreManagmentAPI\\Repositories\\UserRepository.cs:line 28\r\n   at VideoStoreManagmentAPI.Test.Repositories.UserRepositoryTests.GetUserById_ShouldReturnUser_WhenUserExists() in C:\\Users\\VC\\Downloads\\Daily_progress\\Mini_Project\\VideoStoreManagmentSoln\\Testing\\RepositoryTests\\UserRepositoryTest.cs:line 133\r\n   at NUnit.Framework.Internal.TaskAwaitAdapter.GenericAdapter`1.GetResult()\r\n   at NUnit.Framework.Internal.AsyncToSyncAdapter.Await(Func`1 invoke)\r\n   at NUnit.Framework.Internal.Commands.TestMethodCommand.RunTestMethod(TestExecutionContext context)\r\n   at NUnit.Framework.Internal.Commands.TestMethodCommand.Execute(TestExecutionContext context)\r\n   at NUnit.Framework.Internal.Execution.SimpleWorkItem.<>c__DisplayClass4_0.<PerformWork>b__0()\r\n   at NUnit.Framework.Internal.ContextUtils.<>c__DisplayClass1_0`1.<DoIsolated>b__0(Object _)\r\n   at System.Threading.ExecutionContext.RunInternal(ExecutionContext executionContext, ContextCallback callback, Object state)\r\n--- End of stack trace from previous location ---\r\n   at System.Threading.ExecutionContext.RunInternal(ExecutionContext executionContext, ContextCallback callback, Object state)\r\n   at System.Threading.ExecutionContext.Run(ExecutionContext executionContext, ContextCallback callback, Object state)\r\n   at NUnit.Framework.Internal.ContextUtils.DoIsolated(ContextCallback callback, Object state)\r\n   at NUnit.Framework.Internal.ContextUtils.DoIsolated[T](Func`1 func)\r\n   at NUnit.Framework.Internal.Execution.SimpleWorkItem.PerformWork()\n","DisplayName":"GetUserById_ShouldReturnUser_WhenUserExists","Messages":[],"ComputerName":"353CBX3","Duration":"00:00:00.0386120","StartTime":"2024-06-05T15:11:41.854909+00:00","EndTime":"2024-06-05T15:11:41.8935209+00:00","Properties":[{"Key":{"Id":"NUnit.Seed","Label":"Seed","Category":"","Description":"","Attributes":0,"ValueType":"System.String"},"Value":"1449240283"}]},{"TestCase":{"Id":"477069f5-3b02-aaef-1336-8d423bc4e348","FullyQualifiedName":"VideoStoreManagmentAPI.Test.Repositories.UserRepositoryTests.Login_ShouldReturnNull_WhenPasswordIsIncorrect","DisplayName":"Login_ShouldReturnNull_WhenPasswordIsIncorrect","ExecutorUri":"executor://NUnit3TestExecutor","Source":"C:\\Users\\VC\\Downloads\\Daily_progress\\Mini_Project\\VideoStoreManagmentSoln\\Testing\\bin\\Debug\\net6.0\\fine-code-coverage\\build-output\\Testing.dll","CodeFilePath":null,"LineNumber":0,"Properties":[{"Key":{"Id":"NUnit.Seed","Label":"Seed","Category":"","Description":"","Attributes":0,"ValueType":"System.String"},"Value":"554573895"}]},"Attachments":[],"Outcome":2,"ErrorMessage":"Microsoft.EntityFrameworkCore.DbUpdateException : Required properties '{'Name', 'Status'}' are missing for the instance of entity type 'User'. Consider using 'DbContextOptionsBuilder.EnableSensitiveDataLogging' to see the entity key value.","ErrorStackTrace":"   at Microsoft.EntityFrameworkCore.InMemory.Storage.Internal.InMemoryTable`1.ThrowNullabilityErrorException(IUpdateEntry entry, IList`1 nullabilityErrors)\r\n   at Microsoft.EntityFrameworkCore.InMemory.Storage.Internal.InMemoryTable`1.Create(IUpdateEntry entry)\r\n   at Microsoft.EntityFrameworkCore.InMemory.Storage.Internal.InMemoryStore.ExecuteTransaction(IList`1 entries, IDiagnosticsLogger`1 updateLogger)\r\n   at Microsoft.EntityFrameworkCore.InMemory.Storage.Internal.InMemoryDatabase.SaveChangesAsync(IList`1 entries, CancellationToken cancellationToken)\r\n   at Microsoft.EntityFrameworkCore.ChangeTracking.Internal.StateManager.SaveChangesAsync(IList`1 entriesToSave, CancellationToken cancellationToken)\r\n   at Microsoft.EntityFrameworkCore.ChangeTracking.Internal.StateManager.SaveChangesAsync(StateManager stateManager, Boolean acceptAllChangesOnSuccess, CancellationToken cancellationToken)\r\n   at Microsoft.EntityFrameworkCore.DbContext.SaveChangesAsync(Boolean acceptAllChangesOnSuccess, CancellationToken cancellationToken)\r\n   at Microsoft.EntityFrameworkCore.DbContext.SaveChangesAsync(Boolean acceptAllChangesOnSuccess, CancellationToken cancellationToken)\r\n   at VideoStoreManagmentAPI.Repositories.UserRepository.Register(User user, String password) in C:\\Users\\VC\\Downloads\\Daily_progress\\Mini_Project\\VideoStoreManagmentSoln\\VideoStoreManagmentAPI\\Repositories\\UserRepository.cs:line 28\r\n   at VideoStoreManagmentAPI.Test.Repositories.UserRepositoryTests.Login_ShouldReturnNull_WhenPasswordIsIncorrect() in C:\\Users\\VC\\Downloads\\Daily_progress\\Mini_Project\\VideoStoreManagmentSoln\\Testing\\RepositoryTests\\UserRepositoryTest.cs:line 87\r\n   at NUnit.Framework.Internal.TaskAwaitAdapter.GenericAdapter`1.GetResult()\r\n   at NUnit.Framework.Internal.AsyncToSyncAdapter.Await(Func`1 invoke)\r\n   at NUnit.Framework.Internal.Commands.TestMethodCommand.RunTestMethod(TestExecutionContext context)\r\n   at NUnit.Framework.Internal.Commands.TestMethodCommand.Execute(TestExecutionContext context)\r\n   at NUnit.Framework.Internal.Execution.SimpleWorkItem.<>c__DisplayClass4_0.<PerformWork>b__0()\r\n   at NUnit.Framework.Internal.ContextUtils.<>c__DisplayClass1_0`1.<DoIsolated>b__0(Object _)\r\n   at System.Threading.ExecutionContext.RunInternal(ExecutionContext executionContext, ContextCallback callback, Object state)\r\n--- End of stack trace from previous location ---\r\n   at System.Threading.ExecutionContext.RunInternal(ExecutionContext executionContext, ContextCallback callback, Object state)\r\n   at System.Threading.ExecutionContext.Run(ExecutionContext executionContext, ContextCallback callback, Object state)\r\n   at NUnit.Framework.Internal.ContextUtils.DoIsolated(ContextCallback callback, Object state)\r\n   at NUnit.Framework.Internal.ContextUtils.DoIsolated[T](Func`1 func)\r\n   at NUnit.Framework.Internal.Execution.SimpleWorkItem.PerformWork()\n","DisplayName":"Login_ShouldReturnNull_WhenPasswordIsIncorrect","Messages":[],"ComputerName":"353CBX3","Duration":"00:00:00.0022520","StartTime":"2024-06-05T15:11:41.8935573+00:00","EndTime":"2024-06-05T15:11:41.8958095+00:00","Properties":[{"Key":{"Id":"NUnit.Seed","Label":"Seed","Category":"","Description":"","Attributes":0,"ValueType":"System.String"},"Value":"554573895"}]},{"TestCase":{"Id":"960db844-8e51-52b1-93e2-1937824f247f","FullyQualifiedName":"VideoStoreManagmentAPI.Test.Repositories.UserRepositoryTests.Login_ShouldReturnNull_WhenUserDoesNotExist","DisplayName":"Login_ShouldReturnNull_WhenUserDoesNotExist","ExecutorUri":"executor://NUnit3TestExecutor","Source":"C:\\Users\\VC\\Downloads\\Daily_progress\\Mini_Project\\VideoStoreManagmentSoln\\Testing\\bin\\Debug\\net6.0\\fine-code-coverage\\build-output\\Testing.dll","CodeFilePath":null,"LineNumber":0,"Properties":[{"Key":{"Id":"NUnit.Seed","Label":"Seed","Category":"","Description":"","Attributes":0,"ValueType":"System.String"},"Value":"2035137842"}]},"Attachments":[],"Outcome":1,"ErrorMessage":null,"ErrorStackTrace":null,"DisplayName":"Login_ShouldReturnNull_WhenUserDoesNotExist","Messages":[],"ComputerName":"353CBX3","Duration":"00:00:00.0073290","StartTime":"2024-06-05T15:11:41.8959341+00:00","EndTime":"2024-06-05T15:11:41.9032634+00:00","Properties":[{"Key":{"Id":"NUnit.Seed","Label":"Seed","Category":"","Description":"","Attributes":0,"ValueType":"System.String"},"Value":"2035137842"}]}],"TestRunStatistics":{"ExecutedTests":18,"Stats":{"Passed":11,"Failed":7}},"ActiveTests":[{"Id":"ee800852-c6ef-7c73-2cda-bb44bd8331e8","FullyQualifiedName":"VideoStoreManagmentAPI.Test.Repositories.UserRepositoryTests.Login_ShouldReturnUser_WhenCredentialsAreValid","DisplayName":"Login_ShouldReturnUser_WhenCredentialsAreValid","ExecutorUri":"executor://NUnit3TestExecutor","Source":"C:\\Users\\VC\\Downloads\\Daily_progress\\Mini_Project\\VideoStoreManagmentSoln\\Testing\\bin\\Debug\\net6.0\\fine-code-coverage\\build-output\\Testing.dll","CodeFilePath":null,"LineNumber":0,"Properties":[{"Key":{"Id":"NUnit.Seed","Label":"Seed","Category":"","Description":"","Attributes":0,"ValueType":"System.String"},"Value":"1861535154"}]}]}}
TpTrace Verbose: 0 : 7324, 13, 2024/06/05, 20:41:41.909, 845243263190, vstest.console.dll, TestRunRequest:SendTestRunStatsChange: Starting.
TpTrace Verbose: 0 : 7324, 13, 2024/06/05, 20:41:41.909, 845243263798, vstest.console.dll, InProgress is Login_ShouldReturnUser_WhenCredentialsAreValid
TpTrace Verbose: 0 : 7324, 13, 2024/06/05, 20:41:41.909, 845243264709, vstest.console.dll, MulticastDelegateUtilities.SafeInvoke: TestRun.RunStatsChanged: Invoking callbacks was skipped because there are no subscribers.
TpTrace Information: 0 : 7324, 13, 2024/06/05, 20:41:41.909, 845243265501, vstest.console.dll, TestRunRequest:SendTestRunStatsChange: Completed.
TpTrace Verbose: 0 : 7324, 13, 2024/06/05, 20:41:41.909, 845243265906, vstest.console.dll, MulticastDelegateUtilities.SafeInvoke: LengthPrefixCommunicationChannel: MessageReceived: Invoking callback 1/1 for Microsoft.VisualStudio.TestPlatform.CommunicationUtilities.TestRequestSender+<>c__DisplayClass34_0., took 1 ms.
TpTrace Verbose: 0 : 7324, 13, 2024/06/05, 20:41:41.909, 845243266350, vstest.console.dll, TcpClientExtensions.MessageLoopAsync: Polling on remoteEndPoint: 127.0.0.1:60605 localEndPoint: 127.0.0.1:60604 after 68 ms
TpTrace Verbose: 0 : 7324, 4, 2024/06/05, 20:41:41.909, 845243269863, vstest.console.dll, MulticastDelegateUtilities.SafeInvoke: InternalTestLoggerEvents.SendTestResult: Invoking callback 1/1 for Microsoft.VisualStudio.TestPlatform.CommandLine.Internal.ConsoleLogger., took 0 ms.
TpTrace Verbose: 0 : 7324, 4, 2024/06/05, 20:41:41.910, 845243273969, vstest.console.dll, MulticastDelegateUtilities.SafeInvoke: InternalTestLoggerEvents.SendTestResult: Invoking callback 1/1 for Microsoft.VisualStudio.TestPlatform.CommandLine.Internal.ConsoleLogger., took 0 ms.
TpTrace Verbose: 0 : 7324, 4, 2024/06/05, 20:41:41.910, 845243279893, vstest.console.dll, MulticastDelegateUtilities.SafeInvoke: InternalTestLoggerEvents.SendTestResult: Invoking callback 1/1 for Microsoft.VisualStudio.TestPlatform.CommandLine.Internal.ConsoleLogger., took 0 ms.
TpTrace Verbose: 0 : 7324, 4, 2024/06/05, 20:41:41.911, 845243283186, vstest.console.dll, MulticastDelegateUtilities.SafeInvoke: InternalTestLoggerEvents.SendTestResult: Invoking callback 1/1 for Microsoft.VisualStudio.TestPlatform.CommandLine.Internal.ConsoleLogger., took 0 ms.
TpTrace Verbose: 0 : 7324, 4, 2024/06/05, 20:41:41.911, 845243285576, vstest.console.dll, MulticastDelegateUtilities.SafeInvoke: InternalTestLoggerEvents.SendTestResult: Invoking callback 1/1 for Microsoft.VisualStudio.TestPlatform.CommandLine.Internal.ConsoleLogger., took 0 ms.
TpTrace Verbose: 0 : 7324, 4, 2024/06/05, 20:41:41.911, 845243287012, vstest.console.dll, MulticastDelegateUtilities.SafeInvoke: InternalTestLoggerEvents.SendTestResult: Invoking callback 1/1 for Microsoft.VisualStudio.TestPlatform.CommandLine.Internal.ConsoleLogger., took 0 ms.
TpTrace Verbose: 0 : 7324, 4, 2024/06/05, 20:41:41.912, 845243291496, vstest.console.dll, MulticastDelegateUtilities.SafeInvoke: InternalTestLoggerEvents.SendTestResult: Invoking callback 1/1 for Microsoft.VisualStudio.TestPlatform.CommandLine.Internal.ConsoleLogger., took 0 ms.
TpTrace Verbose: 0 : 7324, 4, 2024/06/05, 20:41:41.913, 845243301446, vstest.console.dll, MulticastDelegateUtilities.SafeInvoke: InternalTestLoggerEvents.SendTestResult: Invoking callback 1/1 for Microsoft.VisualStudio.TestPlatform.CommandLine.Internal.ConsoleLogger., took 0 ms.
TpTrace Verbose: 0 : 7324, 4, 2024/06/05, 20:41:41.913, 845243302759, vstest.console.dll, MulticastDelegateUtilities.SafeInvoke: InternalTestLoggerEvents.SendTestResult: Invoking callback 1/1 for Microsoft.VisualStudio.TestPlatform.CommandLine.Internal.ConsoleLogger., took 0 ms.
TpTrace Verbose: 0 : 7324, 13, 2024/06/05, 20:41:41.938, 845243550594, vstest.console.dll, TcpClientExtensions.MessageLoopAsync: NotifyDataAvailable remoteEndPoint: 127.0.0.1:60605 localEndPoint: 127.0.0.1:60604
TpTrace Verbose: 0 : 7324, 13, 2024/06/05, 20:41:41.938, 845243558154, vstest.console.dll, TestRequestSender.OnExecutionMessageReceived: Received message: {"Version":7,"MessageType":"TestExecution.StatsChange","Payload":{"NewTestResults":[{"TestCase":{"Id":"ee800852-c6ef-7c73-2cda-bb44bd8331e8","FullyQualifiedName":"VideoStoreManagmentAPI.Test.Repositories.UserRepositoryTests.Login_ShouldReturnUser_WhenCredentialsAreValid","DisplayName":"Login_ShouldReturnUser_WhenCredentialsAreValid","ExecutorUri":"executor://NUnit3TestExecutor","Source":"C:\\Users\\VC\\Downloads\\Daily_progress\\Mini_Project\\VideoStoreManagmentSoln\\Testing\\bin\\Debug\\net6.0\\fine-code-coverage\\build-output\\Testing.dll","CodeFilePath":null,"LineNumber":0,"Properties":[{"Key":{"Id":"NUnit.Seed","Label":"Seed","Category":"","Description":"","Attributes":0,"ValueType":"System.String"},"Value":"1861535154"}]},"Attachments":[],"Outcome":2,"ErrorMessage":"Microsoft.EntityFrameworkCore.DbUpdateException : Required properties '{'Name', 'Status'}' are missing for the instance of entity type 'User'. Consider using 'DbContextOptionsBuilder.EnableSensitiveDataLogging' to see the entity key value.","ErrorStackTrace":"   at Microsoft.EntityFrameworkCore.InMemory.Storage.Internal.InMemoryTable`1.ThrowNullabilityErrorException(IUpdateEntry entry, IList`1 nullabilityErrors)\r\n   at Microsoft.EntityFrameworkCore.InMemory.Storage.Internal.InMemoryTable`1.Create(IUpdateEntry entry)\r\n   at Microsoft.EntityFrameworkCore.InMemory.Storage.Internal.InMemoryStore.ExecuteTransaction(IList`1 entries, IDiagnosticsLogger`1 updateLogger)\r\n   at Microsoft.EntityFrameworkCore.InMemory.Storage.Internal.InMemoryDatabase.SaveChangesAsync(IList`1 entries, CancellationToken cancellationToken)\r\n   at Microsoft.EntityFrameworkCore.ChangeTracking.Internal.StateManager.SaveChangesAsync(IList`1 entriesToSave, CancellationToken cancellationToken)\r\n   at Microsoft.EntityFrameworkCore.ChangeTracking.Internal.StateManager.SaveChangesAsync(StateManager stateManager, Boolean acceptAllChangesOnSuccess, CancellationToken cancellationToken)\r\n   at Microsoft.EntityFrameworkCore.DbContext.SaveChangesAsync(Boolean acceptAllChangesOnSuccess, CancellationToken cancellationToken)\r\n   at Microsoft.EntityFrameworkCore.DbContext.SaveChangesAsync(Boolean acceptAllChangesOnSuccess, CancellationToken cancellationToken)\r\n   at VideoStoreManagmentAPI.Repositories.UserRepository.Register(User user, String password) in C:\\Users\\VC\\Downloads\\Daily_progress\\Mini_Project\\VideoStoreManagmentSoln\\VideoStoreManagmentAPI\\Repositories\\UserRepository.cs:line 28\r\n   at VideoStoreManagmentAPI.Test.Repositories.UserRepositoryTests.Login_ShouldReturnUser_WhenCredentialsAreValid() in C:\\Users\\VC\\Downloads\\Daily_progress\\Mini_Project\\VideoStoreManagmentSoln\\Testing\\RepositoryTests\\UserRepositoryTest.cs:line 55\r\n   at NUnit.Framework.Internal.TaskAwaitAdapter.GenericAdapter`1.GetResult()\r\n   at NUnit.Framework.Internal.AsyncToSyncAdapter.Await(Func`1 invoke)\r\n   at NUnit.Framework.Internal.Commands.TestMethodCommand.RunTestMethod(TestExecutionContext context)\r\n   at NUnit.Framework.Internal.Commands.TestMethodCommand.Execute(TestExecutionContext context)\r\n   at NUnit.Framework.Internal.Execution.SimpleWorkItem.<>c__DisplayClass4_0.<PerformWork>b__0()\r\n   at NUnit.Framework.Internal.ContextUtils.<>c__DisplayClass1_0`1.<DoIsolated>b__0(Object _)\r\n   at System.Threading.ExecutionContext.RunInternal(ExecutionContext executionContext, ContextCallback callback, Object state)\r\n--- End of stack trace from previous location ---\r\n   at System.Threading.ExecutionContext.RunInternal(ExecutionContext executionContext, ContextCallback callback, Object state)\r\n   at System.Threading.ExecutionContext.Run(ExecutionContext executionContext, ContextCallback callback, Object state)\r\n   at NUnit.Framework.Internal.ContextUtils.DoIsolated(ContextCallback callback, Object state)\r\n   at NUnit.Framework.Internal.ContextUtils.DoIsolated[T](Func`1 func)\r\n   at NUnit.Framework.Internal.Execution.SimpleWorkItem.PerformWork()\n","DisplayName":"Login_ShouldReturnUser_WhenCredentialsAreValid","Messages":[],"ComputerName":"353CBX3","Duration":"00:00:00.0017090","StartTime":"2024-06-05T15:11:41.9032943+00:00","EndTime":"2024-06-05T15:11:41.9050032+00:00","Properties":[{"Key":{"Id":"NUnit.Seed","Label":"Seed","Category":"","Description":"","Attributes":0,"ValueType":"System.String"},"Value":"1861535154"}]},{"TestCase":{"Id":"9ebf2007-340d-d9f8-0d8a-4dad499ee9a3","FullyQualifiedName":"VideoStoreManagmentAPI.Test.Repositories.UserRepositoryTests.Register_ShouldAddUser","DisplayName":"Register_ShouldAddUser","ExecutorUri":"executor://NUnit3TestExecutor","Source":"C:\\Users\\VC\\Downloads\\Daily_progress\\Mini_Project\\VideoStoreManagmentSoln\\Testing\\bin\\Debug\\net6.0\\fine-code-coverage\\build-output\\Testing.dll","CodeFilePath":null,"LineNumber":0,"Properties":[{"Key":{"Id":"NUnit.Seed","Label":"Seed","Category":"","Description":"","Attributes":0,"ValueType":"System.String"},"Value":"871026725"}]},"Attachments":[],"Outcome":2,"ErrorMessage":"Microsoft.EntityFrameworkCore.DbUpdateException : Required properties '{'Name', 'Status'}' are missing for the instance of entity type 'User'. Consider using 'DbContextOptionsBuilder.EnableSensitiveDataLogging' to see the entity key value.","ErrorStackTrace":"   at Microsoft.EntityFrameworkCore.InMemory.Storage.Internal.InMemoryTable`1.ThrowNullabilityErrorException(IUpdateEntry entry, IList`1 nullabilityErrors)\r\n   at Microsoft.EntityFrameworkCore.InMemory.Storage.Internal.InMemoryTable`1.Create(IUpdateEntry entry)\r\n   at Microsoft.EntityFrameworkCore.InMemory.Storage.Internal.InMemoryStore.ExecuteTransaction(IList`1 entries, IDiagnosticsLogger`1 updateLogger)\r\n   at Microsoft.EntityFrameworkCore.InMemory.Storage.Internal.InMemoryDatabase.SaveChangesAsync(IList`1 entries, CancellationToken cancellationToken)\r\n   at Microsoft.EntityFrameworkCore.ChangeTracking.Internal.StateManager.SaveChangesAsync(IList`1 entriesToSave, CancellationToken cancellationToken)\r\n   at Microsoft.EntityFrameworkCore.ChangeTracking.Internal.StateManager.SaveChangesAsync(StateManager stateManager, Boolean acceptAllChangesOnSuccess, CancellationToken cancellationToken)\r\n   at Microsoft.EntityFrameworkCore.DbContext.SaveChangesAsync(Boolean acceptAllChangesOnSuccess, CancellationToken cancellationToken)\r\n   at Microsoft.EntityFrameworkCore.DbContext.SaveChangesAsync(Boolean acceptAllChangesOnSuccess, CancellationToken cancellationToken)\r\n   at VideoStoreManagmentAPI.Repositories.UserRepository.Register(User user, String password) in C:\\Users\\VC\\Downloads\\Daily_progress\\Mini_Project\\VideoStoreManagmentSoln\\VideoStoreManagmentAPI\\Repositories\\UserRepository.cs:line 28\r\n   at VideoStoreManagmentAPI.Test.Repositories.UserRepositoryTests.Register_ShouldAddUser() in C:\\Users\\VC\\Downloads\\Daily_progress\\Mini_Project\\VideoStoreManagmentSoln\\Testing\\RepositoryTests\\UserRepositoryTest.cs:line 37\r\n   at NUnit.Framework.Internal.TaskAwaitAdapter.GenericAdapter`1.GetResult()\r\n   at NUnit.Framework.Internal.AsyncToSyncAdapter.Await(Func`1 invoke)\r\n   at NUnit.Framework.Internal.Commands.TestMethodCommand.RunTestMethod(TestExecutionContext context)\r\n   at NUnit.Framework.Internal.Commands.TestMethodCommand.Execute(TestExecutionContext context)\r\n   at NUnit.Framework.Internal.Execution.SimpleWorkItem.<>c__DisplayClass4_0.<PerformWork>b__0()\r\n   at NUnit.Framework.Internal.ContextUtils.<>c__DisplayClass1_0`1.<DoIsolated>b__0(Object _)\r\n   at System.Threading.ExecutionContext.RunInternal(ExecutionContext executionContext, ContextCallback callback, Object state)\r\n--- End of stack trace from previous location ---\r\n   at System.Threading.ExecutionContext.RunInternal(ExecutionContext executionContext, ContextCallback callback, Object state)\r\n   at System.Threading.ExecutionContext.Run(ExecutionContext executionContext, ContextCallback callback, Object state)\r\n   at NUnit.Framework.Internal.ContextUtils.DoIsolated(ContextCallback callback, Object state)\r\n   at NUnit.Framework.Internal.ContextUtils.DoIsolated[T](Func`1 func)\r\n   at NUnit.Framework.Internal.Execution.SimpleWorkItem.PerformWork()\n","DisplayName":"Register_ShouldAddUser","Messages":[],"ComputerName":"353CBX3","Duration":"00:00:00.0016500","StartTime":"2024-06-05T15:11:41.9050219+00:00","EndTime":"2024-06-05T15:11:41.9066712+00:00","Properties":[{"Key":{"Id":"NUnit.Seed","Label":"Seed","Category":"","Description":"","Attributes":0,"ValueType":"System.String"},"Value":"871026725"}]},{"TestCase":{"Id":"d7d36242-583a-db41-b4f6-71c33ce38f60","FullyQualifiedName":"VideoStoreManagmentAPI.Test.Repositories.UserRepositoryTests.UpdateUser_ShouldThrowUserNotFoundException_WhenUserDoesNotExist","DisplayName":"UpdateUser_ShouldThrowUserNotFoundException_WhenUserDoesNotExist","ExecutorUri":"executor://NUnit3TestExecutor","Source":"C:\\Users\\VC\\Downloads\\Daily_progress\\Mini_Project\\VideoStoreManagmentSoln\\Testing\\bin\\Debug\\net6.0\\fine-code-coverage\\build-output\\Testing.dll","CodeFilePath":null,"LineNumber":0,"Properties":[{"Key":{"Id":"NUnit.Seed","Label":"Seed","Category":"","Description":"","Attributes":0,"ValueType":"System.String"},"Value":"806722709"}]},"Attachments":[],"Outcome":1,"ErrorMessage":null,"ErrorStackTrace":null,"DisplayName":"UpdateUser_ShouldThrowUserNotFoundException_WhenUserDoesNotExist","Messages":[],"ComputerName":"353CBX3","Duration":"00:00:00.0027370","StartTime":"2024-06-05T15:11:41.9066872+00:00","EndTime":"2024-06-05T15:11:41.9094244+00:00","Properties":[{"Key":{"Id":"NUnit.Seed","Label":"Seed","Category":"","Description":"","Attributes":0,"ValueType":"System.String"},"Value":"806722709"}]},{"TestCase":{"Id":"6b8fb625-268a-df5c-b5d2-db1ecf504a45","FullyQualifiedName":"VideoStoreManagmentAPI.Test.Repositories.UserRepositoryTests.UpdateUser_ShouldUpdateExistingUser","DisplayName":"UpdateUser_ShouldUpdateExistingUser","ExecutorUri":"executor://NUnit3TestExecutor","Source":"C:\\Users\\VC\\Downloads\\Daily_progress\\Mini_Project\\VideoStoreManagmentSoln\\Testing\\bin\\Debug\\net6.0\\fine-code-coverage\\build-output\\Testing.dll","CodeFilePath":null,"LineNumber":0,"Properties":[{"Key":{"Id":"NUnit.Seed","Label":"Seed","Category":"","Description":"","Attributes":0,"ValueType":"System.String"},"Value":"1689714263"}]},"Attachments":[],"Outcome":2,"ErrorMessage":"Microsoft.EntityFrameworkCore.DbUpdateException : Required properties '{'Name', 'Status'}' are missing for the instance of entity type 'User'. Consider using 'DbContextOptionsBuilder.EnableSensitiveDataLogging' to see the entity key value.","ErrorStackTrace":"   at Microsoft.EntityFrameworkCore.InMemory.Storage.Internal.InMemoryTable`1.ThrowNullabilityErrorException(IUpdateEntry entry, IList`1 nullabilityErrors)\r\n   at Microsoft.EntityFrameworkCore.InMemory.Storage.Internal.InMemoryTable`1.Create(IUpdateEntry entry)\r\n   at Microsoft.EntityFrameworkCore.InMemory.Storage.Internal.InMemoryStore.ExecuteTransaction(IList`1 entries, IDiagnosticsLogger`1 updateLogger)\r\n   at Microsoft.EntityFrameworkCore.InMemory.Storage.Internal.InMemoryDatabase.SaveChangesAsync(IList`1 entries, CancellationToken cancellationToken)\r\n   at Microsoft.EntityFrameworkCore.ChangeTracking.Internal.StateManager.SaveChangesAsync(IList`1 entriesToSave, CancellationToken cancellationToken)\r\n   at Microsoft.EntityFrameworkCore.ChangeTracking.Internal.StateManager.SaveChangesAsync(StateManager stateManager, Boolean acceptAllChangesOnSuccess, CancellationToken cancellationToken)\r\n   at Microsoft.EntityFrameworkCore.DbContext.SaveChangesAsync(Boolean acceptAllChangesOnSuccess, CancellationToken cancellationToken)\r\n   at Microsoft.EntityFrameworkCore.DbContext.SaveChangesAsync(Boolean acceptAllChangesOnSuccess, CancellationToken cancellationToken)\r\n   at VideoStoreManagmentAPI.Repositories.UserRepository.Register(User user, String password) in C:\\Users\\VC\\Downloads\\Daily_progress\\Mini_Project\\VideoStoreManagmentSoln\\VideoStoreManagmentAPI\\Repositories\\UserRepository.cs:line 28\r\n   at VideoStoreManagmentAPI.Test.Repositories.UserRepositoryTests.UpdateUser_ShouldUpdateExistingUser() in C:\\Users\\VC\\Downloads\\Daily_progress\\Mini_Project\\VideoStoreManagmentSoln\\Testing\\RepositoryTests\\UserRepositoryTest.cs:line 164\r\n   at NUnit.Framework.Internal.TaskAwaitAdapter.GenericAdapter`1.GetResult()\r\n   at NUnit.Framework.Internal.AsyncToSyncAdapter.Await(Func`1 invoke)\r\n   at NUnit.Framework.Internal.Commands.TestMethodCommand.RunTestMethod(TestExecutionContext context)\r\n   at NUnit.Framework.Internal.Commands.TestMethodCommand.Execute(TestExecutionContext context)\r\n   at NUnit.Framework.Internal.Execution.SimpleWorkItem.<>c__DisplayClass4_0.<PerformWork>b__0()\r\n   at NUnit.Framework.Internal.ContextUtils.<>c__DisplayClass1_0`1.<DoIsolated>b__0(Object _)\r\n   at System.Threading.ExecutionContext.RunInternal(ExecutionContext executionContext, ContextCallback callback, Object state)\r\n--- End of stack trace from previous location ---\r\n   at System.Threading.ExecutionContext.RunInternal(ExecutionContext executionContext, ContextCallback callback, Object state)\r\n   at System.Threading.ExecutionContext.Run(ExecutionContext executionContext, ContextCallback callback, Object state)\r\n   at NUnit.Framework.Internal.ContextUtils.DoIsolated(ContextCallback callback, Object state)\r\n   at NUnit.Framework.Internal.ContextUtils.DoIsolated[T](Func`1 func)\r\n   at NUnit.Framework.Internal.Execution.SimpleWorkItem.PerformWork()\n","DisplayName":"UpdateUser_ShouldUpdateExistingUser","Messages":[],"ComputerName":"353CBX3","Duration":"00:00:00.0078650","StartTime":"2024-06-05T15:11:41.9099274+00:00","EndTime":"2024-06-05T15:11:41.9177925+00:00","Properties":[{"Key":{"Id":"NUnit.Seed","Label":"Seed","Category":"","Description":"","Attributes":0,"ValueType":"System.String"},"Value":"1689714263"}]},{"TestCase":{"Id":"d795678e-7795-42f4-b153-625641ef1d67","FullyQualifiedName":"VideoStoreManagmentAPI.Test.Repositories.UserRepositoryTests.UserExists_ShouldReturnFalse_WhenUserDoesNotExist","DisplayName":"UserExists_ShouldReturnFalse_WhenUserDoesNotExist","ExecutorUri":"executor://NUnit3TestExecutor","Source":"C:\\Users\\VC\\Downloads\\Daily_progress\\Mini_Project\\VideoStoreManagmentSoln\\Testing\\bin\\Debug\\net6.0\\fine-code-coverage\\build-output\\Testing.dll","CodeFilePath":null,"LineNumber":0,"Properties":[{"Key":{"Id":"NUnit.Seed","Label":"Seed","Category":"","Description":"","Attributes":0,"ValueType":"System.String"},"Value":"1700906386"}]},"Attachments":[],"Outcome":1,"ErrorMessage":null,"ErrorStackTrace":null,"DisplayName":"UserExists_ShouldReturnFalse_WhenUserDoesNotExist","Messages":[],"ComputerName":"353CBX3","Duration":"00:00:00.0079120","StartTime":"2024-06-05T15:11:41.9178135+00:00","EndTime":"2024-06-05T15:11:41.9257254+00:00","Properties":[{"Key":{"Id":"NUnit.Seed","Label":"Seed","Category":"","Description":"","Attributes":0,"ValueType":"System.String"},"Value":"1700906386"}]},{"TestCase":{"Id":"d824226c-b7c7-dccc-2eb8-d42bb92009f4","FullyQualifiedName":"VideoStoreManagmentAPI.Test.Repositories.UserRepositoryTests.UserExists_ShouldReturnTrue_WhenUserExists","DisplayName":"UserExists_ShouldReturnTrue_WhenUserExists","ExecutorUri":"executor://NUnit3TestExecutor","Source":"C:\\Users\\VC\\Downloads\\Daily_progress\\Mini_Project\\VideoStoreManagmentSoln\\Testing\\bin\\Debug\\net6.0\\fine-code-coverage\\build-output\\Testing.dll","CodeFilePath":null,"LineNumber":0,"Properties":[{"Key":{"Id":"NUnit.Seed","Label":"Seed","Category":"","Description":"","Attributes":0,"ValueType":"System.String"},"Value":"1157955514"}]},"Attachments":[],"Outcome":2,"ErrorMessage":"Microsoft.EntityFrameworkCore.DbUpdateException : Required properties '{'Name', 'Status'}' are missing for the instance of entity type 'User'. Consider using 'DbContextOptionsBuilder.EnableSensitiveDataLogging' to see the entity key value.","ErrorStackTrace":"   at Microsoft.EntityFrameworkCore.InMemory.Storage.Internal.InMemoryTable`1.ThrowNullabilityErrorException(IUpdateEntry entry, IList`1 nullabilityErrors)\r\n   at Microsoft.EntityFrameworkCore.InMemory.Storage.Internal.InMemoryTable`1.Create(IUpdateEntry entry)\r\n   at Microsoft.EntityFrameworkCore.InMemory.Storage.Internal.InMemoryStore.ExecuteTransaction(IList`1 entries, IDiagnosticsLogger`1 updateLogger)\r\n   at Microsoft.EntityFrameworkCore.InMemory.Storage.Internal.InMemoryDatabase.SaveChangesAsync(IList`1 entries, CancellationToken cancellationToken)\r\n   at Microsoft.EntityFrameworkCore.ChangeTracking.Internal.StateManager.SaveChangesAsync(IList`1 entriesToSave, CancellationToken cancellationToken)\r\n   at Microsoft.EntityFrameworkCore.ChangeTracking.Internal.StateManager.SaveChangesAsync(StateManager stateManager, Boolean acceptAllChangesOnSuccess, CancellationToken cancellationToken)\r\n   at Microsoft.EntityFrameworkCore.DbContext.SaveChangesAsync(Boolean acceptAllChangesOnSuccess, CancellationToken cancellationToken)\r\n   at Microsoft.EntityFrameworkCore.DbContext.SaveChangesAsync(Boolean acceptAllChangesOnSuccess, CancellationToken cancellationToken)\r\n   at VideoStoreManagmentAPI.Repositories.UserRepository.Register(User user, String password) in C:\\Users\\VC\\Downloads\\Daily_progress\\Mini_Project\\VideoStoreManagmentSoln\\VideoStoreManagmentAPI\\Repositories\\UserRepository.cs:line 28\r\n   at VideoStoreManagmentAPI.Test.Repositories.UserRepositoryTests.UserExists_ShouldReturnTrue_WhenUserExists() in C:\\Users\\VC\\Downloads\\Daily_progress\\Mini_Project\\VideoStoreManagmentSoln\\Testing\\RepositoryTests\\UserRepositoryTest.cs:line 103\r\n   at NUnit.Framework.Internal.TaskAwaitAdapter.GenericAdapter`1.GetResult()\r\n   at NUnit.Framework.Internal.AsyncToSyncAdapter.Await(Func`1 invoke)\r\n   at NUnit.Framework.Internal.Commands.TestMethodCommand.RunTestMethod(TestExecutionContext context)\r\n   at NUnit.Framework.Internal.Commands.TestMethodCommand.Execute(TestExecutionContext context)\r\n   at NUnit.Framework.Internal.Execution.SimpleWorkItem.<>c__DisplayClass4_0.<PerformWork>b__0()\r\n   at NUnit.Framework.Internal.ContextUtils.<>c__DisplayClass1_0`1.<DoIsolated>b__0(Object _)\r\n   at System.Threading.ExecutionContext.RunInternal(ExecutionContext executionContext, ContextCallback callback, Object state)\r\n--- End of stack trace from previous location ---\r\n   at System.Threading.ExecutionContext.RunInternal(ExecutionContext executionContext, ContextCallback callback, Object state)\r\n   at System.Threading.ExecutionContext.Run(ExecutionContext executionContext, ContextCallback callback, Object state)\r\n   at NUnit.Framework.Internal.ContextUtils.DoIsolated(ContextCallback callback, Object state)\r\n   at NUnit.Framework.Internal.ContextUtils.DoIsolated[T](Func`1 func)\r\n   at NUnit.Framework.Internal.Execution.SimpleWorkItem.PerformWork()\n","DisplayName":"UserExists_ShouldReturnTrue_WhenUserExists","Messages":[],"ComputerName":"353CBX3","Duration":"00:00:00.0019690","StartTime":"2024-06-05T15:11:41.9257483+00:00","EndTime":"2024-06-05T15:11:41.927717+00:00","Properties":[{"Key":{"Id":"NUnit.Seed","Label":"Seed","Category":"","Description":"","Attributes":0,"ValueType":"System.String"},"Value":"1157955514"}]},{"TestCase":{"Id":"27874709-7747-e4d2-ad06-20ee8bed43db","FullyQualifiedName":"VideoStoreManagmentAPI.Test.Repositories.VideoRepositoryTests.AddVideo_ShouldAddVideo","DisplayName":"AddVideo_ShouldAddVideo","ExecutorUri":"executor://NUnit3TestExecutor","Source":"C:\\Users\\VC\\Downloads\\Daily_progress\\Mini_Project\\VideoStoreManagmentSoln\\Testing\\bin\\Debug\\net6.0\\fine-code-coverage\\build-output\\Testing.dll","CodeFilePath":null,"LineNumber":0,"Properties":[{"Key":{"Id":"NUnit.Seed","Label":"Seed","Category":"","Description":"","Attributes":0,"ValueType":"System.String"},"Value":"399131600"}]},"Attachments":[],"Outcome":2,"ErrorMessage":"Microsoft.EntityFrameworkCore.DbUpdateException : Required properties '{'Email', 'PasswordHash', 'PasswordSalt', 'Status'}' are missing for the instance of entity type 'User'. Consider using 'DbContextOptionsBuilder.EnableSensitiveDataLogging' to see the entity key value.","ErrorStackTrace":"   at Microsoft.EntityFrameworkCore.InMemory.Storage.Internal.InMemoryTable`1.ThrowNullabilityErrorException(IUpdateEntry entry, IList`1 nullabilityErrors)\r\n   at Microsoft.EntityFrameworkCore.InMemory.Storage.Internal.InMemoryTable`1.Create(IUpdateEntry entry)\r\n   at Microsoft.EntityFrameworkCore.InMemory.Storage.Internal.InMemoryStore.ExecuteTransaction(IList`1 entries, IDiagnosticsLogger`1 updateLogger)\r\n   at Microsoft.EntityFrameworkCore.InMemory.Storage.Internal.InMemoryDatabase.SaveChangesAsync(IList`1 entries, CancellationToken cancellationToken)\r\n   at Microsoft.EntityFrameworkCore.ChangeTracking.Internal.StateManager.SaveChangesAsync(IList`1 entriesToSave, CancellationToken cancellationToken)\r\n   at Microsoft.EntityFrameworkCore.ChangeTracking.Internal.StateManager.SaveChangesAsync(StateManager stateManager, Boolean acceptAllChangesOnSuccess, CancellationToken cancellationToken)\r\n   at Microsoft.EntityFrameworkCore.DbContext.SaveChangesAsync(Boolean acceptAllChangesOnSuccess, CancellationToken cancellationToken)\r\n   at Microsoft.EntityFrameworkCore.DbContext.SaveChangesAsync(Boolean acceptAllChangesOnSuccess, CancellationToken cancellationToken)\r\n   at VideoStoreManagmentAPI.Test.Repositories.VideoRepositoryTests.AddVideo_ShouldAddVideo() in C:\\Users\\VC\\Downloads\\Daily_progress\\Mini_Project\\VideoStoreManagmentSoln\\Testing\\RepositoryTests\\VideoRepositoryTest.cs:line 98\r\n   at NUnit.Framework.Internal.TaskAwaitAdapter.GenericAdapter`1.GetResult()\r\n   at NUnit.Framework.Internal.AsyncToSyncAdapter.Await(Func`1 invoke)\r\n   at NUnit.Framework.Internal.Commands.TestMethodCommand.RunTestMethod(TestExecutionContext context)\r\n   at NUnit.Framework.Internal.Commands.TestMethodCommand.Execute(TestExecutionContext context)\r\n   at NUnit.Framework.Internal.Execution.SimpleWorkItem.<>c__DisplayClass4_0.<PerformWork>b__0()\r\n   at NUnit.Framework.Internal.ContextUtils.<>c__DisplayClass1_0`1.<DoIsolated>b__0(Object _)\r\n   at System.Threading.ExecutionContext.RunInternal(ExecutionContext executionContext, ContextCallback callback, Object state)\r\n--- End of stack trace from previous location ---\r\n   at System.Threading.ExecutionContext.RunInternal(ExecutionContext executionContext, ContextCallback callback, Object state)\r\n   at System.Threading.ExecutionContext.Run(ExecutionContext executionContext, ContextCallback callback, Object state)\r\n   at NUnit.Framework.Internal.ContextUtils.DoIsolated(ContextCallback callback, Object state)\r\n   at NUnit.Framework.Internal.ContextUtils.DoIsolated[T](Func`1 func)\r\n   at NUnit.Framework.Internal.Execution.SimpleWorkItem.PerformWork()\n","DisplayName":"AddVideo_ShouldAddVideo","Messages":[],"ComputerName":"353CBX3","Duration":"00:00:00.0030150","StartTime":"2024-06-05T15:11:41.927922+00:00","EndTime":"2024-06-05T15:11:41.9309372+00:00","Properties":[{"Key":{"Id":"NUnit.Seed","Label":"Seed","Category":"","Description":"","Attributes":0,"ValueType":"System.String"},"Value":"399131600"}]},{"TestCase":{"Id":"4b29803d-03c1-ed54-06eb-f905e7e90d82","FullyQualifiedName":"VideoStoreManagmentAPI.Test.Repositories.VideoRepositoryTests.DeleteVideo_ShouldDeleteVideo","DisplayName":"DeleteVideo_ShouldDeleteVideo","ExecutorUri":"executor://NUnit3TestExecutor","Source":"C:\\Users\\VC\\Downloads\\Daily_progress\\Mini_Project\\VideoStoreManagmentSoln\\Testing\\bin\\Debug\\net6.0\\fine-code-coverage\\build-output\\Testing.dll","CodeFilePath":null,"LineNumber":0,"Properties":[{"Key":{"Id":"NUnit.Seed","Label":"Seed","Category":"","Description":"","Attributes":0,"ValueType":"System.String"},"Value":"25671889"}]},"Attachments":[],"Outcome":2,"ErrorMessage":"Microsoft.EntityFrameworkCore.DbUpdateException : Required properties '{'Description'}' are missing for the instance of entity type 'Videos'. Consider using 'DbContextOptionsBuilder.EnableSensitiveDataLogging' to see the entity key value.","ErrorStackTrace":"   at Microsoft.EntityFrameworkCore.InMemory.Storage.Internal.InMemoryTable`1.ThrowNullabilityErrorException(IUpdateEntry entry, IList`1 nullabilityErrors)\r\n   at Microsoft.EntityFrameworkCore.InMemory.Storage.Internal.InMemoryTable`1.Create(IUpdateEntry entry)\r\n   at Microsoft.EntityFrameworkCore.InMemory.Storage.Internal.InMemoryStore.ExecuteTransaction(IList`1 entries, IDiagnosticsLogger`1 updateLogger)\r\n   at Microsoft.EntityFrameworkCore.InMemory.Storage.Internal.InMemoryDatabase.SaveChangesAsync(IList`1 entries, CancellationToken cancellationToken)\r\n   at Microsoft.EntityFrameworkCore.ChangeTracking.Internal.StateManager.SaveChangesAsync(IList`1 entriesToSave, CancellationToken cancellationToken)\r\n   at Microsoft.EntityFrameworkCore.ChangeTracking.Internal.StateManager.SaveChangesAsync(StateManager stateManager, Boolean acceptAllChangesOnSuccess, CancellationToken cancellationToken)\r\n   at Microsoft.EntityFrameworkCore.DbContext.SaveChangesAsync(Boolean acceptAllChangesOnSuccess, CancellationToken cancellationToken)\r\n   at Microsoft.EntityFrameworkCore.DbContext.SaveChangesAsync(Boolean acceptAllChangesOnSuccess, CancellationToken cancellationToken)\r\n   at VideoStoreManagmentAPI.Test.Repositories.VideoRepositoryTests.DeleteVideo_ShouldDeleteVideo() in C:\\Users\\VC\\Downloads\\Daily_progress\\Mini_Project\\VideoStoreManagmentSoln\\Testing\\RepositoryTests\\VideoRepositoryTest.cs:line 175\r\n   at NUnit.Framework.Internal.TaskAwaitAdapter.GenericAdapter`1.GetResult()\r\n   at NUnit.Framework.Internal.AsyncToSyncAdapter.Await(Func`1 invoke)\r\n   at NUnit.Framework.Internal.Commands.TestMethodCommand.RunTestMethod(TestExecutionContext context)\r\n   at NUnit.Framework.Internal.Commands.TestMethodCommand.Execute(TestExecutionContext context)\r\n   at NUnit.Framework.Internal.Execution.SimpleWorkItem.<>c__DisplayClass4_0.<PerformWork>b__0()\r\n   at NUnit.Framework.Internal.ContextUtils.<>c__DisplayClass1_0`1.<DoIsolated>b__0(Object _)\r\n   at System.Threading.ExecutionContext.RunInternal(ExecutionContext executionContext, ContextCallback callback, Object state)\r\n--- End of stack trace from previous location ---\r\n   at System.Threading.ExecutionContext.RunInternal(ExecutionContext executionContext, ContextCallback callback, Object state)\r\n   at System.Threading.ExecutionContext.Run(ExecutionContext executionContext, ContextCallback callback, Object state)\r\n   at NUnit.Framework.Internal.ContextUtils.DoIsolated(ContextCallback callback, Object state)\r\n   at NUnit.Framework.Internal.ContextUtils.DoIsolated[T](Func`1 func)\r\n   at NUnit.Framework.Internal.Execution.SimpleWorkItem.PerformWork()\n","DisplayName":"DeleteVideo_ShouldDeleteVideo","Messages":[],"ComputerName":"353CBX3","Duration":"00:00:00.0025600","StartTime":"2024-06-05T15:11:41.9309592+00:00","EndTime":"2024-06-05T15:11:41.9335192+00:00","Properties":[{"Key":{"Id":"NUnit.Seed","Label":"Seed","Category":"","Description":"","Attributes":0,"ValueType":"System.String"},"Value":"25671889"}]},{"TestCase":{"Id":"04bd1025-e67e-7eec-3b71-8b4c994764af","FullyQualifiedName":"VideoStoreManagmentAPI.Test.Repositories.VideoRepositoryTests.DeleteVideo_ShouldThrowNoVideoWithGivenVideoIDException","DisplayName":"DeleteVideo_ShouldThrowNoVideoWithGivenVideoIDException","ExecutorUri":"executor://NUnit3TestExecutor","Source":"C:\\Users\\VC\\Downloads\\Daily_progress\\Mini_Project\\VideoStoreManagmentSoln\\Testing\\bin\\Debug\\net6.0\\fine-code-coverage\\build-output\\Testing.dll","CodeFilePath":null,"LineNumber":0,"Properties":[{"Key":{"Id":"NUnit.Seed","Label":"Seed","Category":"","Description":"","Attributes":0,"ValueType":"System.String"},"Value":"63859019"}]},"Attachments":[],"Outcome":1,"ErrorMessage":null,"ErrorStackTrace":null,"DisplayName":"DeleteVideo_ShouldThrowNoVideoWithGivenVideoIDException","Messages":[],"ComputerName":"353CBX3","Duration":"00:00:00.0016000","StartTime":"2024-06-05T15:11:41.9335424+00:00","EndTime":"2024-06-05T15:11:41.9351425+00:00","Properties":[{"Key":{"Id":"NUnit.Seed","Label":"Seed","Category":"","Description":"","Attributes":0,"ValueType":"System.String"},"Value":"63859019"}]}],"TestRunStatistics":{"ExecutedTests":27,"Stats":{"Passed":14,"Failed":13}},"ActiveTests":[{"Id":"314731af-ae54-d677-0877-8c5510c78bc6","FullyQualifiedName":"VideoStoreManagmentAPI.Test.Repositories.VideoRepositoryTests.GetAllVideos_ShouldReturnAllVideos","DisplayName":"GetAllVideos_ShouldReturnAllVideos","ExecutorUri":"executor://NUnit3TestExecutor","Source":"C:\\Users\\VC\\Downloads\\Daily_progress\\Mini_Project\\VideoStoreManagmentSoln\\Testing\\bin\\Debug\\net6.0\\fine-code-coverage\\build-output\\Testing.dll","CodeFilePath":null,"LineNumber":0,"Properties":[{"Key":{"Id":"NUnit.Seed","Label":"Seed","Category":"","Description":"","Attributes":0,"ValueType":"System.String"},"Value":"471492350"}]}]}}
TpTrace Verbose: 0 : 7324, 13, 2024/06/05, 20:41:41.940, 845243576462, vstest.console.dll, TestRunRequest:SendTestRunStatsChange: Starting.
TpTrace Verbose: 0 : 7324, 13, 2024/06/05, 20:41:41.940, 845243577155, vstest.console.dll, InProgress is GetAllVideos_ShouldReturnAllVideos
TpTrace Verbose: 0 : 7324, 13, 2024/06/05, 20:41:41.940, 845243577928, vstest.console.dll, MulticastDelegateUtilities.SafeInvoke: TestRun.RunStatsChanged: Invoking callbacks was skipped because there are no subscribers.
TpTrace Information: 0 : 7324, 13, 2024/06/05, 20:41:41.940, 845243578275, vstest.console.dll, TestRunRequest:SendTestRunStatsChange: Completed.
TpTrace Verbose: 0 : 7324, 13, 2024/06/05, 20:41:41.940, 845243578623, vstest.console.dll, MulticastDelegateUtilities.SafeInvoke: LengthPrefixCommunicationChannel: MessageReceived: Invoking callback 1/1 for Microsoft.VisualStudio.TestPlatform.CommunicationUtilities.TestRequestSender+<>c__DisplayClass34_0., took 2 ms.
TpTrace Verbose: 0 : 7324, 13, 2024/06/05, 20:41:41.940, 845243579007, vstest.console.dll, TcpClientExtensions.MessageLoopAsync: Polling on remoteEndPoint: 127.0.0.1:60605 localEndPoint: 127.0.0.1:60604 after 31 ms
TpTrace Verbose: 0 : 7324, 4, 2024/06/05, 20:41:41.941, 845243581944, vstest.console.dll, MulticastDelegateUtilities.SafeInvoke: InternalTestLoggerEvents.SendTestResult: Invoking callback 1/1 for Microsoft.VisualStudio.TestPlatform.CommandLine.Internal.ConsoleLogger., took 0 ms.
TpTrace Verbose: 0 : 7324, 4, 2024/06/05, 20:41:41.942, 845243591151, vstest.console.dll, MulticastDelegateUtilities.SafeInvoke: InternalTestLoggerEvents.SendTestResult: Invoking callback 1/1 for Microsoft.VisualStudio.TestPlatform.CommandLine.Internal.ConsoleLogger., took 0 ms.
TpTrace Verbose: 0 : 7324, 4, 2024/06/05, 20:41:41.942, 845243594063, vstest.console.dll, MulticastDelegateUtilities.SafeInvoke: InternalTestLoggerEvents.SendTestResult: Invoking callback 1/1 for Microsoft.VisualStudio.TestPlatform.CommandLine.Internal.ConsoleLogger., took 0 ms.
TpTrace Verbose: 0 : 7324, 4, 2024/06/05, 20:41:41.943, 845243600763, vstest.console.dll, MulticastDelegateUtilities.SafeInvoke: InternalTestLoggerEvents.SendTestResult: Invoking callback 1/1 for Microsoft.VisualStudio.TestPlatform.CommandLine.Internal.ConsoleLogger., took 0 ms.
TpTrace Verbose: 0 : 7324, 4, 2024/06/05, 20:41:41.943, 845243602300, vstest.console.dll, MulticastDelegateUtilities.SafeInvoke: InternalTestLoggerEvents.SendTestResult: Invoking callback 1/1 for Microsoft.VisualStudio.TestPlatform.CommandLine.Internal.ConsoleLogger., took 0 ms.
TpTrace Verbose: 0 : 7324, 4, 2024/06/05, 20:41:41.943, 845243607976, vstest.console.dll, MulticastDelegateUtilities.SafeInvoke: InternalTestLoggerEvents.SendTestResult: Invoking callback 1/1 for Microsoft.VisualStudio.TestPlatform.CommandLine.Internal.ConsoleLogger., took 0 ms.
TpTrace Verbose: 0 : 7324, 4, 2024/06/05, 20:41:41.944, 845243617206, vstest.console.dll, MulticastDelegateUtilities.SafeInvoke: InternalTestLoggerEvents.SendTestResult: Invoking callback 1/1 for Microsoft.VisualStudio.TestPlatform.CommandLine.Internal.ConsoleLogger., took 0 ms.
TpTrace Verbose: 0 : 7324, 4, 2024/06/05, 20:41:41.946, 845243637491, vstest.console.dll, MulticastDelegateUtilities.SafeInvoke: InternalTestLoggerEvents.SendTestResult: Invoking callback 1/1 for Microsoft.VisualStudio.TestPlatform.CommandLine.Internal.ConsoleLogger., took 1 ms.
TpTrace Verbose: 0 : 7324, 4, 2024/06/05, 20:41:41.946, 845243639257, vstest.console.dll, MulticastDelegateUtilities.SafeInvoke: InternalTestLoggerEvents.SendTestResult: Invoking callback 1/1 for Microsoft.VisualStudio.TestPlatform.CommandLine.Internal.ConsoleLogger., took 0 ms.
TpTrace Verbose: 0 : 7324, 13, 2024/06/05, 20:41:41.965, 845243825927, vstest.console.dll, TcpClientExtensions.MessageLoopAsync: NotifyDataAvailable remoteEndPoint: 127.0.0.1:60605 localEndPoint: 127.0.0.1:60604
TpTrace Verbose: 0 : 7324, 13, 2024/06/05, 20:41:41.965, 845243827636, vstest.console.dll, TestRequestSender.OnExecutionMessageReceived: Received message: {"Version":7,"MessageType":"TestSession.Message","Payload":{"MessageLevel":0,"Message":"NUnit Adapter 4.4.0.0: Test execution complete"}}
TpTrace Verbose: 0 : 7324, 13, 2024/06/05, 20:41:41.965, 845243828843, vstest.console.dll, TestRunRequest:SendTestRunMessage: Starting.
TpTrace Verbose: 0 : 7324, 13, 2024/06/05, 20:41:41.965, 845243829406, vstest.console.dll, MulticastDelegateUtilities.SafeInvoke: TestRun.LogMessages: Invoking callback 1/1 for Microsoft.VisualStudio.TestPlatform.CommandLine.TestRunResultAggregator., took 0 ms.
TpTrace Information: 0 : 7324, 13, 2024/06/05, 20:41:41.965, 845243829825, vstest.console.dll, TestRunRequest:SendTestRunMessage: Completed.
TpTrace Verbose: 0 : 7324, 13, 2024/06/05, 20:41:41.965, 845243830092, vstest.console.dll, MulticastDelegateUtilities.SafeInvoke: LengthPrefixCommunicationChannel: MessageReceived: Invoking callback 1/1 for Microsoft.VisualStudio.TestPlatform.CommunicationUtilities.TestRequestSender+<>c__DisplayClass34_0., took 0 ms.
TpTrace Verbose: 0 : 7324, 13, 2024/06/05, 20:41:41.965, 845243830380, vstest.console.dll, TcpClientExtensions.MessageLoopAsync: Polling on remoteEndPoint: 127.0.0.1:60605 localEndPoint: 127.0.0.1:60604 after 25 ms
TpTrace Verbose: 0 : 7324, 4, 2024/06/05, 20:41:41.966, 845243831893, vstest.console.dll, MulticastDelegateUtilities.SafeInvoke: InternalTestLoggerEvents.SendTestRunMessage: Invoking callback 1/1 for Microsoft.VisualStudio.TestPlatform.CommandLine.Internal.ConsoleLogger., took 0 ms.
TpTrace Verbose: 0 : 7324, 13, 2024/06/05, 20:41:41.986, 845244036819, vstest.console.dll, TcpClientExtensions.MessageLoopAsync: NotifyDataAvailable remoteEndPoint: 127.0.0.1:60605 localEndPoint: 127.0.0.1:60604
TpTrace Verbose: 0 : 7324, 13, 2024/06/05, 20:41:41.987, 845244041992, vstest.console.dll, TestRequestSender.OnExecutionMessageReceived: Received message: {"Version":7,"MessageType":"TestExecution.Completed","Payload":{"TestRunCompleteArgs":{"TestRunStatistics":{"ExecutedTests":32,"Stats":{"Passed":16,"Failed":16}},"IsCanceled":false,"IsAborted":false,"Error":null,"AttachmentSets":[],"InvokedDataCollectors":[],"ElapsedTimeInRunningTests":"00:00:01.3442142","Metrics":{},"DiscoveredExtensions":{"TestDiscoverers":["NUnit.VisualStudio.TestAdapter.NUnit3TestDiscoverer, NUnit3.TestAdapter, Version=4.4.0.0, Culture=neutral, PublicKeyToken=4cb40d35494691ac"],"TestExecutors":["executor://NUnit3TestExecutor"],"TestExecutors2":[],"TestSettingsProviders":[]}},"LastRunTests":{"NewTestResults":[{"TestCase":{"Id":"314731af-ae54-d677-0877-8c5510c78bc6","FullyQualifiedName":"VideoStoreManagmentAPI.Test.Repositories.VideoRepositoryTests.GetAllVideos_ShouldReturnAllVideos","DisplayName":"GetAllVideos_ShouldReturnAllVideos","ExecutorUri":"executor://NUnit3TestExecutor","Source":"C:\\Users\\VC\\Downloads\\Daily_progress\\Mini_Project\\VideoStoreManagmentSoln\\Testing\\bin\\Debug\\net6.0\\fine-code-coverage\\build-output\\Testing.dll","CodeFilePath":null,"LineNumber":0,"Properties":[{"Key":{"Id":"NUnit.Seed","Label":"Seed","Category":"","Description":"","Attributes":0,"ValueType":"System.String"},"Value":"471492350"}]},"Attachments":[],"Outcome":2,"ErrorMessage":"Microsoft.EntityFrameworkCore.DbUpdateException : Required properties '{'Description'}' are missing for the instance of entity type 'Videos'. Consider using 'DbContextOptionsBuilder.EnableSensitiveDataLogging' to see the entity key value.","ErrorStackTrace":"   at Microsoft.EntityFrameworkCore.InMemory.Storage.Internal.InMemoryTable`1.ThrowNullabilityErrorException(IUpdateEntry entry, IList`1 nullabilityErrors)\r\n   at Microsoft.EntityFrameworkCore.InMemory.Storage.Internal.InMemoryTable`1.Create(IUpdateEntry entry)\r\n   at Microsoft.EntityFrameworkCore.InMemory.Storage.Internal.InMemoryStore.ExecuteTransaction(IList`1 entries, IDiagnosticsLogger`1 updateLogger)\r\n   at Microsoft.EntityFrameworkCore.InMemory.Storage.Internal.InMemoryDatabase.SaveChangesAsync(IList`1 entries, CancellationToken cancellationToken)\r\n   at Microsoft.EntityFrameworkCore.ChangeTracking.Internal.StateManager.SaveChangesAsync(IList`1 entriesToSave, CancellationToken cancellationToken)\r\n   at Microsoft.EntityFrameworkCore.ChangeTracking.Internal.StateManager.SaveChangesAsync(StateManager stateManager, Boolean acceptAllChangesOnSuccess, CancellationToken cancellationToken)\r\n   at Microsoft.EntityFrameworkCore.DbContext.SaveChangesAsync(Boolean acceptAllChangesOnSuccess, CancellationToken cancellationToken)\r\n   at Microsoft.EntityFrameworkCore.DbContext.SaveChangesAsync(Boolean acceptAllChangesOnSuccess, CancellationToken cancellationToken)\r\n   at VideoStoreManagmentAPI.Test.Repositories.VideoRepositoryTests.GetAllVideos_ShouldReturnAllVideos() in C:\\Users\\VC\\Downloads\\Daily_progress\\Mini_Project\\VideoStoreManagmentSoln\\Testing\\RepositoryTests\\VideoRepositoryTest.cs:line 39\r\n   at NUnit.Framework.Internal.TaskAwaitAdapter.GenericAdapter`1.GetResult()\r\n   at NUnit.Framework.Internal.AsyncToSyncAdapter.Await(Func`1 invoke)\r\n   at NUnit.Framework.Internal.Commands.TestMethodCommand.RunTestMethod(TestExecutionContext context)\r\n   at NUnit.Framework.Internal.Commands.TestMethodCommand.Execute(TestExecutionContext context)\r\n   at NUnit.Framework.Internal.Execution.SimpleWorkItem.<>c__DisplayClass4_0.<PerformWork>b__0()\r\n   at NUnit.Framework.Internal.ContextUtils.<>c__DisplayClass1_0`1.<DoIsolated>b__0(Object _)\r\n   at System.Threading.ExecutionContext.RunInternal(ExecutionContext executionContext, ContextCallback callback, Object state)\r\n--- End of stack trace from previous location ---\r\n   at System.Threading.ExecutionContext.RunInternal(ExecutionContext executionContext, ContextCallback callback, Object state)\r\n   at System.Threading.ExecutionContext.Run(ExecutionContext executionContext, ContextCallback callback, Object state)\r\n   at NUnit.Framework.Internal.ContextUtils.DoIsolated(ContextCallback callback, Object state)\r\n   at NUnit.Framework.Internal.ContextUtils.DoIsolated[T](Func`1 func)\r\n   at NUnit.Framework.Internal.Execution.SimpleWorkItem.PerformWork()\n","DisplayName":"GetAllVideos_ShouldReturnAllVideos","Messages":[],"ComputerName":"353CBX3","Duration":"00:00:00.0016960","StartTime":"2024-06-05T15:11:41.9351609+00:00","EndTime":"2024-06-05T15:11:41.9368567+00:00","Properties":[{"Key":{"Id":"NUnit.Seed","Label":"Seed","Category":"","Description":"","Attributes":0,"ValueType":"System.String"},"Value":"471492350"}]},{"TestCase":{"Id":"2b629d72-2ad6-8f3f-2f41-eea43d89c265","FullyQualifiedName":"VideoStoreManagmentAPI.Test.Repositories.VideoRepositoryTests.GetVideoById_ShouldReturnVideo","DisplayName":"GetVideoById_ShouldReturnVideo","ExecutorUri":"executor://NUnit3TestExecutor","Source":"C:\\Users\\VC\\Downloads\\Daily_progress\\Mini_Project\\VideoStoreManagmentSoln\\Testing\\bin\\Debug\\net6.0\\fine-code-coverage\\build-output\\Testing.dll","CodeFilePath":null,"LineNumber":0,"Properties":[{"Key":{"Id":"NUnit.Seed","Label":"Seed","Category":"","Description":"","Attributes":0,"ValueType":"System.String"},"Value":"2073015001"}]},"Attachments":[],"Outcome":2,"ErrorMessage":"Microsoft.EntityFrameworkCore.DbUpdateException : Required properties '{'Description'}' are missing for the instance of entity type 'Videos'. Consider using 'DbContextOptionsBuilder.EnableSensitiveDataLogging' to see the entity key value.","ErrorStackTrace":"   at Microsoft.EntityFrameworkCore.InMemory.Storage.Internal.InMemoryTable`1.ThrowNullabilityErrorException(IUpdateEntry entry, IList`1 nullabilityErrors)\r\n   at Microsoft.EntityFrameworkCore.InMemory.Storage.Internal.InMemoryTable`1.Create(IUpdateEntry entry)\r\n   at Microsoft.EntityFrameworkCore.InMemory.Storage.Internal.InMemoryStore.ExecuteTransaction(IList`1 entries, IDiagnosticsLogger`1 updateLogger)\r\n   at Microsoft.EntityFrameworkCore.InMemory.Storage.Internal.InMemoryDatabase.SaveChangesAsync(IList`1 entries, CancellationToken cancellationToken)\r\n   at Microsoft.EntityFrameworkCore.ChangeTracking.Internal.StateManager.SaveChangesAsync(IList`1 entriesToSave, CancellationToken cancellationToken)\r\n   at Microsoft.EntityFrameworkCore.ChangeTracking.Internal.StateManager.SaveChangesAsync(StateManager stateManager, Boolean acceptAllChangesOnSuccess, CancellationToken cancellationToken)\r\n   at Microsoft.EntityFrameworkCore.DbContext.SaveChangesAsync(Boolean acceptAllChangesOnSuccess, CancellationToken cancellationToken)\r\n   at Microsoft.EntityFrameworkCore.DbContext.SaveChangesAsync(Boolean acceptAllChangesOnSuccess, CancellationToken cancellationToken)\r\n   at VideoStoreManagmentAPI.Test.Repositories.VideoRepositoryTests.GetVideoById_ShouldReturnVideo() in C:\\Users\\VC\\Downloads\\Daily_progress\\Mini_Project\\VideoStoreManagmentSoln\\Testing\\RepositoryTests\\VideoRepositoryTest.cs:line 57\r\n   at NUnit.Framework.Internal.TaskAwaitAdapter.GenericAdapter`1.GetResult()\r\n   at NUnit.Framework.Internal.AsyncToSyncAdapter.Await(Func`1 invoke)\r\n   at NUnit.Framework.Internal.Commands.TestMethodCommand.RunTestMethod(TestExecutionContext context)\r\n   at NUnit.Framework.Internal.Commands.TestMethodCommand.Execute(TestExecutionContext context)\r\n   at NUnit.Framework.Internal.Execution.SimpleWorkItem.<>c__DisplayClass4_0.<PerformWork>b__0()\r\n   at NUnit.Framework.Internal.ContextUtils.<>c__DisplayClass1_0`1.<DoIsolated>b__0(Object _)\r\n   at System.Threading.ExecutionContext.RunInternal(ExecutionContext executionContext, ContextCallback callback, Object state)\r\n--- End of stack trace from previous location ---\r\n   at System.Threading.ExecutionContext.RunInternal(ExecutionContext executionContext, ContextCallback callback, Object state)\r\n   at System.Threading.ExecutionContext.Run(ExecutionContext executionContext, ContextCallback callback, Object state)\r\n   at NUnit.Framework.Internal.ContextUtils.DoIsolated(ContextCallback callback, Object state)\r\n   at NUnit.Framework.Internal.ContextUtils.DoIsolated[T](Func`1 func)\r\n   at NUnit.Framework.Internal.Execution.SimpleWorkItem.PerformWork()\n","DisplayName":"GetVideoById_ShouldReturnVideo","Messages":[],"ComputerName":"353CBX3","Duration":"00:00:00.0016400","StartTime":"2024-06-05T15:11:41.9368748+00:00","EndTime":"2024-06-05T15:11:41.9385151+00:00","Properties":[{"Key":{"Id":"NUnit.Seed","Label":"Seed","Category":"","Description":"","Attributes":0,"ValueType":"System.String"},"Value":"2073015001"}]},{"TestCase":{"Id":"a6e41bbd-912e-426b-c4a3-58fec639253e","FullyQualifiedName":"VideoStoreManagmentAPI.Test.Repositories.VideoRepositoryTests.GetVideoById_ShouldThrowNoVideoWithGivenVideoIDException","DisplayName":"GetVideoById_ShouldThrowNoVideoWithGivenVideoIDException","ExecutorUri":"executor://NUnit3TestExecutor","Source":"C:\\Users\\VC\\Downloads\\Daily_progress\\Mini_Project\\VideoStoreManagmentSoln\\Testing\\bin\\Debug\\net6.0\\fine-code-coverage\\build-output\\Testing.dll","CodeFilePath":null,"LineNumber":0,"Properties":[{"Key":{"Id":"NUnit.Seed","Label":"Seed","Category":"","Description":"","Attributes":0,"ValueType":"System.String"},"Value":"1134632737"}]},"Attachments":[],"Outcome":1,"ErrorMessage":null,"ErrorStackTrace":null,"DisplayName":"GetVideoById_ShouldThrowNoVideoWithGivenVideoIDException","Messages":[],"ComputerName":"353CBX3","Duration":"00:00:00.0016960","StartTime":"2024-06-05T15:11:41.938537+00:00","EndTime":"2024-06-05T15:11:41.9402332+00:00","Properties":[{"Key":{"Id":"NUnit.Seed","Label":"Seed","Category":"","Description":"","Attributes":0,"ValueType":"System.String"},"Value":"1134632737"}]},{"TestCase":{"Id":"d5c74f2d-e85b-3423-863d-a5ab0a916b83","FullyQualifiedName":"VideoStoreManagmentAPI.Test.Repositories.VideoRepositoryTests.UpdateVideo_ShouldThrowNoVideoWithGivenVideoIDException","DisplayName":"UpdateVideo_ShouldThrowNoVideoWithGivenVideoIDException","ExecutorUri":"executor://NUnit3TestExecutor","Source":"C:\\Users\\VC\\Downloads\\Daily_progress\\Mini_Project\\VideoStoreManagmentSoln\\Testing\\bin\\Debug\\net6.0\\fine-code-coverage\\build-output\\Testing.dll","CodeFilePath":null,"LineNumber":0,"Properties":[{"Key":{"Id":"NUnit.Seed","Label":"Seed","Category":"","Description":"","Attributes":0,"ValueType":"System.String"},"Value":"1285582316"}]},"Attachments":[],"Outcome":1,"ErrorMessage":null,"ErrorStackTrace":null,"DisplayName":"UpdateVideo_ShouldThrowNoVideoWithGivenVideoIDException","Messages":[],"ComputerName":"353CBX3","Duration":"00:00:00.0029020","StartTime":"2024-06-05T15:11:41.9402548+00:00","EndTime":"2024-06-05T15:11:41.9431564+00:00","Properties":[{"Key":{"Id":"NUnit.Seed","Label":"Seed","Category":"","Description":"","Attributes":0,"ValueType":"System.String"},"Value":"1285582316"}]},{"TestCase":{"Id":"b00468b0-4f2e-d577-6a91-db1bf631e0d9","FullyQualifiedName":"VideoStoreManagmentAPI.Test.Repositories.VideoRepositoryTests.UpdateVideo_ShouldUpdateVideo","DisplayName":"UpdateVideo_ShouldUpdateVideo","ExecutorUri":"executor://NUnit3TestExecutor","Source":"C:\\Users\\VC\\Downloads\\Daily_progress\\Mini_Project\\VideoStoreManagmentSoln\\Testing\\bin\\Debug\\net6.0\\fine-code-coverage\\build-output\\Testing.dll","CodeFilePath":null,"LineNumber":0,"Properties":[{"Key":{"Id":"NUnit.Seed","Label":"Seed","Category":"","Description":"","Attributes":0,"ValueType":"System.String"},"Value":"1657578529"}]},"Attachments":[],"Outcome":2,"ErrorMessage":"Microsoft.EntityFrameworkCore.DbUpdateException : Required properties '{'Description'}' are missing for the instance of entity type 'Videos'. Consider using 'DbContextOptionsBuilder.EnableSensitiveDataLogging' to see the entity key value.","ErrorStackTrace":"   at Microsoft.EntityFrameworkCore.InMemory.Storage.Internal.InMemoryTable`1.ThrowNullabilityErrorException(IUpdateEntry entry, IList`1 nullabilityErrors)\r\n   at Microsoft.EntityFrameworkCore.InMemory.Storage.Internal.InMemoryTable`1.Create(IUpdateEntry entry)\r\n   at Microsoft.EntityFrameworkCore.InMemory.Storage.Internal.InMemoryStore.ExecuteTransaction(IList`1 entries, IDiagnosticsLogger`1 updateLogger)\r\n   at Microsoft.EntityFrameworkCore.InMemory.Storage.Internal.InMemoryDatabase.SaveChangesAsync(IList`1 entries, CancellationToken cancellationToken)\r\n   at Microsoft.EntityFrameworkCore.ChangeTracking.Internal.StateManager.SaveChangesAsync(IList`1 entriesToSave, CancellationToken cancellationToken)\r\n   at Microsoft.EntityFrameworkCore.ChangeTracking.Internal.StateManager.SaveChangesAsync(StateManager stateManager, Boolean acceptAllChangesOnSuccess, CancellationToken cancellationToken)\r\n   at Microsoft.EntityFrameworkCore.DbContext.SaveChangesAsync(Boolean acceptAllChangesOnSuccess, CancellationToken cancellationToken)\r\n   at Microsoft.EntityFrameworkCore.DbContext.SaveChangesAsync(Boolean acceptAllChangesOnSuccess, CancellationToken cancellationToken)\r\n   at VideoStoreManagmentAPI.Test.Repositories.VideoRepositoryTests.UpdateVideo_ShouldUpdateVideo() in C:\\Users\\VC\\Downloads\\Daily_progress\\Mini_Project\\VideoStoreManagmentSoln\\Testing\\RepositoryTests\\VideoRepositoryTest.cs:line 117\r\n   at NUnit.Framework.Internal.TaskAwaitAdapter.GenericAdapter`1.GetResult()\r\n   at NUnit.Framework.Internal.AsyncToSyncAdapter.Await(Func`1 invoke)\r\n   at NUnit.Framework.Internal.Commands.TestMethodCommand.RunTestMethod(TestExecutionContext context)\r\n   at NUnit.Framework.Internal.Commands.TestMethodCommand.Execute(TestExecutionContext context)\r\n   at NUnit.Framework.Internal.Execution.SimpleWorkItem.<>c__DisplayClass4_0.<PerformWork>b__0()\r\n   at NUnit.Framework.Internal.ContextUtils.<>c__DisplayClass1_0`1.<DoIsolated>b__0(Object _)\r\n   at System.Threading.ExecutionContext.RunInternal(ExecutionContext executionContext, ContextCallback callback, Object state)\r\n--- End of stack trace from previous location ---\r\n   at System.Threading.ExecutionContext.RunInternal(ExecutionContext executionContext, ContextCallback callback, Object state)\r\n   at System.Threading.ExecutionContext.Run(ExecutionContext executionContext, ContextCallback callback, Object state)\r\n   at NUnit.Framework.Internal.ContextUtils.DoIsolated(ContextCallback callback, Object state)\r\n   at NUnit.Framework.Internal.ContextUtils.DoIsolated[T](Func`1 func)\r\n   at NUnit.Framework.Internal.Execution.SimpleWorkItem.PerformWork()\n","DisplayName":"UpdateVideo_ShouldUpdateVideo","Messages":[],"ComputerName":"353CBX3","Duration":"00:00:00.0049309","StartTime":"2024-06-05T15:11:41.9432289+00:00","EndTime":"2024-06-05T15:11:41.9481597+00:00","Properties":[{"Key":{"Id":"NUnit.Seed","Label":"Seed","Category":"","Description":"","Attributes":0,"ValueType":"System.String"},"Value":"1657578529"}]}],"TestRunStatistics":{"ExecutedTests":32,"Stats":{"Passed":16,"Failed":16}},"ActiveTests":[]},"RunAttachments":[],"ExecutorUris":["executor://nunit3testexecutor/"]}}
TpTrace Verbose: 0 : 7324, 13, 2024/06/05, 20:41:41.987, 845244044390, vstest.console.dll, TestRequestSender.EndSession: Sending end session.
TpTrace Verbose: 0 : 7324, 13, 2024/06/05, 20:41:41.987, 845244046282, vstest.console.dll, ProxyOperationManager.Close: waiting for test host to exit for 100 ms
TpTrace Verbose: 0 : 7324, 12, 2024/06/05, 20:41:42.001, 845244187128, vstest.console.dll, TestHostManagerCallbacks.ctor: Experimental forwarding output is disabled.
TpTrace Warning: 0 : 7324, 12, 2024/06/05, 20:41:42.001, 845244188889, vstest.console.dll, TestHostManagerCallbacks.ErrorReceivedCallback Test host standard error line: 
TpTrace Verbose: 0 : 7324, 12, 2024/06/05, 20:41:42.013, 845244307330, vstest.console.dll, TestHostProvider.ExitCallBack: Host exited starting callback.
TpTrace Information: 0 : 7324, 12, 2024/06/05, 20:41:42.013, 845244308708, vstest.console.dll, TestHostManagerCallbacks.ExitCallBack: Testhost processId: 22436 exited with exitcode: 0 error: ''
TpTrace Verbose: 0 : 7324, 12, 2024/06/05, 20:41:42.013, 845244309041, vstest.console.dll, DotnetTestHostManager.OnHostExited: invoking OnHostExited callback
TpTrace Verbose: 0 : 7324, 12, 2024/06/05, 20:41:42.013, 845244309523, vstest.console.dll, CrossPlatEngine.TestHostManagerHostExited: calling on client process exit callback.
TpTrace Information: 0 : 7324, 12, 2024/06/05, 20:41:42.013, 845244309961, vstest.console.dll, TestRequestSender.OnClientProcessExit: Test host process exited. Standard error: 
TpTrace Information: 0 : 7324, 12, 2024/06/05, 20:41:42.013, 845244310408, vstest.console.dll, SocketServer.Stop: Stop server endPoint: 127.0.0.1:60604
TpTrace Information: 0 : 7324, 12, 2024/06/05, 20:41:42.014, 845244310643, vstest.console.dll, SocketServer.Stop: Cancellation requested. Stopping message loop.
TpTrace Information: 0 : 7324, 13, 2024/06/05, 20:41:42.014, 845244311389, vstest.console.dll, SocketServer.Stop: Stop server endPoint: 127.0.0.1:60604
TpTrace Verbose: 0 : 7324, 12, 2024/06/05, 20:41:42.014, 845244311737, vstest.console.dll, MulticastDelegateUtilities.SafeInvoke: HostProviderEvents.OnHostExited: Invoking callback 1/1 for Microsoft.VisualStudio.TestPlatform.CrossPlatEngine.Client.ProxyOperationManager., took 0 ms.
TpTrace Information: 0 : 7324, 13, 2024/06/05, 20:41:42.014, 845244312428, vstest.console.dll, SocketServer.Stop: Cancellation requested. Stopping message loop.
TpTrace Information: 0 : 7324, 13, 2024/06/05, 20:41:42.014, 845244313593, vstest.console.dll, Closing the connection
TpTrace Verbose: 0 : 7324, 13, 2024/06/05, 20:41:42.014, 845244316178, vstest.console.dll, ProxyDataCollectionManager.InvokeDataCollectionServiceAction: Starting.
TpTrace Information: 0 : 7324, 13, 2024/06/05, 20:41:42.014, 845244316864, vstest.console.dll, ProxyDataCollectionManager.AfterTestRunEnd: Get attachment set and invoked data collectors processId: 9304 port: 60601
TpTrace Verbose: 0 : 7324, 13, 2024/06/05, 20:41:42.014, 845244317459, vstest.console.dll, DataCollectionRequestSender.SendAfterTestRunStartAndGetResult: Send AfterTestRunEnd message with isCancelled: False
TpTrace Verbose: 0 : 7324, 13, 2024/06/05, 20:41:42.019, 845244365860, vstest.console.dll, DataCollectionRequestSender.SendAfterTestRunStartAndGetResult: Received message: (DataCollection.AfterTestRunEndResult) -> {"MessageType":"DataCollection.AfterTestRunEndResult","Payload":{"AttachmentSets":[],"InvokedDataCollectors":[{"Uri":"datacollector://Microsoft/TestPlatform/Extensions/Blame/v1","FriendlyName":"Blame","AssemblyQualifiedName":"Microsoft.TestPlatform.Extensions.BlameDataCollector.BlameCollector, Microsoft.TestPlatform.Extensions.BlameDataCollector, Version=15.0.0.0, Culture=neutral, PublicKeyToken=b03f5f7f11d50a3a","FilePath":"C:\\Program Files\\dotnet\\sdk\\8.0.204\\Extensions\\Microsoft.TestPlatform.Extensions.BlameDataCollector.dll","HasAttachmentProcessor":false}],"Metrics":{}}}
TpTrace Warning: 0 : 7324, 10, 2024/06/05, 20:41:42.024, 845244414307, vstest.console.dll, DataCollectionLauncher.ErrorReceivedCallback datacollector standard error line: 
TpTrace Information: 0 : 7324, 13, 2024/06/05, 20:41:42.025, 845244420889, vstest.console.dll, ProxyDataCollectionManager.InvokeDataCollectionServiceAction: Completed.
TpTrace Information: 0 : 7324, 10, 2024/06/05, 20:41:42.030, 845244474021, vstest.console.dll, DataCollectionLauncher.ExitCallBack: Data collector exited with exitcode: 0 error: ''
TpTrace Verbose: 0 : 7324, 13, 2024/06/05, 20:41:42.053, 845244701071, vstest.console.dll, TestRunRequest:SendTestRunStatsChange: Starting.
TpTrace Verbose: 0 : 7324, 13, 2024/06/05, 20:41:42.053, 845244702435, vstest.console.dll, MulticastDelegateUtilities.SafeInvoke: TestRun.RunStatsChanged: Invoking callbacks was skipped because there are no subscribers.
TpTrace Information: 0 : 7324, 13, 2024/06/05, 20:41:42.053, 845244702695, vstest.console.dll, TestRunRequest:SendTestRunStatsChange: Completed.
TpTrace Verbose: 0 : 7324, 13, 2024/06/05, 20:41:42.053, 845244704929, vstest.console.dll, ParallelProxyExecutionManager: HandlePartialRunComplete: Total workloads = 1, Total started clients = 1 Total completed clients = 1, Run complete = True, Run canceled: False.
TpTrace Verbose: 0 : 7324, 13, 2024/06/05, 20:41:42.053, 845244705285, vstest.console.dll, ParallelProxyExecutionManager: HandlePartialRunComplete: All runs completed stopping all managers.
TpTrace Verbose: 0 : 7324, 13, 2024/06/05, 20:41:42.053, 845244705560, vstest.console.dll, ParallelOperationManager.StopAllManagers: Stopping all managers.
TpTrace Verbose: 0 : 7324, 13, 2024/06/05, 20:41:42.053, 845244705811, vstest.console.dll, ParallelOperationManager.ClearSlots: Clearing all slots. Slots should accept more work: False
TpTrace Verbose: 0 : 7324, 13, 2024/06/05, 20:41:42.053, 845244706245, vstest.console.dll, ParallelOperationManager.SetOccupiedSlotCount: Setting slot counts AvailableSlotCount = 1, OccupiedSlotCount = 0.
TpTrace Verbose: 0 : 7324, 13, 2024/06/05, 20:41:42.053, 845244706777, vstest.console.dll, Occupied slots:

TpTrace Verbose: 0 : 7324, 4, 2024/06/05, 20:41:42.053, 845244708305, vstest.console.dll, MulticastDelegateUtilities.SafeInvoke: InternalTestLoggerEvents.SendTestResult: Invoking callback 1/1 for Microsoft.VisualStudio.TestPlatform.CommandLine.Internal.ConsoleLogger., took 0 ms.
TpTrace Verbose: 0 : 7324, 4, 2024/06/05, 20:41:42.054, 845244714427, vstest.console.dll, MulticastDelegateUtilities.SafeInvoke: InternalTestLoggerEvents.SendTestResult: Invoking callback 1/1 for Microsoft.VisualStudio.TestPlatform.CommandLine.Internal.ConsoleLogger., took 0 ms.
TpTrace Verbose: 0 : 7324, 4, 2024/06/05, 20:41:42.054, 845244716709, vstest.console.dll, MulticastDelegateUtilities.SafeInvoke: InternalTestLoggerEvents.SendTestResult: Invoking callback 1/1 for Microsoft.VisualStudio.TestPlatform.CommandLine.Internal.ConsoleLogger., took 0 ms.
TpTrace Verbose: 0 : 7324, 4, 2024/06/05, 20:41:42.054, 845244719289, vstest.console.dll, MulticastDelegateUtilities.SafeInvoke: InternalTestLoggerEvents.SendTestResult: Invoking callback 1/1 for Microsoft.VisualStudio.TestPlatform.CommandLine.Internal.ConsoleLogger., took 0 ms.
TpTrace Verbose: 0 : 7324, 4, 2024/06/05, 20:41:42.055, 845244723535, vstest.console.dll, MulticastDelegateUtilities.SafeInvoke: InternalTestLoggerEvents.SendTestResult: Invoking callback 1/1 for Microsoft.VisualStudio.TestPlatform.CommandLine.Internal.ConsoleLogger., took 0 ms.
TpTrace Verbose: 0 : 7324, 4, 2024/06/05, 20:41:42.060, 845244780445, vstest.console.dll, MulticastDelegateUtilities.SafeInvoke: InternalTestLoggerEvents.SendTestRunComplete: Invoking callback 1/2 for Microsoft.TestPlatform.Extensions.BlameDataCollector.BlameLogger., took 0 ms.
TpTrace Verbose: 0 : 7324, 4, 2024/06/05, 20:41:42.065, 845244830019, vstest.console.dll, MulticastDelegateUtilities.SafeInvoke: InternalTestLoggerEvents.SendTestRunComplete: Invoking callback 2/2 for Microsoft.VisualStudio.TestPlatform.CommandLine.Internal.ConsoleLogger., took 4 ms.
TpTrace Verbose: 0 : 7324, 13, 2024/06/05, 20:41:42.066, 845244832999, vstest.console.dll, TestRunRequest:TestRunComplete: Starting. IsAborted:False IsCanceled:False.
TpTrace Verbose: 0 : 7324, 13, 2024/06/05, 20:41:42.066, 845244834872, vstest.console.dll, ParallelOperationManager.DoActionOnAllManagers: Calling an action on all managers.
TpTrace Verbose: 0 : 7324, 13, 2024/06/05, 20:41:42.067, 845244841685, vstest.console.dll, TestLoggerManager.HandleTestRunComplete: Ignoring as the object is disposed.
TpTrace Verbose: 0 : 7324, 13, 2024/06/05, 20:41:42.067, 845244843170, vstest.console.dll, MulticastDelegateUtilities.SafeInvoke: TestRun.TestRunComplete: Invoking callback 1/2 for Microsoft.VisualStudio.TestPlatform.CommandLine.TestRunResultAggregator., took 0 ms.
TpTrace Verbose: 0 : 7324, 13, 2024/06/05, 20:41:42.067, 845244844027, vstest.console.dll, MulticastDelegateUtilities.SafeInvoke: TestRun.TestRunComplete: Invoking callback 2/2 for Microsoft.VisualStudio.TestPlatform.CommandLine.Processors.RunTestsArgumentExecutor+TestRunRequestEventsRegistrar., took 0 ms.
TpTrace Information: 0 : 7324, 13, 2024/06/05, 20:41:42.067, 845244844745, vstest.console.dll, TestRunRequest:TestRunComplete: Completed.
TpTrace Verbose: 0 : 7324, 13, 2024/06/05, 20:41:42.067, 845244845037, vstest.console.dll, TestRequestSender.SetOperationComplete: Setting operation complete.
TpTrace Information: 0 : 7324, 13, 2024/06/05, 20:41:42.067, 845244845258, vstest.console.dll, SocketServer.Stop: Stop server endPoint: 127.0.0.1:60604
TpTrace Information: 0 : 7324, 13, 2024/06/05, 20:41:42.067, 845244845462, vstest.console.dll, SocketServer.Stop: Cancellation requested. Stopping message loop.
TpTrace Verbose: 0 : 7324, 13, 2024/06/05, 20:41:42.067, 845244845741, vstest.console.dll, MulticastDelegateUtilities.SafeInvoke: LengthPrefixCommunicationChannel: MessageReceived: Invoking callback 1/1 for Microsoft.VisualStudio.TestPlatform.CommunicationUtilities.TestRequestSender+<>c__DisplayClass34_0., took 80 ms.
TpTrace Information: 0 : 7324, 13, 2024/06/05, 20:41:42.067, 845244846080, vstest.console.dll, SocketServer.PrivateStop: Stopping server endPoint: 127.0.0.1:60604 error: 
TpTrace Verbose: 0 : 7324, 1, 2024/06/05, 20:41:42.067, 845244846697, vstest.console.dll, TestRunRequest.Dispose: Starting.
TpTrace Information: 0 : 7324, 1, 2024/06/05, 20:41:42.067, 845244847477, vstest.console.dll, TestRunRequest.Dispose: Completed.
TpTrace Information: 0 : 7324, 1, 2024/06/05, 20:41:42.067, 845244847922, vstest.console.dll, TestRequestManager.RunTests: run tests completed.
TpTrace Information: 0 : 7324, 1, 2024/06/05, 20:41:42.067, 845244848618, vstest.console.dll, RunTestsArgumentProcessor:Execute: Test run is completed.
TpTrace Verbose: 0 : 7324, 13, 2024/06/05, 20:41:42.067, 845244849762, vstest.console.dll, LengthPrefixCommunicationChannel.Dispose: Dispose reader and writer.
TpTrace Information: 0 : 7324, 13, 2024/06/05, 20:41:42.068, 845244850478, vstest.console.dll, SocketServer.Stop: Raise disconnected event endPoint: 127.0.0.1:60604 error: 
TpTrace Verbose: 0 : 7324, 1, 2024/06/05, 20:41:42.068, 845244851041, vstest.console.dll, Executor.Execute: Exiting with exit code of 1
TpTrace Verbose: 0 : 7324, 13, 2024/06/05, 20:41:42.068, 845244851121, vstest.console.dll, TestRequestSender: OnTestRunAbort: Operation is already complete. Skip error message.
TpTrace Verbose: 0 : 7324, 13, 2024/06/05, 20:41:42.068, 845244852027, vstest.console.dll, MulticastDelegateUtilities.SafeInvoke: SocketServer: ClientDisconnected: Invoking callback 1/1 for Microsoft.VisualStudio.TestPlatform.CommunicationUtilities.TestRequestSender., took 0 ms.
TpTrace Verbose: 0 : 7324, 13, 2024/06/05, 20:41:42.068, 845244852558, vstest.console.dll, TcpClientExtensions.MessageLoopAsync: exiting MessageLoopAsync remoteEndPoint: 127.0.0.1:60605 localEndPoint: 127.0.0.1:60604
